<?xml version="1.0" encoding="UTF-8"?>
<testsuite xmlns:xsi="http://www.w3.org/2001/XMLSchema-instance" xsi:noNamespaceSchemaLocation="https://maven.apache.org/surefire/maven-surefire-plugin/xsd/surefire-test-report-3.0.xsd" version="3.0" name="tests.positive.PetGetTest" time="2.953" tests="2" errors="0" skipped="0" failures="0">
  <properties>
[...]
</properties>
  <testcase name="deberiaObtenerMascotaExistentePorId" classname="tests.positive.PetGetTest" time="1.732">
    <system-out><![CDATA[Request method:	POST
Request URI:	https://petstore.swagger.io:443/v2/pet
Proxy:			<none>
Request params:	<none>
Query params:	<none>
Form params:	<none>
Path params:	<none>
Headers:		Accept=*/*
				Content-Type=application/json
Cookies:		<none>
Multiparts:		<none>
Body:
{
    "id": 1,
    "name": "Firulais",
    "status": "available"
}
Request method:	POST
Request URI:	https://petstore.swagger.io:443/v2/pet
Proxy:			<none>
Request params:	<none>
Query params:	<none>
Form params:	<none>
Path params:	<none>
Headers:		Accept=*/*
				Content-Type=application/json
Cookies:		<none>
Multiparts:		<none>
Body:
{
    "id": 1,
    "name": "Firulais",
    "status": "available"
}
Request method:	POST
Request URI:	https://petstore.swagger.io:443/v2/pet
Proxy:			<none>
Request params:	<none>
Query params:	<none>
Form params:	<none>
Path params:	<none>
Headers:		Accept=*/*
				Content-Type=application/json
Cookies:		<none>
Multiparts:		<none>
Body:
{
    "id": 1,
    "name": "Firulais",
    "status": "available"
}
Request method:	POST
Request URI:	https://petstore.swagger.io:443/v2/pet
Proxy:			<none>
Request params:	<none>
Query params:	<none>
Form params:	<none>
Path params:	<none>
Headers:		Accept=*/*
				Content-Type=application/json
Cookies:		<none>
Multiparts:		<none>
Body:
{
    "id": 1,
    "name": "Firulais",
    "status": "available"
}
Request method:	POST
Request URI:	https://petstore.swagger.io:443/v2/pet
Proxy:			<none>
Request params:	<none>
Query params:	<none>
Form params:	<none>
Path params:	<none>
Headers:		Accept=*/*
				Content-Type=application/json
Cookies:		<none>
Multiparts:		<none>
Body:
{
    "id": 1,
    "name": "Firulais",
    "status": "available"
}
HTTP/1.1 200 OK
Date: Mon, 07 Sep 2026 02:36:46 GMT
Content-Type: application/json
Transfer-Encoding: chunked
Connection: keep-alive
Access-Control-Allow-Origin: *
Access-Control-Allow-Methods: GET, POST, DELETE, PUT
Access-Control-Allow-Headers: Content-Type, api_key, Authorization
Server: Jetty(9.2.9.v20150224)

{
    "id": 1,
    "name": "Firulais",
    "photoUrls": [
        
    ],
    "tags": [
        
    ],
    "status": "available"
}
HTTP/1.1 200 OK
Date: Mon, 07 Sep 2026 02:36:46 GMT
Content-Type: application/json
Transfer-Encoding: chunked
Connection: keep-alive
Access-Control-Allow-Origin: *
Access-Control-Allow-Methods: GET, POST, DELETE, PUT
Access-Control-Allow-Headers: Content-Type, api_key, Authorization
Server: Jetty(9.2.9.v20150224)

{
    "id": 1,
    "name": "Firulais",
    "photoUrls": [
        
    ],
    "tags": [
        
    ],
    "status": "available"
}
HTTP/1.1 200 OK
Date: Mon, 07 Sep 2026 02:36:46 GMT
Content-Type: application/json
Transfer-Encoding: chunked
Connection: keep-alive
Access-Control-Allow-Origin: *
Access-Control-Allow-Methods: GET, POST, DELETE, PUT
Access-Control-Allow-Headers: Content-Type, api_key, Authorization
Server: Jetty(9.2.9.v20150224)

{
    "id": 1,
    "name": "Firulais",
    "photoUrls": [
        
    ],
    "tags": [
        
    ],
    "status": "available"
}
HTTP/1.1 200 OK
Date: Mon, 07 Sep 2026 02:36:46 GMT
Content-Type: application/json
Transfer-Encoding: chunked
Connection: keep-alive
Access-Control-Allow-Origin: *
Access-Control-Allow-Methods: GET, POST, DELETE, PUT
Access-Control-Allow-Headers: Content-Type, api_key, Authorization
Server: Jetty(9.2.9.v20150224)

{
    "id": 1,
    "name": "Firulais",
    "photoUrls": [
        
    ],
    "tags": [
        
    ],
    "status": "available"
}
HTTP/1.1 200 OK
Date: Mon, 07 Sep 2026 02:36:46 GMT
Content-Type: application/json
Transfer-Encoding: chunked
Connection: keep-alive
Access-Control-Allow-Origin: *
Access-Control-Allow-Methods: GET, POST, DELETE, PUT
Access-Control-Allow-Headers: Content-Type, api_key, Authorization
Server: Jetty(9.2.9.v20150224)

{
    "id": 1,
    "name": "Firulais",
    "photoUrls": [
        
    ],
    "tags": [
        
    ],
    "status": "available"
}
Request method:	GET
Request URI:	https://petstore.swagger.io:443/v2/pet/1
Proxy:			<none>
Request params:	<none>
Query params:	<none>
Form params:	<none>
Path params:	petId=1
Headers:		Accept=*/*
Cookies:		<none>
Multiparts:		<none>
Body:			<none>
Request method:	GET
Request URI:	https://petstore.swagger.io:443/v2/pet/1
Proxy:			<none>
Request params:	<none>
Query params:	<none>
Form params:	<none>
Path params:	petId=1
Headers:		Accept=*/*
Cookies:		<none>
Multiparts:		<none>
Body:			<none>
Request method:	GET
Request URI:	https://petstore.swagger.io:443/v2/pet/1
Proxy:			<none>
Request params:	<none>
Query params:	<none>
Form params:	<none>
Path params:	petId=1
Headers:		Accept=*/*
Cookies:		<none>
Multiparts:		<none>
Body:			<none>
Request method:	GET
Request URI:	https://petstore.swagger.io:443/v2/pet/1
Proxy:			<none>
Request params:	<none>
Query params:	<none>
Form params:	<none>
Path params:	petId=1
Headers:		Accept=*/*
Cookies:		<none>
Multiparts:		<none>
Body:			<none>
Request method:	GET
Request URI:	https://petstore.swagger.io:443/v2/pet/1
Proxy:			<none>
Request params:	<none>
Query params:	<none>
Form params:	<none>
Path params:	petId=1
Headers:		Accept=*/*
Cookies:		<none>
Multiparts:		<none>
Body:			<none>
HTTP/1.1 200 OK
Date: Mon, 07 Sep 2026 02:36:47 GMT
Content-Type: application/json
Transfer-Encoding: chunked
Connection: keep-alive
Access-Control-Allow-Origin: *
Access-Control-Allow-Methods: GET, POST, DELETE, PUT
Access-Control-Allow-Headers: Content-Type, api_key, Authorization
Server: Jetty(9.2.9.v20150224)

{
    "id": 1,
    "name": "Firulais",
    "photoUrls": [
        
    ],
    "tags": [
        
    ],
    "status": "available"
}
HTTP/1.1 200 OK
Date: Mon, 07 Sep 2026 02:36:47 GMT
Content-Type: application/json
Transfer-Encoding: chunked
Connection: keep-alive
Access-Control-Allow-Origin: *
Access-Control-Allow-Methods: GET, POST, DELETE, PUT
Access-Control-Allow-Headers: Content-Type, api_key, Authorization
Server: Jetty(9.2.9.v20150224)

{
    "id": 1,
    "name": "Firulais",
    "photoUrls": [
        
    ],
    "tags": [
        
    ],
    "status": "available"
}
HTTP/1.1 200 OK
Date: Mon, 07 Sep 2026 02:36:47 GMT
Content-Type: application/json
Transfer-Encoding: chunked
Connection: keep-alive
Access-Control-Allow-Origin: *
Access-Control-Allow-Methods: GET, POST, DELETE, PUT
Access-Control-Allow-Headers: Content-Type, api_key, Authorization
Server: Jetty(9.2.9.v20150224)

{
    "id": 1,
    "name": "Firulais",
    "photoUrls": [
        
    ],
    "tags": [
        
    ],
    "status": "available"
}
HTTP/1.1 200 OK
Date: Mon, 07 Sep 2026 02:36:47 GMT
Content-Type: application/json
Transfer-Encoding: chunked
Connection: keep-alive
Access-Control-Allow-Origin: *
Access-Control-Allow-Methods: GET, POST, DELETE, PUT
Access-Control-Allow-Headers: Content-Type, api_key, Authorization
Server: Jetty(9.2.9.v20150224)

{
    "id": 1,
    "name": "Firulais",
    "photoUrls": [
        
    ],
    "tags": [
        
    ],
    "status": "available"
}
HTTP/1.1 200 OK
Date: Mon, 07 Sep 2026 02:36:47 GMT
Content-Type: application/json
Transfer-Encoding: chunked
Connection: keep-alive
Access-Control-Allow-Origin: *
Access-Control-Allow-Methods: GET, POST, DELETE, PUT
Access-Control-Allow-Headers: Content-Type, api_key, Authorization
Server: Jetty(9.2.9.v20150224)

{
    "id": 1,
    "name": "Firulais",
    "photoUrls": [
        
    ],
    "tags": [
        
    ],
    "status": "available"
}
]]></system-out>
  </testcase>
  <testcase name="deberiaObtenerMascotasPorEstadoDisponible" classname="tests.positive.PetGetTest" time="1.199">
    <system-out><![CDATA[Request method:	GET
Request URI:	https://petstore.swagger.io:443/v2/pet/findByStatus?status=available
Proxy:			<none>
Request params:	<none>
Query params:	status=available
Form params:	<none>
Path params:	<none>
Headers:		Accept=*/*
Cookies:		<none>
Multiparts:		<none>
Body:			<none>
Request method:	GET
Request URI:	https://petstore.swagger.io:443/v2/pet/findByStatus?status=available
Proxy:			<none>
Request params:	<none>
Query params:	status=available
Form params:	<none>
Path params:	<none>
Headers:		Accept=*/*
Cookies:		<none>
Multiparts:		<none>
Body:			<none>
Request method:	GET
Request URI:	https://petstore.swagger.io:443/v2/pet/findByStatus?status=available
Proxy:			<none>
Request params:	<none>
Query params:	status=available
Form params:	<none>
Path params:	<none>
Headers:		Accept=*/*
Cookies:		<none>
Multiparts:		<none>
Body:			<none>
Request method:	GET
Request URI:	https://petstore.swagger.io:443/v2/pet/findByStatus?status=available
Proxy:			<none>
Request params:	<none>
Query params:	status=available
Form params:	<none>
Path params:	<none>
Headers:		Accept=*/*
Cookies:		<none>
Multiparts:		<none>
Body:			<none>
Request method:	GET
Request URI:	https://petstore.swagger.io:443/v2/pet/findByStatus?status=available
Proxy:			<none>
Request params:	<none>
Query params:	status=available
Form params:	<none>
Path params:	<none>
Headers:		Accept=*/*
Cookies:		<none>
Multiparts:		<none>
Body:			<none>
HTTP/1.1 200 OK
Date: Mon, 07 Sep 2026 02:36:48 GMT
Content-Type: application/json
Transfer-Encoding: chunked
Connection: keep-alive
Access-Control-Allow-Origin: *
Access-Control-Allow-Methods: GET, POST, DELETE, PUT
Access-Control-Allow-Headers: Content-Type, api_key, Authorization
Server: Jetty(9.2.9.v20150224)

[
    {
        "id": 101040,
        "category": {
            "id": 0,
            "name": "string"
        },
        "name": "Duke",
        "photoUrls": [
            "string"
        ],
        "tags": [
            {
                "id": 0,
                "name": "Leo"
            }
        ],
        "status": "available"
    },
    {
        "id": 101041,
        "category": {
            "id": 0,
            "name": "string"
        },
        "name": "Molly",
        "photoUrls": [
            "string"
        ],
        "tags": [
            {
                "id": 0,
                "name": "Thor"
            }
        ],
        "status": "available"
    },
    {
        "id": 101042,
        "category": {
            "id": 0,
            "name": "string"
        },
        "name": "Rex",
        "photoUrls": [
            "string"
        ],
        "tags": [
            {
                "id": 0,
                "name": "Jasper"
            }
        ],
        "status": "available"
    },
    {
        "id": 101043,
        "category": {
            "id": 0,
            "name": "string"
        },
        "name": "Chloe",
        "photoUrls": [
            "string"
        ],
        "tags": [
            {
                "id": 0,
                "name": "Molly"
            }
        ],
        "status": "available"
    },
    {
        "id": 101044,
        "category": {
            "id": 0,
            "name": "string"
        },
        "name": "Bruno",
        "photoUrls": [
            "string"
        ],
        "tags": [
            {
                "id": 0,
                "name": "Rusty"
            }
        ],
        "status": "available"
    },
    {
        "id": 101045,
        "category": {
            "id": 0,
            "name": "string"
        },
        "name": "Zoey",
        "photoUrls": [
            "string"
        ],
        "tags": [
            {
                "id": 0,
                "name": "Bruno"
            }
        ],
        "status": "available"
    },
    {
        "id": 101046,
        "category": {
            "id": 0,
            "name": "string"
        },
        "name": "Cooper",
        "photoUrls": [
            "string"
        ],
        "tags": [
            {
                "id": 0,
                "name": "Harley"
            }
        ],
        "status": "available"
    },
    {
        "id": 101047,
        "category": {
            "id": 0,
            "name": "string"
        },
        "name": "Sophie",
        "photoUrls": [
            "string"
        ],
        "tags": [
            {
                "id": 0,
                "name": "Buster"
            }
        ],
        "status": "available"
    },
    {
        "id": 101048,
        "category": {
            "id": 0,
            "name": "string"
        },
        "name": "Diesel",
        "photoUrls": [
            "string"
        ],
        "tags": [
            {
                "id": 0,
                "name": "Simba"
            }
        ],
        "status": "available"
    },
    {
        "id": 101049,
        "category": {
            "id": 0,
            "name": "string"
        },
        "name": "Bailey",
        "photoUrls": [
            "string"
        ],
        "tags": [
            {
                "id": 0,
                "name": "Shadow"
            }
        ],
        "status": "available"
    },
    {
        "id": 101050,
        "category": {
            "id": 0,
            "name": "string"
        },
        "name": "Leo",
        "photoUrls": [
            "string"
        ],
        "tags": [
            {
                "id": 0,
                "name": "Ruby"
            }
        ],
        "status": "available"
    },
    {
        "id": 101051,
        "category": {
            "id": 0,
            "name": "string"
        },
        "name": "Nala",
        "photoUrls": [
            "string"
        ],
        "tags": [
            {
                "id": 0,
                "name": "Duke"
            }
        ],
        "status": "available"
    },
    {
        "id": 101052,
        "category": {
            "id": 0,
            "name": "string"
        },
        "name": "Simba",
        "photoUrls": [
            "string"
        ],
        "tags": [
            {
                "id": 0,
                "name": "Bruno"
            }
        ],
        "status": "available"
    },
    {
        "id": 101053,
        "category": {
            "id": 0,
            "name": "string"
        },
        "name": "Ruby",
        "photoUrls": [
            "string"
        ],
        "tags": [
            {
                "id": 0,
                "name": "Lola"
            }
        ],
        "status": "available"
    },
    {
        "id": 101054,
        "category": {
            "id": 0,
            "name": "string"
        },
        "name": "Thor",
        "photoUrls": [
            "string"
        ],
        "tags": [
            {
                "id": 0,
                "name": "Bruno"
            }
        ],
        "status": "available"
    },
    {
        "id": 101055,
        "category": {
            "id": 0,
            "name": "string"
        },
        "name": "Ginger",
        "photoUrls": [
            "string"
        ],
        "tags": [
            {
                "id": 0,
                "name": "Ace"
            }
        ],
        "status": "available"
    },
    {
        "id": 101056,
        "category": {
            "id": 0,
            "name": "string"
        },
        "name": "Zeus",
        "photoUrls": [
            "string"
        ],
        "tags": [
            {
                "id": 0,
                "name": "Benny"
            }
        ],
        "status": "available"
    },
    {
        "id": 101057,
        "category": {
            "id": 0,
            "name": "string"
        },
        "name": "Rosie",
        "photoUrls": [
            "string"
        ],
        "tags": [
            {
                "id": 0,
                "name": "Sadie"
            }
        ],
        "status": "available"
    },
    {
        "id": 101058,
        "category": {
            "id": 0,
            "name": "string"
        },
        "name": "Apollo",
        "photoUrls": [
            "string"
        ],
        "tags": [
            {
                "id": 0,
                "name": "Moose"
            }
        ],
        "status": "available"
    },
    {
        "id": 101059,
        "category": {
            "id": 0,
            "name": "string"
        },
        "name": "Coco",
        "photoUrls": [
            "string"
        ],
        "tags": [
            {
                "id": 0,
                "name": "Chloe"
            }
        ],
        "status": "available"
    },
    {
        "id": 790348,
        "category": {
            "id": 1,
            "name": "Dogs"
        },
        "name": "WorkflowDog-790348",
        "photoUrls": [
            "https://example.com/photo1.jpg"
        ],
        "tags": [
            {
                "id": 1,
                "name": "test-tag"
            }
        ],
        "status": "available"
    },
    {
        "id": 9223372016900017280,
        "category": {
            "id": 0,
            "name": "FISH NEMO"
        },
        "name": "NEMO FISH",
        "photoUrls": [
            "string"
        ],
        "tags": [
            {
                "id": 0,
                "name": "string"
            }
        ],
        "status": "available"
    },
    {
        "id": 1234321,
        "category": {
            "id": 0,
            "name": "Cat"
        },
        "name": "Pamuk",
        "photoUrls": [
            "string"
        ],
        "tags": [
            {
                "id": 0,
                "name": "My cute cat"
            }
        ],
        "status": "available"
    },
    {
        "id": 384365,
        "name": "Max-235305",
        "photoUrls": [
            
        ],
        "tags": [
            
        ],
        "status": "available"
    },
    {
        "id": 336297,
        "name": "Max-235305",
        "photoUrls": [
            
        ],
        "tags": [
            
        ],
        "status": "available"
    },
    {
        "id": 230625995,
        "category": {
            "id": 1132131,
            "name": "test_category"
        },
        "name": "test_pet_for_api_tool",
        "photoUrls": [
            "http://example.com/photo.jpg"
        ],
        "tags": [
            {
                "id": 0,
                "name": "test_tag"
            }
        ],
        "status": "available"
    },
    {
        "id": 154012060,
        "category": {
            "id": 1132131,
            "name": "test_category"
        },
        "name": "test_pet_for_api_tool",
        "photoUrls": [
            "http://example.com/photo.jpg"
        ],
        "tags": [
            {
                "id": 0,
                "name": "test_tag"
            }
        ],
        "status": "available"
    },
    {
        "id": 110,
        "category": {
            "id": 1980,
            "name": "cicmkkja"
        },
        "name": "doggie555",
        "photoUrls": [
            "string"
        ],
        "tags": [
            {
                "id": 0,
                "name": "string"
            }
        ],
        "status": "available"
    },
    {
        "id": 4204,
        "category": {
            "id": 0,
            "name": "dog"
        },
        "name": "Snoopy",
        "photoUrls": [
            "string"
        ],
        "tags": [
            {
                "id": 0,
                "name": "adoption"
            }
        ],
        "status": "available"
    },
    {
        "id": 4201,
        "category": {
            "id": 0,
            "name": "cat"
        },
        "name": "Garfield",
        "photoUrls": [
            "string"
        ],
        "tags": [
            {
                "id": 0,
                "name": "adoption"
            }
        ],
        "status": "available"
    },
    {
        "id": 906312255,
        "category": {
            "id": 1132131,
            "name": "test_category"
        },
        "name": "test_pet_for_api_tool",
        "photoUrls": [
            "http://example.com/photo.jpg"
        ],
        "tags": [
            {
                "id": 0,
                "name": "test_tag"
            }
        ],
        "status": "available"
    },
    {
        "id": 55555,
        "category": {
            "id": 4444,
            "name": "dogs"
        },
        "name": "Bobik",
        "photoUrls": [
            "string"
        ],
        "tags": [
            {
                "id": 0,
                "name": "string"
            }
        ],
        "status": "available"
    },
    {
        "id": 845511957,
        "category": {
            "id": 1132131,
            "name": "test_category"
        },
        "name": "test_pet_for_api_tool",
        "photoUrls": [
            "http://example.com/photo.jpg"
        ],
        "tags": [
            {
                "id": 0,
                "name": "test_tag"
            }
        ],
        "status": "available"
    },
    {
        "id": 69745597,
        "category": {
            "id": 81776001,
            "name": "anim incididunt"
        },
        "name": "doggie",
        "photoUrls": [
            "ut elit",
            "in"
        ],
        "tags": [
            {
                "id": -30941697,
                "name": "laborum"
            },
            {
                "id": -56138752,
                "name": "tempor incididunt"
            }
        ],
        "status": "available"
    },
    {
        "id": 970576,
        "category": {
            "id": 1,
            "name": "Dogs"
        },
        "name": "autoPet",
        "photoUrls": [
            "http://example.com/photo.jpg"
        ],
        "tags": [
            {
                "id": 1,
                "name": "тестик"
            }
        ],
        "status": "available"
    },
    {
        "id": 700844870,
        "category": {
            "id": 1132131,
            "name": "test_category"
        },
        "name": "test_pet_for_api_tool",
        "photoUrls": [
            "http://example.com/photo.jpg"
        ],
        "tags": [
            {
                "id": 0,
                "name": "test_tag"
            }
        ],
        "status": "available"
    },
    {
        "id": 34345345,
        "category": {
            "id": 0,
            "name": "string"
        },
        "photoUrls": [
            "string"
        ],
        "tags": [
            {
                "id": 0,
                "name": "string"
            }
        ],
        "status": "available"
    },
    {
        "id": 1986021135,
        "category": {
            "id": 1,
            "name": "AX2345LORT"
        },
        "name": "Atena",
        "photoUrls": [
            "string"
        ],
        "tags": [
            {
                "id": 20210812,
                "name": "data"
            }
        ],
        "status": "available"
    },
    {
        "id": 652226117,
        "category": {
            "id": 1132131,
            "name": "test_category"
        },
        "name": "test_pet_for_api_tool",
        "photoUrls": [
            "http://example.com/photo.jpg"
        ],
        "tags": [
            {
                "id": 0,
                "name": "test_tag"
            }
        ],
        "status": "available"
    },
    {
        "id": 256811511,
        "category": {
            "id": 1132131,
            "name": "test_category"
        },
        "name": "test_pet_for_api_tool",
        "photoUrls": [
            "http://example.com/photo.jpg"
        ],
        "tags": [
            {
                "id": 0,
                "name": "test_tag"
            }
        ],
        "status": "available"
    },
    {
        "id": 526484018,
        "category": {
            "id": 1132131,
            "name": "test_category"
        },
        "name": "test_pet_for_api_tool",
        "photoUrls": [
            "http://example.com/photo.jpg"
        ],
        "tags": [
            {
                "id": 0,
                "name": "test_tag"
            }
        ],
        "status": "available"
    },
    {
        "id": 2540,
        "name": "Ozzy",
        "photoUrls": [
            
        ],
        "tags": [
            
        ],
        "status": "available"
    },
    {
        "id": 14052,
        "category": {
            "id": 1,
            "name": "Dogs"
        },
        "name": "autoPet",
        "photoUrls": [
            "http://example.com/photo.jpg"
        ],
        "tags": [
            {
                "id": 1,
                "name": "тестик"
            }
        ],
        "status": "available"
    },
    {
        "id": 767484848,
        "category": {
            "id": 1132131,
            "name": "test_category"
        },
        "name": "test_pet_for_api_tool",
        "photoUrls": [
            "http://example.com/photo.jpg"
        ],
        "tags": [
            {
                "id": 0,
                "name": "test_tag"
            }
        ],
        "status": "available"
    },
    {
        "id": 210,
        "category": {
            "id": 0,
            "name": "string"
        },
        "name": "Pet210",
        "photoUrls": [
            "string"
        ],
        "tags": [
            {
                "id": 0,
                "name": "string"
            }
        ],
        "status": "available"
    },
    {
        "id": 335,
        "category": {
            "id": 0,
            "name": "string"
        },
        "name": "Pet335",
        "photoUrls": [
            "string"
        ],
        "tags": [
            {
                "id": 0,
                "name": "string"
            }
        ],
        "status": "available"
    },
    {
        "id": 369,
        "category": {
            "id": 0,
            "name": "string"
        },
        "name": "Pet369",
        "photoUrls": [
            "string"
        ],
        "tags": [
            {
                "id": 0,
                "name": "string"
            }
        ],
        "status": "available"
    },
    {
        "id": 207,
        "category": {
            "id": 0,
            "name": "string"
        },
        "name": "Pet207",
        "photoUrls": [
            "string"
        ],
        "tags": [
            {
                "id": 0,
                "name": "string"
            }
        ],
        "status": "available"
    },
    {
        "id": 642,
        "category": {
            "id": 0,
            "name": "string"
        },
        "name": "Pet642",
        "photoUrls": [
            "string"
        ],
        "tags": [
            {
                "id": 0,
                "name": "string"
            }
        ],
        "status": "available"
    },
    {
        "id": 234234,
        "category": {
            "id": 0,
            "name": "string"
        },
        "name": "doggie",
        "photoUrls": [
            "string"
        ],
        "tags": [
            {
                "id": 0,
                "name": "string"
            }
        ],
        "status": "available"
    },
    {
        "id": 1337,
        "name": "Bob the builder",
        "photoUrls": [
            "http://Bob the Builder.se",
            "http://Bob.trash"
        ],
        "tags": [
            
        ],
        "status": "available"
    },
    {
        "id": 884088,
        "category": {
            "id": 1,
            "name": "Dogs"
        },
        "name": "autoPet",
        "photoUrls": [
            "http://example.com/photo.jpg"
        ],
        "tags": [
            {
                "id": 1,
                "name": "тестик"
            }
        ],
        "status": "available"
    },
    {
        "id": 112,
        "category": {
            "id": 2,
            "name": "Tommy"
        },
        "name": "doggie",
        "photoUrls": [
            "string"
        ],
        "tags": [
            {
                "id": 0,
                "name": "Jacky"
            }
        ],
        "status": "available"
    },
    {
        "id": 112121212121,
        "category": {
            "id": 2,
            "name": "Tommy12"
        },
        "name": "doggie1",
        "photoUrls": [
            "string"
        ],
        "tags": [
            {
                "id": 0,
                "name": "Jack1y"
            }
        ],
        "status": "available"
    },
    {
        "id": 1158390486,
        "category": {
            "id": 1158390486,
            "name": "Dogs"
        },
        "name": "sqtcdxtgv",
        "photoUrls": [
            "https://gclnk.com/ynYpTObL"
        ],
        "tags": [
            {
                "id": 1158390486,
                "name": "FamilyDogs"
            }
        ],
        "status": "available"
    },
    {
        "id": 89,
        "category": {
            "id": 1,
            "name": "Dogs"
        },
        "name": "TestPet_1788719038167",
        "photoUrls": [
            "https://example.com/photo.jpg"
        ],
        "tags": [
            {
                "id": 1,
                "name": "test-tag"
            }
        ],
        "status": "available"
    },
    {
        "id": 867,
        "category": {
            "id": 0,
            "name": "Samsung"
        },
        "name": "Tiger",
        "photoUrls": [
            "string"
        ],
        "tags": [
            {
                "id": 0,
                "name": "string"
            }
        ],
        "status": "available"
    },
    {
        "id": 28075,
        "category": {
            "id": 4,
            "name": "Rabbits"
        },
        "name": "Charlie_28075",
        "photoUrls": [
            "https://example.com/pet_photos/28075.jpg"
        ],
        "tags": [
            {
                "id": 88,
                "name": "energetic"
            }
        ],
        "status": "available"
    },
    {
        "id": 403606,
        "category": {
            "id": 3,
            "name": "Birds"
        },
        "name": "Milo_403606",
        "photoUrls": [
            "https://example.com/pet_photos/403606.jpg"
        ],
        "tags": [
            {
                "id": 1,
                "name": "friendly"
            }
        ],
        "status": "available"
    },
    {
        "id": 763855,
        "category": {
            "id": 1,
            "name": "Dogs"
        },
        "name": "Tommy_763855",
        "photoUrls": [
            "https://example.com/pet_photos/763855.jpg"
        ],
        "tags": [
            {
                "id": 1,
                "name": "friendly"
            }
        ],
        "status": "available"
    },
    {
        "id": 287743,
        "category": {
            "id": 3,
            "name": "Birds"
        },
        "name": "Leo_287743",
        "photoUrls": [
            "https://example.com/pet_photos/287743.jpg"
        ],
        "tags": [
            {
                "id": 1,
                "name": "friendly"
            }
        ],
        "status": "available"
    },
    {
        "id": 9223372036854022425,
        "category": {
            "id": 0,
            "name": "Cute Lab Puppies"
        },
        "name": "Simba the lion",
        "photoUrls": [
            "https://images.app.goo.gl/TWFpB7qSfXDAzwkx9"
        ],
        "tags": [
            {
                "id": 0,
                "name": "Best friendly Breed"
            }
        ],
        "status": "available"
    },
    {
        "id": 500,
        "category": {
            "id": 0,
            "name": "lab"
        },
        "name": "doggie",
        "photoUrls": [
            "string"
        ],
        "tags": [
            {
                "id": 2500,
                "name": "lab"
            }
        ],
        "status": "available"
    },
    {
        "id": 1234,
        "category": {
            "id": 0,
            "name": "rajju"
        },
        "name": "doggie",
        "photoUrls": [
            "string"
        ],
        "tags": [
            {
                "id": 0,
                "name": "string"
            }
        ],
        "status": "available"
    },
    {
        "id": 344,
        "category": {
            "id": 0,
            "name": "string"
        },
        "name": "Doggie",
        "photoUrls": [
            "string"
        ],
        "tags": [
            {
                "id": 0,
                "name": "string"
            }
        ],
        "status": "available"
    },
    {
        "id": 14,
        "category": {
            "id": 1,
            "name": "lebrador"
        },
        "name": "tom",
        "photoUrls": [
            "string"
        ],
        "tags": [
            {
                "id": 1,
                "name": "simple"
            }
        ],
        "status": "available"
    },
    {
        "id": 767676,
        "category": {
            "id": 0,
            "name": "home-pet"
        },
        "name": "--NEW-DELIA----",
        "photoUrls": [
            "string"
        ],
        "tags": [
            {
                "id": 0,
                "name": "string"
            }
        ],
        "status": "available"
    },
    {
        "id": 222,
        "category": {
            "id": 222
        },
        "name": "lucky",
        "photoUrls": [
            ""
        ],
        "tags": [
            
        ],
        "status": "available"
    },
    {
        "id": 141133366,
        "category": {
            "id": 1132131,
            "name": "test_category"
        },
        "name": "test_pet_for_api_tool",
        "photoUrls": [
            "http://example.com/photo.jpg"
        ],
        "tags": [
            {
                "id": 0,
                "name": "test_tag"
            }
        ],
        "status": "available"
    },
    {
        "id": 921630453,
        "category": {
            "id": 1132131,
            "name": "test_category"
        },
        "name": "test_pet_for_api_tool",
        "photoUrls": [
            "http://example.com/photo.jpg"
        ],
        "tags": [
            {
                "id": 0,
                "name": "test_tag"
            }
        ],
        "status": "available"
    },
    {
        "id": 20260906021002,
        "category": {
            "id": 1,
            "name": "laboratory"
        },
        "name": "lab2-pet-20260906",
        "photoUrls": [
            "https://example.com/lab2-pet.png"
        ],
        "tags": [
            {
                "id": 1,
                "name": "lab2"
            }
        ],
        "status": "available"
    },
    {
        "id": 288890,
        "category": {
            "id": 0,
            "name": ""
        },
        "name": "Jerry",
        "photoUrls": [
            
        ],
        "tags": [
            {
                "id": 0,
                "name": ""
            }
        ],
        "status": "available"
    },
    {
        "id": 9223372036854775001,
        "category": {
            "id": 0,
            "name": "string"
        },
        "name": "doggie",
        "photoUrls": [
            "string"
        ],
        "tags": [
            {
                "id": 0,
                "name": "string"
            }
        ],
        "status": "available"
    },
    {
        "id": 102,
        "category": {
            "id": 0,
            "name": "Katze"
        },
        "name": "Tom",
        "photoUrls": [
            "string"
        ],
        "tags": [
            {
                "id": 0,
                "name": "string"
            }
        ],
        "status": "available"
    },
    {
        "id": 9404,
        "category": {
            "id": 10,
            "name": "string"
        },
        "name": "doggie",
        "photoUrls": [
            "string",
            "string"
        ],
        "tags": [
            {
                "id": 4548,
                "name": "string"
            },
            {
                "id": 1135,
                "name": "string"
            }
        ],
        "status": "available"
    },
    {
        "id": 1244086,
        "name": "doggie",
        "photoUrls": [
            
        ],
        "tags": [
            
        ],
        "status": "available"
    },
    {
        "id": 962,
        "category": {
            "id": 4444,
            "name": "dog"
        },
        "name": "Simba",
        "photoUrls": [
            "string"
        ],
        "tags": [
            {
                "id": 0,
                "name": "string"
            }
        ],
        "status": "available"
    },
    {
        "id": 23,
        "category": {
            "id": 0,
            "name": "Serenity"
        },
        "name": "doggie",
        "photoUrls": [
            "https://unsplash.com/s/photos/cute-dog"
        ],
        "tags": [
            {
                "id": 23,
                "name": "Tippu"
            }
        ],
        "status": "available"
    },
    {
        "id": 616161,
        "category": {
            "id": 0,
            "name": "string"
        },
        "name": "string",
        "photoUrls": [
            "string"
        ],
        "tags": [
            {
                "id": 616161,
                "name": "string"
            }
        ],
        "status": "available"
    },
    {
        "id": 824,
        "category": {
            "id": 0,
            "name": "string"
        },
        "name": "Heather",
        "photoUrls": [
            "string"
        ],
        "tags": [
            {
                "id": 0,
                "name": "string"
            }
        ],
        "status": "available"
    },
    {
        "id": 970,
        "category": {
            "id": 0,
            "name": "string"
        },
        "photoUrls": [
            "link"
        ],
        "tags": [
            {
                "id": 0,
                "name": "string"
            }
        ],
        "status": "available"
    },
    {
        "id": 893,
        "category": {
            "id": 0,
            "name": "string"
        },
        "photoUrls": [
            
        ],
        "tags": [
            {
                "id": 0,
                "name": "string"
            }
        ],
        "status": "available"
    },
    {
        "id": 9223372036854774915,
        "category": {
            "id": 456,
            "name": "string"
        },
        "name": "Nemo fish",
        "photoUrls": [
            "https://www.google.com/url?sa=i&url=https%3A%2F%2Fwww.pond-planet.co.uk%2Fblog%2Ftropical-fish-for-beginners%2F&psig=AOvVaw3ncYgEL1idw9tzja96EVr8&ust=1729448236083000&source=images&cd=vfe&opi=89978449&ved=0CBMQjRxqFwoTCMDkzfCGm4kDFQAAAAAdAAAAABAE"
        ],
        "tags": [
            {
                "id": 0,
                "name": "fishes"
            }
        ],
        "status": "available"
    },
    {
        "id": 2916217,
        "category": {
            "id": 72709064,
            "name": "proident enim"
        },
        "name": "doggie",
        "photoUrls": [
            "ut laboris",
            "exercitation incididunt sit"
        ],
        "tags": [
            {
                "id": 41489136,
                "name": "dolor dolore et"
            },
            {
                "id": 48842304,
                "name": "ut mollit ex cupidatat consectetur"
            }
        ],
        "status": "available"
    },
    {
        "id": 1788725126137,
        "category": {
            "id": 1,
            "name": "Dogs"
        },
        "name": "API Contract Pet",
        "photoUrls": [
            "https://example.com/photo.jpg"
        ],
        "tags": [
            {
                "id": 1,
                "name": "friendly"
            }
        ],
        "status": "available"
    },
    {
        "id": 717171,
        "category": {
            "id": 0,
            "name": "string"
        },
        "name": "{{petName}}",
        "photoUrls": [
            "string"
        ],
        "tags": [
            {
                "id": 0,
                "name": "string"
            }
        ],
        "status": "available"
    },
    {
        "id": 1155,
        "category": {
            "id": 0,
            "name": "Cats"
        },
        "name": "Mirringo",
        "photoUrls": [
            "string"
        ],
        "tags": [
            {
                "id": 1,
                "name": "Gato negro"
            },
            {
                "id": 2,
                "name": "Gato Gris"
            },
            {
                "id": 3,
                "name": "Gato Gris"
            }
        ],
        "status": "available"
    },
    {
        "id": 1156,
        "category": {
            "id": 0,
            "name": "Dogs"
        },
        "name": "Cody Alberto",
        "photoUrls": [
            "string"
        ],
        "tags": [
            {
                "id": 1,
                "name": "Perro Negro"
            },
            {
                "id": 2,
                "name": "Perro Blanco"
            },
            {
                "id": 3,
                "name": "Perro Blanco"
            }
        ],
        "status": "available"
    },
    {
        "id": 1157,
        "category": {
            "id": 0,
            "name": "Rabbit"
        },
        "name": "Cone",
        "photoUrls": [
            "string"
        ],
        "tags": [
            {
                "id": 1,
                "name": "Conejo Blanco"
            },
            {
                "id": 2,
                "name": "Conejo Marron"
            },
            {
                "id": 3,
                "name": "Conejo Marron"
            }
        ],
        "status": "available"
    },
    {
        "id": 2334563,
        "category": {
            "id": 2,
            "name": "dog"
        },
        "name": "doggie-yoggie",
        "photoUrls": [
            
        ],
        "tags": [
            
        ],
        "status": "available"
    },
    {
        "id": 840282,
        "category": {
            "id": 1,
            "name": "Animale Dolofane"
        },
        "name": "Panda",
        "photoUrls": [
            "/test"
        ],
        "tags": [
            {
                "id": 0,
                "name": "string"
            }
        ],
        "status": "available"
    },
    {
        "id": 16192485,
        "category": {
            "id": 62291983,
            "name": "consectetur nostrud"
        },
        "name": "doggie",
        "photoUrls": [
            "ipsum incididunt in",
            "magna ullamco et"
        ],
        "tags": [
            {
                "id": 25068722,
                "name": "velit dolore labore"
            },
            {
                "id": 75633110,
                "name": "tempor sunt quis et officia"
            }
        ],
        "status": "available"
    },
    {
        "id": 44287874,
        "category": {
            "id": 56142504,
            "name": "proident in culpa"
        },
        "name": "doggie",
        "photoUrls": [
            "deserunt nisi occaecat adipisicing elit",
            "volup"
        ],
        "tags": [
            {
                "id": 75841058,
                "name": "enim elit labore aute"
            },
            {
                "id": 81012343,
                "name": "ullamco eiusmod aute pariatur"
            }
        ],
        "status": "available"
    },
    {
        "id": 879789789790381,
        "category": {
            "id": 0,
            "name": "string"
        },
        "name": "Snoopdoggie",
        "photoUrls": [
            "string"
        ],
        "tags": [
            {
                "id": 0,
                "name": "string"
            }
        ],
        "status": "available"
    },
    {
        "id": 103,
        "category": {
            "id": 103,
            "name": "Mouse"
        },
        "name": "Jerry",
        "photoUrls": [
            "MouseURL"
        ],
        "tags": [
            {
                "id": 1003,
                "name": "Little"
            }
        ],
        "status": "available"
    },
    {
        "id": 6089,
        "category": {
            "id": 6089,
            "name": "nemo 1"
        },
        "name": "fishs",
        "photoUrls": [
            "https://w.forfun.com/fetch/ec/ec21683f58319755608a051e2a73c659.jpeg"
        ],
        "tags": [
            {
                "id": 0,
                "name": "string"
            }
        ],
        "status": "available"
    },
    {
        "id": 42185241,
        "category": {
            "id": -36607462,
            "name": "occaecat minim"
        },
        "name": "doggie",
        "photoUrls": [
            "Duis ea dolor anim",
            "Lorem quis deserunt occaecat"
        ],
        "tags": [
            {
                "id": -22418181,
                "name": "ipsum sit ad"
            },
            {
                "id": 47214278,
                "name": "Lorem nulla"
            }
        ],
        "status": "available"
    },
    {
        "id": 72638067,
        "category": {
            "id": 61967468,
            "name": "Duis eiusmod non voluptat"
        },
        "name": "doggie",
        "photoUrls": [
            "deserunt Duis qui",
            "dolor in voluptate"
        ],
        "tags": [
            {
                "id": -36386852,
                "name": "e"
            },
            {
                "id": 77359864,
                "name": "velit"
            }
        ],
        "status": "available"
    },
    {
        "id": 44037029,
        "category": {
            "id": 55461079,
            "name": "Мурка"
        },
        "name": "Котичка",
        "photoUrls": [
            "consequat sint tempor",
            "amet consequat labore"
        ],
        "tags": [
            {
                "id": 31524971,
                "name": "minim ut nostrud"
            },
            {
                "id": -48012393,
                "name": "dolor sunt"
            }
        ],
        "status": "available"
    },
    {
        "id": 60687598,
        "category": {
            "id": 75968968,
            "name": "irure repr"
        },
        "name": "doggie",
        "photoUrls": [
            "cupidatat dolore tempor nostrud",
            "do reprehende"
        ],
        "tags": [
            {
                "id": -69000706,
                "name": "ut consectetur tempor amet"
            },
            {
                "id": 27016153,
                "name": "consequat"
            }
        ],
        "status": "available"
    },
    {
        "id": 99672469,
        "category": {
            "id": -72804219,
            "name": "velit occaecat enim"
        },
        "name": "doggie",
        "photoUrls": [
            "reprehenderit culpa",
            "sit labore consectetur i"
        ],
        "tags": [
            {
                "id": 89701623,
                "name": "aute"
            },
            {
                "id": -17583688,
                "name": "sed Duis Excepteur "
            }
        ],
        "status": "available"
    },
    {
        "id": 92233720169000944,
        "category": {
            "id": 0,
            "name": "fish"
        },
        "name": "Neikmo fish",
        "photoUrls": [
            "https://i.natgeofe.com/k/b6b9720a-1b63-4d14-849e-03dd415cd806/pufferfish-closeup_16x9.jpg?w=1200"
        ],
        "tags": [
            {
                "id": 0,
                "name": "string"
            }
        ],
        "status": "available"
    },
    {
        "id": 89012937,
        "category": {
            "id": -27522541,
            "name": "voluptate laborum elit ex"
        },
        "name": "doggie",
        "photoUrls": [
            "anim in occaecat dolore Excepteur",
            "ut minim dolor pariatur"
        ],
        "tags": [
            {
                "id": -59197242,
                "name": "sint Excepteur in"
            },
            {
                "id": -11301750,
                "name": "pariatur"
            }
        ],
        "status": "available"
    },
    {
        "id": 123,
        "category": {
            "id": 123,
            "name": "rosu1"
        },
        "name": "rosu1",
        "photoUrls": [
            
        ],
        "tags": [
            {
                "id": 123,
                "name": "rosu1"
            }
        ],
        "status": "available"
    },
    {
        "id": 14142084,
        "category": {
            "id": -86643235,
            "name": "in anim"
        },
        "name": "doggie",
        "photoUrls": [
            "Duis aute nostrud",
            "irure nisi cupida"
        ],
        "tags": [
            {
                "id": -74211391,
                "name": "esse qui elit"
            },
            {
                "id": -7539062,
                "name": "exercitation aliqua labore cupidatat"
            }
        ],
        "status": "available"
    },
    {
        "id": 15476522,
        "category": {
            "id": 85459667,
            "name": "minim cupidatat sunt nisi veniam"
        },
        "name": "doggie",
        "photoUrls": [
            "aliqua",
            "consectetur esse"
        ],
        "tags": [
            {
                "id": -18585804,
                "name": "quis Ut"
            },
            {
                "id": 3151360,
                "name": "quis ut deserunt dolor"
            }
        ],
        "status": "available"
    },
    {
        "id": 90786519,
        "category": {
            "id": 99414709,
            "name": "ut velit veniam"
        },
        "name": "doggie",
        "photoUrls": [
            "magna quis",
            "ut sit cillum commodo"
        ],
        "tags": [
            {
                "id": -22825790,
                "name": "Excepteur veniam"
            },
            {
                "id": 57872918,
                "name": "magna et"
            }
        ],
        "status": "available"
    },
    {
        "id": 16857494,
        "category": {
            "id": 22812970,
            "name": "Lorem"
        },
        "name": "doggie",
        "photoUrls": [
            "consectetur officia commodo",
            "mollit non"
        ],
        "tags": [
            {
                "id": -72572843,
                "name": "deserunt quis dolore aliquip eu"
            },
            {
                "id": -8902430,
                "name": "voluptate aliqua"
            }
        ],
        "status": "available"
    },
    {
        "id": 44403346,
        "category": {
            "id": -7356342,
            "name": "qui dolor"
        },
        "name": "doggie",
        "photoUrls": [
            "dolore mollit dolo",
            "qui in laborum "
        ],
        "tags": [
            {
                "id": 29212366,
                "name": "ullamc"
            },
            {
                "id": 68937462,
                "name": "et in sit"
            }
        ],
        "status": "available"
    },
    {
        "id": 85964529,
        "category": {
            "id": -85148330,
            "name": "eiusmod occaecat minim anim"
        },
        "name": "doggie",
        "photoUrls": [
            "sed eu nulla",
            "sed magna mollit"
        ],
        "tags": [
            {
                "id": -19521509,
                "name": "adipisicing in"
            },
            {
                "id": -44277506,
                "name": "mollit aliquip sed in"
            }
        ],
        "status": "available"
    },
    {
        "id": 9898989899,
        "category": {
            "id": 0,
            "name": "cat"
        },
        "name": "marko",
        "photoUrls": [
            "undefined"
        ],
        "tags": [
            {
                "id": 0,
                "name": "new"
            }
        ],
        "status": "available"
    },
    {
        "id": 989898989945421,
        "category": {
            "id": 9898989899,
            "name": "cat one's"
        },
        "name": "marko one love",
        "photoUrls": [
            "null"
        ],
        "tags": [
            {
                "id": 0,
                "name": "cat"
            }
        ],
        "status": "available"
    },
    {
        "id": 70586304,
        "category": {
            "id": 22059979,
            "name": "fish"
        },
        "name": "nemo",
        "photoUrls": [
            "tempor laboris",
            "https://klev26.ru/wp-content/uploads/b/d/4/bd40f13a82154aa08445aee40cf1186d.jpeg"
        ],
        "tags": [
            {
                "id": -16259777,
                "name": "qui veniam fugia"
            },
            {
                "id": 16047041,
                "name": "Duis ex ut"
            }
        ],
        "status": "available"
    },
    {
        "id": 70586304435,
        "category": {
            "id": 22059979,
            "name": "fishs"
        },
        "name": "nemo fish",
        "photoUrls": [
            "tempor laboris",
            "https://klev26.ru/wp-content/uploads/b/d/4/bd40f13a82154aa08445aee40cf1186d.jpeg"
        ],
        "tags": [
            {
                "id": -16259777,
                "name": "qui veniam fugia"
            },
            {
                "id": 16047041,
                "name": "Duis ex ut"
            }
        ],
        "status": "available"
    },
    {
        "id": 50002,
        "category": {
            "id": 0,
            "name": "string"
        },
        "name": "doggie",
        "photoUrls": [
            "string"
        ],
        "tags": [
            {
                "id": 0,
                "name": "string"
            }
        ],
        "status": "available"
    },
    {
        "id": 5786256,
        "category": {
            "id": -44713072,
            "name": "reprehenderit irure"
        },
        "name": "doggie",
        "photoUrls": [
            "ut nisi ea tempor",
            "reprehenderit"
        ],
        "tags": [
            {
                "id": -18411144,
                "name": "aliqua reprehenderit"
            },
            {
                "id": 86685319,
                "name": "minim reprehenderit laboris c"
            }
        ],
        "status": "available"
    },
    {
        "id": 80,
        "category": {
            "id": 10,
            "name": "Рыба"
        },
        "name": "Дружок",
        "photoUrls": [
            "esse Ut elit",
            "sint magna"
        ],
        "tags": [
            {
                "id": -36555706,
                "name": "voluptate dolor nulla labore"
            },
            {
                "id": 3842154,
                "name": "deserunt "
            }
        ],
        "status": "available"
    },
    {
        "id": 25253093,
        "category": {
            "id": -8712087,
            "name": "incididunt ullamco Lorem pariatur"
        },
        "name": "doggie",
        "photoUrls": [
            "in nulla",
            "consequat officia aliqua sint"
        ],
        "tags": [
            {
                "id": 1776061,
                "name": "pariatur Excepteur"
            },
            {
                "id": -16418227,
                "name": "cupidatat eu est veniam"
            }
        ],
        "status": "available"
    },
    {
        "id": 74784015,
        "category": {
            "id": -66411488,
            "name": "velit"
        },
        "name": "doggie",
        "photoUrls": [
            "Ut",
            "culpa consectetur aliqua adipisicing"
        ],
        "tags": [
            {
                "id": 17942317,
                "name": "consectetur laboris pariatur proid"
            },
            {
                "id": 62813114,
                "name": "sint"
            }
        ],
        "status": "available"
    },
    {
        "id": 9879,
        "category": {
            "id": 900,
            "name": "dogs"
        },
        "name": "Pushok",
        "photoUrls": [
            "string"
        ],
        "tags": [
            {
                "id": 0,
                "name": "string"
            }
        ],
        "status": "available"
    },
    {
        "id": 147,
        "category": {
            "id": 0,
            "name": "Labrador"
        },
        "name": "Shaun",
        "photoUrls": [
            "string"
        ],
        "tags": [
            {
                "id": 147,
                "name": "Cute-lab"
            }
        ],
        "status": "available"
    },
    {
        "id": 6666,
        "category": {
            "id": 2,
            "name": "for"
        },
        "name": "fun",
        "photoUrls": [
            "string"
        ],
        "tags": [
            {
                "id": 0,
                "name": "string"
            }
        ],
        "status": "available"
    },
    {
        "id": 555111222333,
        "category": {
            "id": 0,
            "name": "string"
        },
        "name": "test",
        "photoUrls": [
            "string"
        ],
        "tags": [
            {
                "id": 0,
                "name": "string"
            }
        ],
        "status": "available"
    },
    {
        "id": 8,
        "category": {
            "id": 3,
            "name": "Pete"
        },
        "name": "Doge",
        "photoUrls": [
            "string"
        ],
        "tags": [
            {
                "id": 6,
                "name": "Cate"
            }
        ],
        "status": "available"
    },
    {
        "id": 19764410,
        "category": {
            "id": -5476781,
            "name": "quis sit aute anim"
        },
        "name": "doggie",
        "photoUrls": [
            "commodo elit irure",
            "quis consequat deserunt eu eiusmod"
        ],
        "tags": [
            {
                "id": 24327777,
                "name": "nostrud sed"
            },
            {
                "id": -89952348,
                "name": "sunt aliquip"
            }
        ],
        "status": "available"
    },
    {
        "id": 112233,
        "category": {
            "id": 30,
            "name": "Eq-dog"
        },
        "name": "Postman",
        "photoUrls": [
            "URLLink"
        ],
        "tags": [
            {
                "id": 10,
                "name": "Doberman"
            }
        ],
        "status": "available"
    },
    {
        "id": 2900270,
        "category": {
            "id": -54796499,
            "name": "deserunt occaecat proid"
        },
        "name": "doggie",
        "photoUrls": [
            "aliqua ipsum dolor ex mollit",
            "eiusmod"
        ],
        "tags": [
            {
                "id": -46754783,
                "name": "adipisicing deserunt sint"
            },
            {
                "id": 83307683,
                "name": "laborum"
            }
        ],
        "status": "available"
    },
    {
        "id": 99443176,
        "category": {
            "id": 70265227,
            "name": "cons"
        },
        "name": "doggie",
        "photoUrls": [
            "amet deserunt anim",
            "volup"
        ],
        "tags": [
            {
                "id": 4652912,
                "name": "nostr"
            },
            {
                "id": -63785388,
                "name": "deserunt esse ullamco commodo"
            }
        ],
        "status": "available"
    },
    {
        "id": 5270697,
        "category": {
            "id": 86672200,
            "name": "sunt nulla quis"
        },
        "name": "doggie",
        "photoUrls": [
            "ut voluptate amet nulla",
            "aliquip velit sunt"
        ],
        "tags": [
            {
                "id": 13740046,
                "name": "dolore in aliquip in"
            },
            {
                "id": -88982321,
                "name": "sint incididunt"
            }
        ],
        "status": "available"
    },
    {
        "id": 20,
        "category": {
            "id": 1,
            "name": "dog_category"
        },
        "name": "dogname1",
        "photoUrls": [
            "string"
        ],
        "tags": [
            {
                "id": 1,
                "name": "dogname1"
            }
        ],
        "status": "available"
    },
    {
        "id": 29311189,
        "category": {
            "id": 55752576,
            "name": "est do"
        },
        "name": "doggie",
        "photoUrls": [
            "eu",
            "qui do"
        ],
        "tags": [
            {
                "id": 79015766,
                "name": "est veniam sint et"
            },
            {
                "id": 18397334,
                "name": "ut occaecat"
            }
        ],
        "status": "available"
    },
    {
        "id": 44528,
        "category": {
            "id": 1,
            "name": "dog"
        },
        "name": "dog",
        "photoUrls": [
            "src/test/resources/images/dog.jpg"
        ],
        "tags": [
            {
                "id": 1,
                "name": "dog"
            }
        ],
        "status": "available"
    },
    {
        "id": 9929928,
        "category": {
            "id": 1,
            "name": "maya"
        },
        "name": "maya",
        "photoUrls": [
            "src/test/resources/images/dog.jpg"
        ],
        "tags": [
            {
                "id": 1,
                "name": "maya"
            }
        ],
        "status": "available"
    },
    {
        "id": 4786480,
        "category": {
            "id": 1,
            "name": "kara"
        },
        "name": "kara",
        "photoUrls": [
            "src/test/resources/images/dog.jpg"
        ],
        "tags": [
            {
                "id": 1,
                "name": "kara"
            }
        ],
        "status": "available"
    },
    {
        "id": 624110,
        "category": {
            "id": 3,
            "name": "Birds"
        },
        "name": "Max_624110",
        "photoUrls": [
            "https://example.com/pet_photos/624110.jpg"
        ],
        "tags": [
            {
                "id": 68,
                "name": "trained"
            }
        ],
        "status": "available"
    },
    {
        "id": 66048,
        "category": {
            "id": 4,
            "name": "Rabbits"
        },
        "name": "Oscar_66048",
        "photoUrls": [
            "https://example.com/pet_photos/66048.jpg"
        ],
        "tags": [
            {
                "id": 1,
                "name": "friendly"
            }
        ],
        "status": "available"
    },
    {
        "id": 169834,
        "category": {
            "id": 2,
            "name": "Cats"
        },
        "name": "Zeus_169834",
        "photoUrls": [
            "https://example.com/pet_photos/169834.jpg"
        ],
        "tags": [
            {
                "id": 1,
                "name": "friendly"
            }
        ],
        "status": "available"
    },
    {
        "id": 721229,
        "category": {
            "id": 2,
            "name": "Cats"
        },
        "name": "Tommy_721229",
        "photoUrls": [
            "https://example.com/pet_photos/721229.jpg"
        ],
        "tags": [
            {
                "id": 1,
                "name": "friendly"
            }
        ],
        "status": "available"
    },
    {
        "id": 33,
        "category": {
            "id": 1,
            "name": "Hydra"
        },
        "name": "Princess",
        "photoUrls": [
            "https://gods-and-demons.fandom.com/wiki/Lernaean_Hydra?file=Venture_the_fog_hydra_by_darkcloud013_dbpdkjn-fullview.jpg"
        ],
        "tags": [
            {
                "id": 2,
                "name": "cute"
            }
        ],
        "status": "available"
    },
    {
        "id": 990002,
        "name": "MirrorPetTwo",
        "photoUrls": [
            
        ],
        "tags": [
            
        ],
        "status": "available"
    },
    {
        "id": 990003,
        "name": "MirrorPetThree",
        "photoUrls": [
            
        ],
        "tags": [
            
        ],
        "status": "available"
    },
    {
        "id": 1916,
        "category": {
            "id": 0,
            "name": "Dogs"
        },
        "name": "alaska",
        "photoUrls": [
            "string"
        ],
        "tags": [
            {
                "id": 0,
                "name": "string"
            }
        ],
        "status": "available"
    },
    {
        "id": 4,
        "category": {
            "id": 0,
            "name": "sibérien"
        },
        "name": "chat1",
        "photoUrls": [
            "string"
        ],
        "tags": [
            {
                "id": 0,
                "name": "chat2"
            }
        ],
        "status": "available"
    },
    {
        "id": 24670195,
        "category": {
            "id": 95348937,
            "name": "amet elit"
        },
        "name": "doggie",
        "photoUrls": [
            "laborum occaecat amet velit",
            "consectetur officia c"
        ],
        "tags": [
            {
                "id": 90598410,
                "name": "Ut laboris"
            },
            {
                "id": -94876850,
                "name": "irure occaecat Lorem sit anim"
            }
        ],
        "status": "available"
    },
    {
        "id": 1488148814881488,
        "category": {
            "id": 0,
            "name": "string"
        },
        "name": "Ruthie_Rippin",
        "photoUrls": [
            "string"
        ],
        "tags": [
            {
                "id": 0,
                "name": "string"
            }
        ],
        "status": "available"
    },
    {
        "id": 25,
        "category": {
            "id": 0,
            "name": "string"
        },
        "name": "Fede",
        "photoUrls": [
            "string"
        ],
        "tags": [
            {
                "id": 0,
                "name": "string"
            }
        ],
        "status": "available"
    },
    {
        "id": 191,
        "name": "cutie",
        "photoUrls": [
            
        ],
        "tags": [
            
        ],
        "status": "available"
    },
    {
        "id": 114647,
        "category": {
            "id": 1,
            "name": "Dog"
        },
        "name": "Luna",
        "photoUrls": [
            "string"
        ],
        "tags": [
            {
                "id": 1,
                "name": "string"
            }
        ],
        "status": "available"
    },
    {
        "id": 12121,
        "category": {
            "id": 0,
            "name": "string"
        },
        "name": "TestPetName",
        "photoUrls": [
            "string"
        ],
        "tags": [
            {
                "id": 0,
                "name": "string"
            }
        ],
        "status": "available"
    },
    {
        "id": 1926,
        "category": {
            "id": 0,
            "name": "Dogs"
        },
        "name": "alaska",
        "photoUrls": [
            "string"
        ],
        "tags": [
            {
                "id": 0,
                "name": "string"
            }
        ],
        "status": "available"
    },
    {
        "id": 287360,
        "category": {
            "id": 590078,
            "name": "Cats"
        },
        "name": "",
        "photoUrls": [
            "https://example.com/photo1.jpg"
        ],
        "tags": [
            {
                "id": 499196,
                "name": "sleepy"
            }
        ],
        "status": "available"
    },
    {
        "id": 565588,
        "category": {
            "id": 859950,
            "name": "Dogs"
        },
        "name": "Buddy",
        "photoUrls": [
            "https://example.com/photo1.jpg"
        ],
        "tags": [
            {
                "id": 748154,
                "name": "friendly"
            }
        ],
        "status": "available"
    },
    {
        "id": 436825,
        "name": "Max",
        "photoUrls": [
            "https://example.com/photo3.jpg"
        ],
        "tags": [
            {
                "id": 185394,
                "name": "playful"
            }
        ],
        "status": "available"
    },
    {
        "id": 890945,
        "category": {
            "id": 293138,
            "name": "Birds"
        },
        "name": "Tweety",
        "photoUrls": [
            
        ],
        "tags": [
            {
                "id": 93986,
                "name": "cute"
            }
        ],
        "status": "available"
    },
    {
        "id": 398637,
        "name": "ImagePet",
        "photoUrls": [
            "https://example.com/photo.jpg"
        ],
        "status": "available"
    },
    {
        "id": 897920,
        "name": "Charlie",
        "photoUrls": [
            "https://example.com/photo.jpg"
        ],
        "status": "available"
    },
    {
        "id": 746576,
        "name": "Charlie",
        "photoUrls": [
            "https://example.com/photo.jpg"
        ],
        "status": "available"
    },
    {
        "id": 184615980,
        "category": {
            "id": 1132131,
            "name": "test_category"
        },
        "name": "test_pet_for_api_tool",
        "photoUrls": [
            "http://example.com/photo.jpg"
        ],
        "tags": [
            {
                "id": 0,
                "name": "test_tag"
            }
        ],
        "status": "available"
    },
    {
        "id": 613835529,
        "category": {
            "id": 1132131,
            "name": "test_category"
        },
        "name": "test_pet_for_api_tool",
        "photoUrls": [
            "http://example.com/photo.jpg"
        ],
        "tags": [
            {
                "id": 0,
                "name": "test_tag"
            }
        ],
        "status": "available"
    },
    {
        "id": 629960168,
        "category": {
            "id": 1132131,
            "name": "test_category"
        },
        "name": "test_pet_for_api_tool",
        "photoUrls": [
            "http://example.com/photo.jpg"
        ],
        "tags": [
            {
                "id": 0,
                "name": "test_tag"
            }
        ],
        "status": "available"
    },
    {
        "id": 888,
        "category": {
            "id": 888
        },
        "name": "dark",
        "photoUrls": [
            ""
        ],
        "tags": [
            
        ],
        "status": "available"
    },
    {
        "id": 2001,
        "name": "Rex",
        "photoUrls": [
            
        ],
        "tags": [
            
        ],
        "status": "available"
    },
    {
        "id": 7859,
        "name": "alpaca",
        "photoUrls": [
            
        ],
        "tags": [
            
        ],
        "status": "available"
    },
    {
        "id": 330275,
        "category": {
            "id": 0,
            "name": "Dogs"
        },
        "name": "Buddy",
        "photoUrls": [
            "https://example.com/buddy.jpg"
        ],
        "tags": [
            
        ],
        "status": "available"
    },
    {
        "id": 881243,
        "name": "Fluffy",
        "photoUrls": [
            "https://example.com/fluffy.jpg"
        ],
        "tags": [
            
        ],
        "status": "available"
    },
    {
        "id": 177414,
        "category": {
            "id": 0,
            "name": "Dogs"
        },
        "name": "Buddy",
        "photoUrls": [
            "https://example.com/buddy.jpg"
        ],
        "tags": [
            
        ],
        "status": "available"
    },
    {
        "id": 160195,
        "name": "Fluffy",
        "photoUrls": [
            "https://example.com/fluffy.jpg"
        ],
        "tags": [
            
        ],
        "status": "available"
    },
    {
        "id": 15,
        "category": {
            "id": 0,
            "name": "string"
        },
        "name": "Maggie",
        "photoUrls": [
            "string"
        ],
        "tags": [
            {
                "id": 0,
                "name": "string"
            }
        ],
        "status": "available"
    },
    {
        "id": 103988,
        "name": "bear",
        "photoUrls": [
            
        ],
        "tags": [
            
        ],
        "status": "available"
    },
    {
        "id": 953224,
        "name": "crow",
        "photoUrls": [
            
        ],
        "tags": [
            
        ],
        "status": "available"
    },
    {
        "id": 552208,
        "name": "hedgehog",
        "photoUrls": [
            
        ],
        "tags": [
            
        ],
        "status": "available"
    },
    {
        "id": 22830,
        "name": "fox",
        "photoUrls": [
            
        ],
        "tags": [
            
        ],
        "status": "available"
    },
    {
        "id": 875909986,
        "category": {
            "id": 1132131,
            "name": "test_category"
        },
        "name": "test_pet_for_api_tool",
        "photoUrls": [
            "http://example.com/photo.jpg"
        ],
        "tags": [
            {
                "id": 0,
                "name": "test_tag"
            }
        ],
        "status": "available"
    },
    {
        "id": 1788744261635,
        "name": "COMP3011 Demo Pet",
        "photoUrls": [
            "https://example.com/demo.jpg"
        ],
        "tags": [
            
        ],
        "status": "available"
    },
    {
        "id": 511687,
        "name": "duck",
        "photoUrls": [
            
        ],
        "tags": [
            
        ],
        "status": "available"
    },
    {
        "id": 122558,
        "name": "cod",
        "photoUrls": [
            
        ],
        "tags": [
            
        ],
        "status": "available"
    },
    {
        "id": 188958,
        "name": "badger",
        "photoUrls": [
            
        ],
        "tags": [
            
        ],
        "status": "available"
    },
    {
        "id": 861999108,
        "category": {
            "id": -29245128,
            "name": "incididunt"
        },
        "name": "executing_from_test",
        "photoUrls": [
            "dolore Excepteur est",
            "consequat in labore"
        ],
        "tags": [
            {
                "id": -55902183,
                "name": "Lorem laboris nulla"
            },
            {
                "id": 67424482,
                "name": "incididunt ipsum eiusmod"
            }
        ],
        "status": "available"
    },
    {
        "id": 320306,
        "name": "giraffe",
        "photoUrls": [
            
        ],
        "tags": [
            
        ],
        "status": "available"
    },
    {
        "id": 776168,
        "name": "termite",
        "photoUrls": [
            
        ],
        "tags": [
            
        ],
        "status": "available"
    },
    {
        "id": 928411,
        "name": "toad",
        "photoUrls": [
            
        ],
        "tags": [
            
        ],
        "status": "available"
    },
    {
        "id": 175874,
        "name": "horse",
        "photoUrls": [
            
        ],
        "tags": [
            
        ],
        "status": "available"
    },
    {
        "id": 423225,
        "name": "dolphin",
        "photoUrls": [
            
        ],
        "tags": [
            
        ],
        "status": "available"
    },
    {
        "id": 74341,
        "name": "reindeer",
        "photoUrls": [
            
        ],
        "tags": [
            
        ],
        "status": "available"
    },
    {
        "id": 366275,
        "name": "buffalo",
        "photoUrls": [
            
        ],
        "tags": [
            
        ],
        "status": "available"
    },
    {
        "id": 798140,
        "name": "leopard",
        "photoUrls": [
            
        ],
        "tags": [
            
        ],
        "status": "available"
    },
    {
        "id": 48566,
        "name": "otter",
        "photoUrls": [
            
        ],
        "tags": [
            
        ],
        "status": "available"
    },
    {
        "id": 9223372016900011620,
        "category": {
            "id": -6564867,
            "name": "Rabit"
        },
        "name": "Flaffy",
        "photoUrls": [
            
        ],
        "tags": [
            {
                "id": 2285843,
                "name": "Brown milk colour"
            },
            {
                "id": -48126337,
                "name": "small"
            }
        ],
        "status": "available"
    },
    {
        "id": 124,
        "category": {
            "id": 124,
            "name": "Test"
        },
        "name": "Test1",
        "photoUrls": [
            "<string>",
            "<string>"
        ],
        "tags": [
            {
                "id": 124,
                "name": "234"
            },
            {
                "id": 234,
                "name": "test"
            }
        ],
        "status": "available"
    },
    {
        "id": 55,
        "name": "doggie1",
        "photoUrls": [
            
        ],
        "tags": [
            
        ],
        "status": "available"
    },
    {
        "id": 12366,
        "name": "Charlie",
        "photoUrls": [
            "https://img.freepik.com/free-photo/kitty-with-monochrome-wall-behind-her_23-2148955134.jpg?w=360&t=st=1701017178~exp=1701017778~hmac=e6596400c9a8eb6b7fcc44392e58820bb3fd3999d45616b3e652bf0fe8b0652b"
        ],
        "status": "available"
    },
    {
        "id": 7,
        "category": {
            "id": 0,
            "name": "string"
        },
        "name": "Milou",
        "photoUrls": [
            "string"
        ],
        "tags": [
            {
                "id": 0,
                "name": "string"
            }
        ],
        "status": "available"
    },
    {
        "id": 59118,
        "name": "cod",
        "photoUrls": [
            
        ],
        "tags": [
            
        ],
        "status": "available"
    },
    {
        "id": 761654,
        "name": "eel",
        "photoUrls": [
            
        ],
        "tags": [
            
        ],
        "status": "available"
    },
    {
        "id": 18316,
        "name": "wildebeest",
        "photoUrls": [
            
        ],
        "tags": [
            
        ],
        "status": "available"
    },
    {
        "id": 917337,
        "name": "walrus",
        "photoUrls": [
            
        ],
        "tags": [
            
        ],
        "status": "available"
    },
    {
        "id": 46728,
        "name": "alligator",
        "photoUrls": [
            
        ],
        "tags": [
            
        ],
        "status": "available"
    },
    {
        "id": 635516,
        "name": "gerbil",
        "photoUrls": [
            
        ],
        "tags": [
            
        ],
        "status": "available"
    },
    {
        "id": 661194,
        "name": "llama",
        "photoUrls": [
            
        ],
        "tags": [
            
        ],
        "status": "available"
    },
    {
        "id": 88348,
        "name": "mallard",
        "photoUrls": [
            
        ],
        "tags": [
            
[...]
            "id": 1,
            "name": "Hydra"
        },
        "name": "Princess",
        "photoUrls": [
            "https://gods-and-demons.fandom.com/wiki/Lernaean_Hydra?file=Venture_the_fog_hydra_by_darkcloud013_dbpdkjn-fullview.jpg"
        ],
        "tags": [
            {
                "id": 2,
                "name": "cute"
            }
        ],
        "status": "available"
    },
    {
        "id": 990002,
        "name": "MirrorPetTwo",
        "photoUrls": [
            
        ],
        "tags": [
            
        ],
        "status": "available"
    },
    {
        "id": 990003,
        "name": "MirrorPetThree",
        "photoUrls": [
            
        ],
        "tags": [
            
        ],
        "status": "available"
    },
    {
        "id": 1916,
        "category": {
            "id": 0,
            "name": "Dogs"
        },
        "name": "alaska",
        "photoUrls": [
            "string"
        ],
        "tags": [
            {
                "id": 0,
                "name": "string"
            }
        ],
        "status": "available"
    },
    {
        "id": 4,
        "category": {
            "id": 0,
            "name": "sibérien"
        },
        "name": "chat1",
        "photoUrls": [
            "string"
        ],
        "tags": [
            {
                "id": 0,
                "name": "chat2"
            }
        ],
        "status": "available"
    },
    {
        "id": 24670195,
        "category": {
            "id": 95348937,
            "name": "amet elit"
        },
        "name": "doggie",
        "photoUrls": [
            "laborum occaecat amet velit",
            "consectetur officia c"
        ],
        "tags": [
            {
                "id": 90598410,
                "name": "Ut laboris"
            },
            {
                "id": -94876850,
                "name": "irure occaecat Lorem sit anim"
            }
        ],
        "status": "available"
    },
    {
        "id": 1488148814881488,
        "category": {
            "id": 0,
            "name": "string"
        },
        "name": "Ruthie_Rippin",
        "photoUrls": [
            "string"
        ],
        "tags": [
            {
                "id": 0,
                "name": "string"
            }
        ],
        "status": "available"
    },
    {
        "id": 25,
        "category": {
            "id": 0,
            "name": "string"
        },
        "name": "Fede",
        "photoUrls": [
            "string"
        ],
        "tags": [
            {
                "id": 0,
                "name": "string"
            }
        ],
        "status": "available"
    },
    {
        "id": 191,
        "name": "cutie",
        "photoUrls": [
            
        ],
        "tags": [
            
        ],
        "status": "available"
    },
    {
        "id": 114647,
        "category": {
            "id": 1,
            "name": "Dog"
        },
        "name": "Luna",
        "photoUrls": [
            "string"
        ],
        "tags": [
            {
                "id": 1,
                "name": "string"
            }
        ],
        "status": "available"
    },
    {
        "id": 12121,
        "category": {
            "id": 0,
            "name": "string"
        },
        "name": "TestPetName",
        "photoUrls": [
            "string"
        ],
        "tags": [
            {
                "id": 0,
                "name": "string"
            }
        ],
        "status": "available"
    },
    {
        "id": 1926,
        "category": {
            "id": 0,
            "name": "Dogs"
        },
        "name": "alaska",
        "photoUrls": [
            "string"
        ],
        "tags": [
            {
                "id": 0,
                "name": "string"
            }
        ],
        "status": "available"
    },
    {
        "id": 287360,
        "category": {
            "id": 590078,
            "name": "Cats"
        },
        "name": "",
        "photoUrls": [
            "https://example.com/photo1.jpg"
        ],
        "tags": [
            {
                "id": 499196,
                "name": "sleepy"
            }
        ],
        "status": "available"
    },
    {
        "id": 565588,
        "category": {
            "id": 859950,
            "name": "Dogs"
        },
        "name": "Buddy",
        "photoUrls": [
            "https://example.com/photo1.jpg"
        ],
        "tags": [
            {
                "id": 748154,
                "name": "friendly"
            }
        ],
        "status": "available"
    },
    {
        "id": 436825,
        "name": "Max",
        "photoUrls": [
            "https://example.com/photo3.jpg"
        ],
        "tags": [
            {
                "id": 185394,
                "name": "playful"
            }
        ],
        "status": "available"
    },
    {
        "id": 890945,
        "category": {
            "id": 293138,
            "name": "Birds"
        },
        "name": "Tweety",
        "photoUrls": [
            
        ],
        "tags": [
            {
                "id": 93986,
                "name": "cute"
            }
        ],
        "status": "available"
    },
    {
        "id": 398637,
        "name": "ImagePet",
        "photoUrls": [
            "https://example.com/photo.jpg"
        ],
        "status": "available"
    },
    {
        "id": 897920,
        "name": "Charlie",
        "photoUrls": [
            "https://example.com/photo.jpg"
        ],
        "status": "available"
    },
    {
        "id": 746576,
        "name": "Charlie",
        "photoUrls": [
            "https://example.com/photo.jpg"
        ],
        "status": "available"
    },
    {
        "id": 184615980,
        "category": {
            "id": 1132131,
            "name": "test_category"
        },
        "name": "test_pet_for_api_tool",
        "photoUrls": [
            "http://example.com/photo.jpg"
        ],
        "tags": [
            {
                "id": 0,
                "name": "test_tag"
            }
        ],
        "status": "available"
    },
    {
        "id": 613835529,
        "category": {
            "id": 1132131,
            "name": "test_category"
        },
        "name": "test_pet_for_api_tool",
        "photoUrls": [
            "http://example.com/photo.jpg"
        ],
        "tags": [
            {
                "id": 0,
                "name": "test_tag"
            }
        ],
        "status": "available"
    },
    {
        "id": 629960168,
        "category": {
            "id": 1132131,
            "name": "test_category"
        },
        "name": "test_pet_for_api_tool",
        "photoUrls": [
            "http://example.com/photo.jpg"
        ],
        "tags": [
            {
                "id": 0,
                "name": "test_tag"
            }
        ],
        "status": "available"
    },
    {
        "id": 888,
        "category": {
            "id": 888
        },
        "name": "dark",
        "photoUrls": [
            ""
        ],
        "tags": [
            
        ],
        "status": "available"
    },
    {
        "id": 2001,
        "name": "Rex",
        "photoUrls": [
            
        ],
        "tags": [
            
        ],
        "status": "available"
    },
    {
        "id": 7859,
        "name": "alpaca",
        "photoUrls": [
            
        ],
        "tags": [
            
        ],
        "status": "available"
    },
    {
        "id": 330275,
        "category": {
            "id": 0,
            "name": "Dogs"
        },
        "name": "Buddy",
        "photoUrls": [
            "https://example.com/buddy.jpg"
        ],
        "tags": [
            
        ],
        "status": "available"
    },
    {
        "id": 881243,
        "name": "Fluffy",
        "photoUrls": [
            "https://example.com/fluffy.jpg"
        ],
        "tags": [
            
        ],
        "status": "available"
    },
    {
        "id": 177414,
        "category": {
            "id": 0,
            "name": "Dogs"
        },
        "name": "Buddy",
        "photoUrls": [
            "https://example.com/buddy.jpg"
        ],
        "tags": [
            
        ],
        "status": "available"
    },
    {
        "id": 160195,
        "name": "Fluffy",
        "photoUrls": [
            "https://example.com/fluffy.jpg"
        ],
        "tags": [
            
        ],
        "status": "available"
    },
    {
        "id": 15,
        "category": {
            "id": 0,
            "name": "string"
        },
        "name": "Maggie",
        "photoUrls": [
            "string"
        ],
        "tags": [
            {
                "id": 0,
                "name": "string"
            }
        ],
        "status": "available"
    },
    {
        "id": 103988,
        "name": "bear",
        "photoUrls": [
            
        ],
        "tags": [
            
        ],
        "status": "available"
    },
    {
        "id": 953224,
        "name": "crow",
        "photoUrls": [
            
        ],
        "tags": [
            
        ],
        "status": "available"
    },
    {
        "id": 552208,
        "name": "hedgehog",
        "photoUrls": [
            
        ],
        "tags": [
            
        ],
        "status": "available"
    },
    {
        "id": 22830,
        "name": "fox",
        "photoUrls": [
            
        ],
        "tags": [
            
        ],
        "status": "available"
    },
    {
        "id": 875909986,
        "category": {
            "id": 1132131,
            "name": "test_category"
        },
        "name": "test_pet_for_api_tool",
        "photoUrls": [
            "http://example.com/photo.jpg"
        ],
        "tags": [
            {
                "id": 0,
                "name": "test_tag"
            }
        ],
        "status": "available"
    },
    {
        "id": 1788744261635,
        "name": "COMP3011 Demo Pet",
        "photoUrls": [
            "https://example.com/demo.jpg"
        ],
        "tags": [
            
        ],
        "status": "available"
    },
    {
        "id": 511687,
        "name": "duck",
        "photoUrls": [
            
        ],
        "tags": [
            
        ],
        "status": "available"
    },
    {
        "id": 122558,
        "name": "cod",
        "photoUrls": [
            
        ],
        "tags": [
            
        ],
        "status": "available"
    },
    {
        "id": 188958,
        "name": "badger",
        "photoUrls": [
            
        ],
        "tags": [
            
        ],
        "status": "available"
    },
    {
        "id": 861999108,
        "category": {
            "id": -29245128,
            "name": "incididunt"
        },
        "name": "executing_from_test",
        "photoUrls": [
            "dolore Excepteur est",
            "consequat in labore"
        ],
        "tags": [
            {
                "id": -55902183,
                "name": "Lorem laboris nulla"
            },
            {
                "id": 67424482,
                "name": "incididunt ipsum eiusmod"
            }
        ],
        "status": "available"
    },
    {
        "id": 320306,
        "name": "giraffe",
        "photoUrls": [
            
        ],
        "tags": [
            
        ],
        "status": "available"
    },
    {
        "id": 776168,
        "name": "termite",
        "photoUrls": [
            
        ],
        "tags": [
            
        ],
        "status": "available"
    },
    {
        "id": 928411,
        "name": "toad",
        "photoUrls": [
            
        ],
        "tags": [
            
        ],
        "status": "available"
    },
    {
        "id": 175874,
        "name": "horse",
        "photoUrls": [
            
        ],
        "tags": [
            
        ],
        "status": "available"
    },
    {
        "id": 423225,
        "name": "dolphin",
        "photoUrls": [
            
        ],
        "tags": [
            
        ],
        "status": "available"
    },
    {
        "id": 74341,
        "name": "reindeer",
        "photoUrls": [
            
        ],
        "tags": [
            
        ],
        "status": "available"
    },
    {
        "id": 366275,
        "name": "buffalo",
        "photoUrls": [
            
        ],
        "tags": [
            
        ],
        "status": "available"
    },
    {
        "id": 798140,
        "name": "leopard",
        "photoUrls": [
            
        ],
        "tags": [
            
        ],
        "status": "available"
    },
    {
        "id": 48566,
        "name": "otter",
        "photoUrls": [
            
        ],
        "tags": [
            
        ],
        "status": "available"
    },
    {
        "id": 9223372016900011620,
        "category": {
            "id": -6564867,
            "name": "Rabit"
        },
        "name": "Flaffy",
        "photoUrls": [
            
        ],
        "tags": [
            {
                "id": 2285843,
                "name": "Brown milk colour"
            },
            {
                "id": -48126337,
                "name": "small"
            }
        ],
        "status": "available"
    },
    {
        "id": 124,
        "category": {
            "id": 124,
            "name": "Test"
        },
        "name": "Test1",
        "photoUrls": [
            "<string>",
            "<string>"
        ],
        "tags": [
            {
                "id": 124,
                "name": "234"
            },
            {
                "id": 234,
                "name": "test"
            }
        ],
        "status": "available"
    },
    {
        "id": 55,
        "name": "doggie1",
        "photoUrls": [
            
        ],
        "tags": [
            
        ],
        "status": "available"
    },
    {
        "id": 12366,
        "name": "Charlie",
        "photoUrls": [
            "https://img.freepik.com/free-photo/kitty-with-monochrome-wall-behind-her_23-2148955134.jpg?w=360&t=st=1701017178~exp=1701017778~hmac=e6596400c9a8eb6b7fcc44392e58820bb3fd3999d45616b3e652bf0fe8b0652b"
        ],
        "status": "available"
    },
    {
        "id": 7,
        "category": {
            "id": 0,
            "name": "string"
        },
        "name": "Milou",
        "photoUrls": [
            "string"
        ],
        "tags": [
            {
                "id": 0,
                "name": "string"
            }
        ],
        "status": "available"
    },
    {
        "id": 59118,
        "name": "cod",
        "photoUrls": [
            
        ],
        "tags": [
            
        ],
        "status": "available"
    },
    {
        "id": 761654,
        "name": "eel",
        "photoUrls": [
            
        ],
        "tags": [
            
        ],
        "status": "available"
    },
    {
        "id": 18316,
        "name": "wildebeest",
        "photoUrls": [
            
        ],
        "tags": [
            
        ],
        "status": "available"
    },
    {
        "id": 917337,
        "name": "walrus",
        "photoUrls": [
            
        ],
        "tags": [
            
        ],
        "status": "available"
    },
    {
        "id": 46728,
        "name": "alligator",
        "photoUrls": [
            
        ],
        "tags": [
            
        ],
        "status": "available"
    },
    {
        "id": 635516,
        "name": "gerbil",
        "photoUrls": [
            
        ],
        "tags": [
            
        ],
        "status": "available"
    },
    {
        "id": 661194,
        "name": "llama",
        "photoUrls": [
            
        ],
        "tags": [
            
        ],
        "status": "available"
    },
    {
        "id": 88348,
        "name": "mallard",
        "photoUrls": [
            
        ],
        "tags": [
            
        ],
        "status": "available"
    },
    {
        "id": 832300,
        "name": "mallard",
        "photoUrls": [
            
        ],
        "tags": [
            
        ],
        "status": "available"
    },
    {
        "id": 121700805,
        "category": {
            "id": 1132131,
            "name": "test_category"
        },
        "name": "test_pet_for_api_tool",
        "photoUrls": [
            "http://example.com/photo.jpg"
        ],
        "tags": [
            {
                "id": 0,
                "name": "test_tag"
            }
        ],
        "status": "available"
    },
    {
        "id": 78730,
        "category": {
            "id": 1,
            "name": "Cat"
        },
        "name": "Snowwhite",
        "photoUrls": [
            ""
        ],
        "tags": [
            {
                "id": 101,
                "name": "Snowwhite"
            }
        ],
        "status": "available"
    },
    {
        "id": 78732,
        "category": {
            "id": 3,
            "name": "Snake"
        },
        "name": "Orochimaru",
        "photoUrls": [
            ""
        ],
        "tags": [
            {
                "id": 303,
                "name": "Orochimaru"
            }
        ],
        "status": "available"
    },
    {
        "id": 537308,
        "category": {
            "id": 1,
            "name": "Dogs"
        },
        "name": "Leo_537308",
        "photoUrls": [
            "https://example.com/pet_photos/537308.jpg"
        ],
        "tags": [
            {
                "id": 61,
                "name": "playful"
            }
        ],
        "status": "available"
    },
    {
        "id": 892858,
        "category": {
            "id": 1,
            "name": "Dogs"
        },
        "name": "Buddy_892858",
        "photoUrls": [
            "https://example.com/pet_photos/892858.jpg"
        ],
        "tags": [
            {
                "id": 1,
                "name": "friendly"
            }
        ],
        "status": "available"
    },
    {
        "id": 244430,
        "category": {
            "id": 2,
            "name": "Cats"
        },
        "name": "Zeus_244430",
        "photoUrls": [
            "https://example.com/pet_photos/244430.jpg"
        ],
        "tags": [
            {
                "id": 1,
                "name": "friendly"
            }
        ],
        "status": "available"
    },
    {
        "id": 120065,
        "category": {
            "id": 1,
            "name": "Dogs"
        },
        "name": "Rocky_120065",
        "photoUrls": [
            "https://example.com/pet_photos/120065.jpg"
        ],
        "tags": [
            {
                "id": 1,
                "name": "friendly"
            }
        ],
        "status": "available"
    },
    {
        "id": 2,
        "category": {
            "id": 0,
            "name": "string"
        },
        "name": "Snoopy",
        "photoUrls": [
            "string"
        ],
        "tags": [
            {
                "id": 0,
                "name": "string"
            }
        ],
        "status": "available"
    },
    {
        "id": 1245,
        "category": {
            "id": 1245,
            "name": "xyz"
        },
        "name": "xyz",
        "photoUrls": [
            "test"
        ],
        "tags": [
            
        ],
        "status": "available"
    },
    {
        "id": 31,
        "name": "dog",
        "photoUrls": [
            
        ],
        "tags": [
            
        ],
        "status": "available"
    },
    {
        "id": 1,
        "name": "Firulais",
        "photoUrls": [
            
        ],
        "tags": [
            
        ],
        "status": "available"
    }
]
]]></system-out>
  </testcase>
</testsuite>