<?xml version="1.0" encoding="UTF-8"?>
<testsuite xmlns:xsi="http://www.w3.org/2001/XMLSchema-instance" xsi:noNamespaceSchemaLocation="https://maven.apache.org/surefire/maven-surefire-plugin/xsd/surefire-test-report-3.0.xsd" version="3.0" name="tests.positive.PetGetTest" time="3.146" tests="2" errors="0" skipped="0" failures="0">
  <properties>
[...]
</properties>
  <testcase name="deberiaObtenerMascotaExistentePorId" classname="tests.positive.PetGetTest" time="1.769">
    <system-out><![CDATA[Request method:	POST
Request URI:	https://petstore.swagger.io:443/v2/pet
Proxy:			<none>
Request params:	<none>
Query params:	<none>
Form params:	<none>
Path params:	<none>
Headers:		Accept=*/*
				Content-Type=application/json
Cookies:		<none>
Multiparts:		<none>
Body:
{
    "id": 1,
    "name": "Firulais",
    "status": "available"
}
Request method:	POST
Request URI:	https://petstore.swagger.io:443/v2/pet
Proxy:			<none>
Request params:	<none>
Query params:	<none>
Form params:	<none>
Path params:	<none>
Headers:		Accept=*/*
				Content-Type=application/json
Cookies:		<none>
Multiparts:		<none>
Body:
{
    "id": 1,
    "name": "Firulais",
    "status": "available"
}
Request method:	POST
Request URI:	https://petstore.swagger.io:443/v2/pet
Proxy:			<none>
Request params:	<none>
Query params:	<none>
Form params:	<none>
Path params:	<none>
Headers:		Accept=*/*
				Content-Type=application/json
Cookies:		<none>
Multiparts:		<none>
Body:
{
    "id": 1,
    "name": "Firulais",
    "status": "available"
}
Request method:	POST
Request URI:	https://petstore.swagger.io:443/v2/pet
Proxy:			<none>
Request params:	<none>
Query params:	<none>
Form params:	<none>
Path params:	<none>
Headers:		Accept=*/*
				Content-Type=application/json
Cookies:		<none>
Multiparts:		<none>
Body:
{
    "id": 1,
    "name": "Firulais",
    "status": "available"
}
Request method:	POST
Request URI:	https://petstore.swagger.io:443/v2/pet
Proxy:			<none>
Request params:	<none>
Query params:	<none>
Form params:	<none>
Path params:	<none>
Headers:		Accept=*/*
				Content-Type=application/json
Cookies:		<none>
Multiparts:		<none>
Body:
{
    "id": 1,
    "name": "Firulais",
    "status": "available"
}
HTTP/1.1 200 OK
Date: Fri, 21 Aug 2026 19:13:21 GMT
Content-Type: application/json
Transfer-Encoding: chunked
Connection: keep-alive
Access-Control-Allow-Origin: *
Access-Control-Allow-Methods: GET, POST, DELETE, PUT
Access-Control-Allow-Headers: Content-Type, api_key, Authorization
Server: Jetty(9.2.9.v20150224)

{
    "id": 1,
    "name": "Firulais",
    "photoUrls": [
        
    ],
    "tags": [
        
    ],
    "status": "available"
}
HTTP/1.1 200 OK
Date: Fri, 21 Aug 2026 19:13:21 GMT
Content-Type: application/json
Transfer-Encoding: chunked
Connection: keep-alive
Access-Control-Allow-Origin: *
Access-Control-Allow-Methods: GET, POST, DELETE, PUT
Access-Control-Allow-Headers: Content-Type, api_key, Authorization
Server: Jetty(9.2.9.v20150224)

{
    "id": 1,
    "name": "Firulais",
    "photoUrls": [
        
    ],
    "tags": [
        
    ],
    "status": "available"
}
HTTP/1.1 200 OK
Date: Fri, 21 Aug 2026 19:13:21 GMT
Content-Type: application/json
Transfer-Encoding: chunked
Connection: keep-alive
Access-Control-Allow-Origin: *
Access-Control-Allow-Methods: GET, POST, DELETE, PUT
Access-Control-Allow-Headers: Content-Type, api_key, Authorization
Server: Jetty(9.2.9.v20150224)

{
    "id": 1,
    "name": "Firulais",
    "photoUrls": [
        
    ],
    "tags": [
        
    ],
    "status": "available"
}
HTTP/1.1 200 OK
Date: Fri, 21 Aug 2026 19:13:21 GMT
Content-Type: application/json
Transfer-Encoding: chunked
Connection: keep-alive
Access-Control-Allow-Origin: *
Access-Control-Allow-Methods: GET, POST, DELETE, PUT
Access-Control-Allow-Headers: Content-Type, api_key, Authorization
Server: Jetty(9.2.9.v20150224)

{
    "id": 1,
    "name": "Firulais",
    "photoUrls": [
        
    ],
    "tags": [
        
    ],
    "status": "available"
}
HTTP/1.1 200 OK
Date: Fri, 21 Aug 2026 19:13:21 GMT
Content-Type: application/json
Transfer-Encoding: chunked
Connection: keep-alive
Access-Control-Allow-Origin: *
Access-Control-Allow-Methods: GET, POST, DELETE, PUT
Access-Control-Allow-Headers: Content-Type, api_key, Authorization
Server: Jetty(9.2.9.v20150224)

{
    "id": 1,
    "name": "Firulais",
    "photoUrls": [
        
    ],
    "tags": [
        
    ],
    "status": "available"
}
Request method:	GET
Request URI:	https://petstore.swagger.io:443/v2/pet/1
Proxy:			<none>
Request params:	<none>
Query params:	<none>
Form params:	<none>
Path params:	petId=1
Headers:		Accept=*/*
Cookies:		<none>
Multiparts:		<none>
Body:			<none>
Request method:	GET
Request URI:	https://petstore.swagger.io:443/v2/pet/1
Proxy:			<none>
Request params:	<none>
Query params:	<none>
Form params:	<none>
Path params:	petId=1
Headers:		Accept=*/*
Cookies:		<none>
Multiparts:		<none>
Body:			<none>
Request method:	GET
Request URI:	https://petstore.swagger.io:443/v2/pet/1
Proxy:			<none>
Request params:	<none>
Query params:	<none>
Form params:	<none>
Path params:	petId=1
Headers:		Accept=*/*
Cookies:		<none>
Multiparts:		<none>
Body:			<none>
Request method:	GET
Request URI:	https://petstore.swagger.io:443/v2/pet/1
Proxy:			<none>
Request params:	<none>
Query params:	<none>
Form params:	<none>
Path params:	petId=1
Headers:		Accept=*/*
Cookies:		<none>
Multiparts:		<none>
Body:			<none>
Request method:	GET
Request URI:	https://petstore.swagger.io:443/v2/pet/1
Proxy:			<none>
Request params:	<none>
Query params:	<none>
Form params:	<none>
Path params:	petId=1
Headers:		Accept=*/*
Cookies:		<none>
Multiparts:		<none>
Body:			<none>
HTTP/1.1 200 OK
Date: Fri, 21 Aug 2026 19:13:22 GMT
Content-Type: application/json
Transfer-Encoding: chunked
Connection: keep-alive
Access-Control-Allow-Origin: *
Access-Control-Allow-Methods: GET, POST, DELETE, PUT
Access-Control-Allow-Headers: Content-Type, api_key, Authorization
Server: Jetty(9.2.9.v20150224)

{
    "id": 1,
    "name": "Firulais",
    "photoUrls": [
        
    ],
    "tags": [
        
    ],
    "status": "available"
}
HTTP/1.1 200 OK
Date: Fri, 21 Aug 2026 19:13:22 GMT
Content-Type: application/json
Transfer-Encoding: chunked
Connection: keep-alive
Access-Control-Allow-Origin: *
Access-Control-Allow-Methods: GET, POST, DELETE, PUT
Access-Control-Allow-Headers: Content-Type, api_key, Authorization
Server: Jetty(9.2.9.v20150224)

{
    "id": 1,
    "name": "Firulais",
    "photoUrls": [
        
    ],
    "tags": [
        
    ],
    "status": "available"
}
HTTP/1.1 200 OK
Date: Fri, 21 Aug 2026 19:13:22 GMT
Content-Type: application/json
Transfer-Encoding: chunked
Connection: keep-alive
Access-Control-Allow-Origin: *
Access-Control-Allow-Methods: GET, POST, DELETE, PUT
Access-Control-Allow-Headers: Content-Type, api_key, Authorization
Server: Jetty(9.2.9.v20150224)

{
    "id": 1,
    "name": "Firulais",
    "photoUrls": [
        
    ],
    "tags": [
        
    ],
    "status": "available"
}
HTTP/1.1 200 OK
Date: Fri, 21 Aug 2026 19:13:22 GMT
Content-Type: application/json
Transfer-Encoding: chunked
Connection: keep-alive
Access-Control-Allow-Origin: *
Access-Control-Allow-Methods: GET, POST, DELETE, PUT
Access-Control-Allow-Headers: Content-Type, api_key, Authorization
Server: Jetty(9.2.9.v20150224)

{
    "id": 1,
    "name": "Firulais",
    "photoUrls": [
        
    ],
    "tags": [
        
    ],
    "status": "available"
}
HTTP/1.1 200 OK
Date: Fri, 21 Aug 2026 19:13:22 GMT
Content-Type: application/json
Transfer-Encoding: chunked
Connection: keep-alive
Access-Control-Allow-Origin: *
Access-Control-Allow-Methods: GET, POST, DELETE, PUT
Access-Control-Allow-Headers: Content-Type, api_key, Authorization
Server: Jetty(9.2.9.v20150224)

{
    "id": 1,
    "name": "Firulais",
    "photoUrls": [
        
    ],
    "tags": [
        
    ],
    "status": "available"
}
]]></system-out>
  </testcase>
  <testcase name="deberiaObtenerMascotasPorEstadoDisponible" classname="tests.positive.PetGetTest" time="1.368">
    <system-out><![CDATA[Request method:	GET
Request URI:	https://petstore.swagger.io:443/v2/pet/findByStatus?status=available
Proxy:			<none>
Request params:	<none>
Query params:	status=available
Form params:	<none>
Path params:	<none>
Headers:		Accept=*/*
Cookies:		<none>
Multiparts:		<none>
Body:			<none>
Request method:	GET
Request URI:	https://petstore.swagger.io:443/v2/pet/findByStatus?status=available
Proxy:			<none>
Request params:	<none>
Query params:	status=available
Form params:	<none>
Path params:	<none>
Headers:		Accept=*/*
Cookies:		<none>
Multiparts:		<none>
Body:			<none>
Request method:	GET
Request URI:	https://petstore.swagger.io:443/v2/pet/findByStatus?status=available
Proxy:			<none>
Request params:	<none>
Query params:	status=available
Form params:	<none>
Path params:	<none>
Headers:		Accept=*/*
Cookies:		<none>
Multiparts:		<none>
Body:			<none>
Request method:	GET
Request URI:	https://petstore.swagger.io:443/v2/pet/findByStatus?status=available
Proxy:			<none>
Request params:	<none>
Query params:	status=available
Form params:	<none>
Path params:	<none>
Headers:		Accept=*/*
Cookies:		<none>
Multiparts:		<none>
Body:			<none>
Request method:	GET
Request URI:	https://petstore.swagger.io:443/v2/pet/findByStatus?status=available
Proxy:			<none>
Request params:	<none>
Query params:	status=available
Form params:	<none>
Path params:	<none>
Headers:		Accept=*/*
Cookies:		<none>
Multiparts:		<none>
Body:			<none>
HTTP/1.1 200 OK
Date: Fri, 21 Aug 2026 19:13:23 GMT
Content-Type: application/json
Transfer-Encoding: chunked
Connection: keep-alive
Access-Control-Allow-Origin: *
Access-Control-Allow-Methods: GET, POST, DELETE, PUT
Access-Control-Allow-Headers: Content-Type, api_key, Authorization
Server: Jetty(9.2.9.v20150224)

[
    {
        "id": 9223372036854775434,
        "category": {
            "id": 0,
            "name": "string"
        },
        "name": "doggie",
        "photoUrls": [
            "string"
        ],
        "tags": [
            {
                "id": 0,
                "name": "string"
            }
        ],
        "status": "available"
    },
    {
        "id": 9223372036854775449,
        "name": "Tom",
        "photoUrls": [
            
        ],
        "tags": [
            
        ],
        "status": "available"
    },
    {
        "id": 9223372036854775464,
        "category": {
            "id": 0,
            "name": "string"
        },
        "name": "doggie",
        "photoUrls": [
            "string"
        ],
        "tags": [
            {
                "id": 0,
                "name": "string"
            }
        ],
        "status": "available"
    },
    {
        "id": 9223372036854775465,
        "category": {
            "id": 0,
            "name": "string"
        },
        "name": "doggie",
        "photoUrls": [
            "string"
        ],
        "tags": [
            {
                "id": 0,
                "name": "string"
            }
        ],
        "status": "available"
    },
    {
        "id": 9223372036854775467,
        "category": {
            "id": 0,
            "name": "string"
        },
        "name": "doggie",
        "photoUrls": [
            "string"
        ],
        "tags": [
            {
                "id": 0,
                "name": "string"
            }
        ],
        "status": "available"
    },
    {
        "id": 1787316561836,
        "category": {
            "id": 1,
            "name": "Dogs"
        },
        "name": "TestDog-e2973c3a",
        "photoUrls": [
            "https://example.com/photo.jpg"
        ],
        "tags": [
            {
                "id": 0,
                "name": "test-tag"
            }
        ],
        "status": "available"
    },
    {
        "id": 1787316566763,
        "category": {
            "id": 1,
            "name": "Dogs"
        },
        "name": "TestDog-20fe2a7d",
        "photoUrls": [
            "https://example.com/photo.jpg"
        ],
        "tags": [
            {
                "id": 0,
                "name": "test-tag"
            }
        ],
        "status": "available"
    },
    {
        "id": 9223372036854775542,
        "category": {
            "id": 0,
            "name": "string"
        },
        "name": "doggie",
        "photoUrls": [
            "string"
        ],
        "tags": [
            {
                "id": 0,
                "name": "string"
            }
        ],
        "status": "available"
    },
    {
        "id": 9223372036854775544,
        "category": {
            "id": 0,
            "name": "string"
        },
        "name": "doggie",
        "photoUrls": [
            "string"
        ],
        "tags": [
            {
                "id": 0,
                "name": "string"
            }
        ],
        "status": "available"
    },
    {
        "id": 9223372036854775545,
        "category": {
            "id": 0,
            "name": "string"
        },
        "name": "doggie",
        "photoUrls": [
            "string"
        ],
        "tags": [
            {
                "id": 0,
                "name": "string"
            }
        ],
        "status": "available"
    },
    {
        "id": 9223372036854775547,
        "category": {
            "id": 0,
            "name": "string"
        },
        "name": "bunty",
        "photoUrls": [
            "string"
        ],
        "tags": [
            {
                "id": 0,
                "name": "string"
            }
        ],
        "status": "available"
    },
    {
        "id": 9223372036854775595,
        "name": "Tom",
        "photoUrls": [
            
        ],
        "tags": [
            
        ],
        "status": "available"
    },
    {
        "id": 9223372036854775596,
        "name": "Tom",
        "photoUrls": [
            
        ],
        "tags": [
            
        ],
        "status": "available"
    },
    {
        "id": 9223372036854775597,
        "name": "Tom",
        "photoUrls": [
            
        ],
        "tags": [
            
        ],
        "status": "available"
    },
    {
        "id": 9223372036854775598,
        "name": "Tom",
        "photoUrls": [
            
        ],
        "tags": [
            
        ],
        "status": "available"
    },
    {
        "id": 9223372036854775599,
        "name": "Tom",
        "photoUrls": [
            
        ],
        "tags": [
            
        ],
        "status": "available"
    },
    {
        "id": 950992811,
        "category": {
            "id": 1132131,
            "name": "test_category"
        },
        "name": "test_pet_for_api_tool",
        "photoUrls": [
            "http://example.com/photo.jpg"
        ],
        "tags": [
            {
                "id": 0,
                "name": "test_tag"
            }
        ],
        "status": "available"
    },
    {
        "id": 9223372036854775730,
        "category": {
            "id": 11,
            "name": "talkative mostly season"
        },
        "name": "Jindo",
        "photoUrls": [
            "string"
        ],
        "tags": [
            {
                "id": 0,
                "name": "string"
            }
        ],
        "status": "available"
    },
    {
        "id": 9223372036854775731,
        "category": {
            "id": 18,
            "name": "radiant ick misread"
        },
        "name": "Cachorrinho do Guichard",
        "photoUrls": [
            "string"
        ],
        "tags": [
            {
                "id": 0,
                "name": "string"
            }
        ],
        "status": "available"
    },
    {
        "id": 9223372036854775772,
        "category": {
            "id": -3647201,
            "name": "aliqua dolore"
        },
        "name": "doggie",
        "photoUrls": [
            "commodo id Lorem dolor",
            "laborum anim non sunt"
        ],
        "tags": [
            {
                "id": -70487179,
                "name": "magna non"
            },
            {
                "id": -97224183,
                "name": "aliquip enim"
            }
        ],
        "status": "available"
    },
    {
        "id": 9223372036854775773,
        "category": {
            "id": -22028245,
            "name": "ad labore sunt"
        },
        "name": "doggie",
        "photoUrls": [
            "commodo aute veniam",
            "tempor"
        ],
        "tags": [
            {
                "id": 47985645,
                "name": "quis consequat exercitation"
            },
            {
                "id": 84422713,
                "name": "fugiat id"
            }
        ],
        "status": "available"
    },
    {
        "id": 3001,
        "category": {
            "id": 2,
            "name": "Cats"
        },
        "name": "{{petName}}",
        "photoUrls": [
            "https://example.com/cat1.jpg"
        ],
        "tags": [
            {
                "id": 2,
                "name": "fluffy"
            }
        ],
        "status": "available"
    },
    {
        "id": 128,
        "category": {
            "id": 0,
            "name": "Horse"
        },
        "name": "Ahal-Teke",
        "photoUrls": [
            "string"
        ],
        "tags": [
            {
                "id": 0,
                "name": "string"
            }
        ],
        "status": "available"
    },
    {
        "id": 9223372036854775779,
        "category": {
            "id": 0,
            "name": "Pomeranian"
        },
        "name": "Yeontn",
        "photoUrls": [
            "https://www.google.com/url?sa=i&url=https%3A%2F%2Fwikibio.in%2Fyeontan%2F&psig=AOvVaw0UdJeOGlk-jKSOtT-nplW1&ust=1682581409377000&source=images&cd=vfe&ved=0CA4QjRxqFwoTCMCQvJiuyP4CFQAAAAAdAAAAABAI"
        ],
        "tags": [
            {
                "id": 0,
                "name": "Dog"
            }
        ],
        "status": "available"
    },
    {
        "id": 112233,
        "category": {
            "id": 30,
            "name": "Eq-dog"
        },
        "name": "Postman",
        "photoUrls": [
            "URLLink"
        ],
        "tags": [
            {
                "id": 10,
                "name": "Doberman"
            }
        ],
        "status": "available"
    },
    {
        "id": 812756345,
        "category": {
            "id": 1132131,
            "name": "test_category"
        },
        "name": "test_pet_for_api_tool",
        "photoUrls": [
            "http://example.com/photo.jpg"
        ],
        "tags": [
            {
                "id": 0,
                "name": "test_tag"
            }
        ],
        "status": "available"
    },
    {
        "id": 9223372036854775781,
        "category": {
            "id": 0,
            "name": "string"
        },
        "name": "doggie",
        "photoUrls": [
            "string"
        ],
        "tags": [
            {
                "id": 0,
                "name": "string"
            }
        ],
        "status": "available"
    },
    {
        "id": 9223372036854775782,
        "category": {
            "id": 0,
            "name": "string"
        },
        "name": "doggie",
        "photoUrls": [
            "string"
        ],
        "tags": [
            {
                "id": 0,
                "name": "string"
            }
        ],
        "status": "available"
    },
    {
        "id": 9223372036854775783,
        "category": {
            "id": 0,
            "name": "string"
        },
        "name": "doggie",
        "photoUrls": [
            "string"
        ],
        "tags": [
            {
                "id": 0,
                "name": "string"
            }
        ],
        "status": "available"
    },
    {
        "id": 9223372036854775784,
        "category": {
            "id": 0,
            "name": "string"
        },
        "name": "doggie",
        "photoUrls": [
            "string"
        ],
        "tags": [
            {
                "id": 0,
                "name": "string"
            }
        ],
        "status": "available"
    },
    {
        "id": 9223372036854775785,
        "category": {
            "id": 0,
            "name": "string"
        },
        "name": "doggie",
        "photoUrls": [
            "string"
        ],
        "tags": [
            {
                "id": 0,
                "name": "string"
            }
        ],
        "status": "available"
    },
    {
        "id": 9223372036854775786,
        "category": {
            "id": 0,
            "name": "string"
        },
        "name": "doggie",
        "photoUrls": [
            "string"
        ],
        "tags": [
            {
                "id": 0,
                "name": "string"
            }
        ],
        "status": "available"
    },
    {
        "id": 9223372036854775789,
        "category": {
            "id": 0,
            "name": "string"
        },
        "name": "doggie",
        "photoUrls": [
            "string"
        ],
        "tags": [
            {
                "id": 0,
                "name": "string"
            }
        ],
        "status": "available"
    },
    {
        "id": 9223372036854775790,
        "name": "Tom",
        "photoUrls": [
            
        ],
        "tags": [
            
        ],
        "status": "available"
    },
    {
        "id": 9223372036854775791,
        "name": "Tom",
        "photoUrls": [
            
        ],
        "tags": [
            
        ],
        "status": "available"
    },
    {
        "id": 9223372036854775792,
        "name": "Tom",
        "photoUrls": [
            
        ],
        "tags": [
            
        ],
        "status": "available"
    },
    {
        "id": 9223372036854775793,
        "name": "Tom",
        "photoUrls": [
            
        ],
        "tags": [
            
        ],
        "status": "available"
    },
    {
        "id": 9223372036854775794,
        "name": "Tom",
        "photoUrls": [
            
        ],
        "tags": [
            
        ],
        "status": "available"
    },
    {
        "id": 9223372036854775795,
        "category": {
            "id": 0,
            "name": "string"
        },
        "name": "doggie",
        "photoUrls": [
            "string"
        ],
        "tags": [
            {
                "id": 0,
                "name": "string"
            }
        ],
        "status": "available"
    },
    {
        "id": 9223372036854775796,
        "category": {
            "id": 0,
            "name": "cat"
        },
        "name": "katy",
        "photoUrls": [
            "string"
        ],
        "tags": [
            {
                "id": 0,
                "name": "katy"
            }
        ],
        "status": "available"
    },
    {
        "id": 9223372036854775797,
        "category": {
            "id": -74696456,
            "name": "culpa fugiat veniam cupidatat sint"
        },
        "name": "doggie",
        "photoUrls": [
            "culpa commodo",
            "Lorem in veniam qui"
        ],
        "tags": [
            {
                "id": -28973829,
                "name": "cillum eu ad adipisicing do"
            },
            {
                "id": -12934735,
                "name": "est do sint Ut sunt"
            }
        ],
        "status": "available"
    },
    {
        "id": 9223372036854775805,
        "category": {
            "id": 0,
            "name": "string"
        },
        "name": "cat",
        "photoUrls": [
            "https://klike.net/uploads/posts/2023-01/1675061232_3-62.jpg"
        ],
        "tags": [
            {
                "id": 0,
                "name": "string"
            }
        ],
        "status": "available"
    },
    {
        "id": 1488148814881488,
        "category": {
            "id": 0,
            "name": "string"
        },
        "name": "Kurt41",
        "photoUrls": [
            "string"
        ],
        "tags": [
            {
                "id": 0,
                "name": "string"
            }
        ],
        "status": "available"
    },
    {
        "id": 756626171,
        "category": {
            "id": 1132131,
            "name": "test_category"
        },
        "name": "test_pet_for_api_tool",
        "photoUrls": [
            "http://example.com/photo.jpg"
        ],
        "tags": [
            {
                "id": 0,
                "name": "test_tag"
            }
        ],
        "status": "available"
    },
    {
        "id": 72749369117300,
        "category": {
            "id": 2,
            "name": "Gatos"
        },
        "name": "Luna",
        "photoUrls": [
            "https://example.com/luna.jpg"
        ],
        "tags": [
            
        ],
        "status": "available"
    },
    {
        "id": 847261935,
        "category": {
            "id": 847261935,
            "name": "csrf-verification"
        },
        "name": "csrf-baseline-847261935",
        "photoUrls": [
            "https://example.invalid/csrf-baseline"
        ],
        "tags": [
            {
                "id": 847261935,
                "name": "csrf-test"
            }
        ],
        "status": "available"
    },
    {
        "id": 21321351,
        "category": {
            "id": 0,
            "name": "string"
        },
        "name": "aaaaa",
        "photoUrls": [
            "string"
        ],
        "tags": [
            {
                "id": 0,
                "name": "string"
            }
        ],
        "status": "available"
    },
    {
        "id": 22222,
        "category": {
            "id": 0,
            "name": "string"
        },
        "name": "ddddef",
        "photoUrls": [
            "string"
        ],
        "tags": [
            {
                "id": 0,
                "name": "string"
            }
        ],
        "status": "available"
    },
    {
        "id": 44444,
        "category": {
            "id": 0,
            "name": "string"
        },
        "name": "sergey",
        "photoUrls": [
            "string"
        ],
        "tags": [
            {
                "id": 0,
                "name": "string"
            }
        ],
        "status": "available"
    },
    {
        "id": 43987743589,
        "category": {
            "id": 0,
            "name": "string"
        },
        "name": "valera",
        "photoUrls": [
            "string"
        ],
        "tags": [
            {
                "id": 0,
                "name": "string"
            }
        ],
        "status": "available"
    },
    {
        "id": 847261936,
        "category": {
            "id": 847261936,
            "name": "csrf-verification"
        },
        "name": "csrf-cross-origin-847261936",
        "photoUrls": [
            "https://example.invalid/csrf-cross-origin"
        ],
        "tags": [
            {
                "id": 847261936,
                "name": "csrf-test"
            }
        ],
        "status": "available"
    },
    {
        "id": 73568216434000,
        "category": {
            "id": 2,
            "name": "Gatos"
        },
        "name": "Luna",
        "photoUrls": [
            "https://example.com/luna.jpg"
        ],
        "tags": [
            
        ],
        "status": "available"
    },
    {
        "id": 314877,
        "category": {
            "id": 101,
            "name": "dog"
        },
        "name": "kesar",
        "photoUrls": [
            "https://www.nationalgeographic.com/animals/mammals/facts/domestic-dog"
        ],
        "tags": [
            {
                "id": 11,
                "name": "brown"
            }
        ],
        "status": "available"
    },
    {
        "id": 47,
        "category": {
            "id": 47,
            "name": "dog462"
        },
        "name": "dog462",
        "photoUrls": [
            "www.Infostretch.com"
        ],
        "tags": [
            {
                "id": 47,
                "name": "dog462"
            }
        ],
        "status": "available"
    },
    {
        "id": 1009,
        "category": {
            "id": 1009,
            "name": "ManuGupta1"
        },
        "name": "doggie",
        "photoUrls": [
            "www.Infostretch.com"
        ],
        "tags": [
            {
                "id": 1009,
                "name": "ManuGupta1"
            }
        ],
        "status": "available"
    },
    {
        "id": 487228,
        "category": {
            "id": 101,
            "name": "dog"
        },
        "name": "kesar",
        "photoUrls": [
            "https://www.nationalgeographic.com/animals/mammals/facts/domestic-dog"
        ],
        "tags": [
            {
                "id": 11,
                "name": "brown"
            }
        ],
        "status": "available"
    },
    {
        "id": 647314,
        "category": {
            "id": 101,
            "name": "dog"
        },
        "name": "kesar",
        "photoUrls": [
            "https://www.nationalgeographic.com/animals/mammals/facts/domestic-dog"
        ],
        "tags": [
            {
                "id": 11,
                "name": "brown"
            }
        ],
        "status": "available"
    },
    {
        "id": 751728747,
        "category": {
            "id": 1132131,
            "name": "test_category"
        },
        "name": "test_pet_for_api_tool",
        "photoUrls": [
            "http://example.com/photo.jpg"
        ],
        "tags": [
            {
                "id": 0,
                "name": "test_tag"
            }
        ],
        "status": "available"
    },
    {
        "id": 322288636,
        "category": {
            "id": 1132131,
            "name": "test_category"
        },
        "name": "test_pet_for_api_tool",
        "photoUrls": [
            "http://example.com/photo.jpg"
        ],
        "tags": [
            {
                "id": 0,
                "name": "test_tag"
            }
        ],
        "status": "available"
    },
    {
        "id": 1787319596189,
        "category": {
            "id": 1,
            "name": "1"
        },
        "name": "dog-1787319596189",
        "photoUrls": [
            "photo-1787319596189"
        ],
        "tags": [
            {
                "id": 1,
                "name": "automation"
            }
        ],
        "status": "available"
    },
    {
        "id": 1787319597051,
        "category": {
            "id": 1,
            "name": "dogs"
        },
        "name": "123",
        "photoUrls": [
            "photo-1787319597051"
        ],
        "tags": [
            {
                "id": 1,
                "name": "automation"
            }
        ],
        "status": "available"
    },
    {
        "id": 1787319598482,
        "category": {
            "id": 1,
            "name": "dogs"
        },
        "photoUrls": [
            "photo-1787319598482"
        ],
        "tags": [
            {
                "id": 1,
                "name": "automation"
            }
        ],
        "status": "available"
    },
    {
        "id": 1787319606298,
        "category": {
            "id": 1,
            "name": "dogs"
        },
        "name": "dog-1787319606298",
        "photoUrls": [
            "photo-1787319606298"
        ],
        "tags": [
            {
                "id": 1,
                "name": "123"
            }
        ],
        "status": "available"
    },
    {
        "id": 447449,
        "category": {
            "id": 101,
            "name": "dog"
        },
        "name": "kesar",
        "photoUrls": [
            "https://www.nationalgeographic.com/animals/mammals/facts/domestic-dog"
        ],
        "tags": [
            {
                "id": 11,
                "name": "brown"
            }
        ],
        "status": "available"
    },
    {
        "id": 892036,
        "category": {
            "id": 101,
            "name": "dog"
        },
        "name": "kesar",
        "photoUrls": [
            "https://www.nationalgeographic.com/animals/mammals/facts/domestic-dog"
        ],
        "tags": [
            {
                "id": 11,
                "name": "brown"
            }
        ],
        "status": "available"
    },
    {
        "id": 555,
        "category": {
            "id": 0,
            "name": "string"
        },
        "name": "Kiara",
        "photoUrls": [
            "string"
        ],
        "tags": [
            {
                "id": 0,
                "name": "string"
            }
        ],
        "status": "available"
    },
    {
        "id": 101031,
        "category": {
            "id": 0,
            "name": "string"
        },
        "name": "Bella",
        "photoUrls": [
            "string"
        ],
        "tags": [
            {
                "id": 0,
                "name": "Sadie"
            }
        ],
        "status": "available"
    },
    {
        "id": 101032,
        "category": {
            "id": 0,
            "name": "string"
        },
        "name": "Rocky",
        "photoUrls": [
            "string"
        ],
        "tags": [
            {
                "id": 0,
                "name": "Buster"
            }
        ],
        "status": "available"
    },
    {
        "id": 101033,
        "category": {
            "id": 0,
            "name": "string"
        },
        "name": "Luna",
        "photoUrls": [
            "string"
        ],
        "tags": [
            {
                "id": 0,
                "name": "Ace"
            }
        ],
        "status": "available"
    },
    {
        "id": 101034,
        "category": {
            "id": 0,
            "name": "string"
        },
        "name": "Toby",
        "photoUrls": [
            "string"
        ],
        "tags": [
            {
                "id": 0,
                "name": "Buddy"
            }
        ],
        "status": "available"
    },
    {
        "id": 101035,
        "category": {
            "id": 0,
            "name": "string"
        },
        "name": "Daisy",
        "photoUrls": [
            "string"
        ],
        "tags": [
            {
                "id": 0,
                "name": "Chloe"
            }
        ],
        "status": "available"
    },
    {
        "id": 101037,
        "category": {
            "id": 0,
            "name": "string"
        },
        "name": "Maggie",
        "photoUrls": [
            "string"
        ],
        "tags": [
            {
                "id": 0,
                "name": "Cooper"
            }
        ],
        "status": "available"
    },
    {
        "id": 101040,
        "category": {
            "id": 0,
            "name": "string"
        },
        "name": "Duke",
        "photoUrls": [
            "string"
        ],
        "tags": [
            {
                "id": 0,
                "name": "Ruby"
            }
        ],
        "status": "available"
    },
    {
        "id": 101041,
        "category": {
            "id": 0,
            "name": "string"
        },
        "name": "Molly",
        "photoUrls": [
            "string"
        ],
        "tags": [
            {
                "id": 0,
                "name": "Sammy"
            }
        ],
        "status": "available"
    },
    {
        "id": 101042,
        "category": {
            "id": 0,
            "name": "string"
        },
        "name": "Rex",
        "photoUrls": [
            "string"
        ],
        "tags": [
            {
                "id": 0,
                "name": "Daisy"
            }
        ],
        "status": "available"
    },
    {
        "id": 101043,
        "category": {
            "id": 0,
            "name": "string"
        },
        "name": "Chloe",
        "photoUrls": [
            "string"
        ],
        "tags": [
            {
                "id": 0,
                "name": "Sammy"
            }
        ],
        "status": "available"
    },
    {
        "id": 101047,
        "category": {
            "id": 0,
            "name": "string"
        },
        "name": "Sophie",
        "photoUrls": [
            "string"
        ],
        "tags": [
            {
                "id": 0,
                "name": "Toby"
            }
        ],
        "status": "available"
    },
    {
        "id": 101051,
        "category": {
            "id": 0,
            "name": "string"
        },
        "name": "Nala",
        "photoUrls": [
            "string"
        ],
        "tags": [
            {
                "id": 0,
                "name": "Buddy"
            }
        ],
        "status": "available"
    },
    {
        "id": 101052,
        "category": {
            "id": 0,
            "name": "string"
        },
        "name": "Simba",
        "photoUrls": [
            "string"
        ],
        "tags": [
            {
                "id": 0,
                "name": "Nala"
            }
        ],
        "status": "available"
    },
    {
        "id": 101053,
        "category": {
            "id": 0,
            "name": "string"
        },
        "name": "Ruby",
        "photoUrls": [
            "string"
        ],
        "tags": [
            {
                "id": 0,
                "name": "Tank"
            }
        ],
        "status": "available"
    },
    {
        "id": 101054,
        "category": {
            "id": 0,
            "name": "string"
        },
        "name": "Thor",
        "photoUrls": [
            "string"
        ],
        "tags": [
            {
                "id": 0,
                "name": "Rex"
            }
        ],
        "status": "available"
    },
    {
        "id": 101056,
        "category": {
            "id": 0,
            "name": "string"
        },
        "name": "Zeus",
        "photoUrls": [
            "string"
        ],
        "tags": [
            {
                "id": 0,
                "name": "Shadow"
            }
        ],
        "status": "available"
    },
    {
        "id": 101057,
        "category": {
            "id": 0,
            "name": "string"
        },
        "name": "Rosie",
        "photoUrls": [
            "string"
        ],
        "tags": [
            {
                "id": 0,
                "name": "Toby"
            }
        ],
        "status": "available"
    },
    {
        "id": 101058,
        "category": {
            "id": 0,
            "name": "string"
        },
        "name": "Apollo",
        "photoUrls": [
            "string"
        ],
        "tags": [
            {
                "id": 0,
                "name": "Stella"
            }
        ],
        "status": "available"
    },
    {
        "id": 101059,
        "category": {
            "id": 0,
            "name": "string"
        },
        "name": "Coco",
        "photoUrls": [
            "string"
        ],
        "tags": [
            {
                "id": 0,
                "name": "Sophie"
            }
        ],
        "status": "available"
    },
    {
        "id": 107052801,
        "category": {
            "id": 1,
            "name": "cachorro"
        },
        "name": "Coragem",
        "photoUrls": [
            
        ],
        "tags": [
            {
                "id": 1,
                "name": "vacinado"
            },
            {
                "id": 9,
                "name": "vermifugado"
            }
        ],
        "status": "available"
    },
    {
        "id": 313131770,
        "category": {
            "id": 1132131,
            "name": "test_category"
        },
        "name": "test_pet_for_api_tool",
        "photoUrls": [
            "http://example.com/photo.jpg"
        ],
        "tags": [
            {
                "id": 0,
                "name": "test_tag"
            }
        ],
        "status": "available"
    },
    {
        "id": 671540469,
        "category": {
            "id": 1132131,
            "name": "test_category"
        },
        "name": "test_pet_for_api_tool",
        "photoUrls": [
            "http://example.com/photo.jpg"
        ],
        "tags": [
            {
                "id": 0,
                "name": "test_tag"
            }
        ],
        "status": "available"
    },
    {
        "id": 81216681,
        "name": "",
        "photoUrls": [
            
        ],
        "tags": [
            
        ],
        "status": "available"
    },
    {
        "id": 12345,
        "category": {
            "id": 1,
            "name": "Dogs"
        },
        "name": "Buddy",
        "photoUrls": [
            "http://example.com/buddy1.jpg",
            "http://example.com/buddy2.jpg"
        ],
        "tags": [
            {
                "id": 10,
                "name": "friendly"
            },
            {
                "id": 11,
                "name": "playful"
            }
        ],
        "status": "available"
    },
    {
        "id": 55,
        "category": {
            "id": 0,
            "name": "string"
        },
        "name": "root",
        "photoUrls": [
            "string"
        ],
        "tags": [
            {
                "id": 0,
                "name": "string"
            }
        ],
        "status": "available"
    },
    {
        "id": 20260821,
        "category": {
            "id": 1,
            "name": "Bodri"
        },
        "name": "",
        "photoUrls": [
            "https://csomoriallatvedok.hu/pet/bodri-bob/"
        ],
        "tags": [
            {
                "id": 10,
                "name": "friendly"
            }
        ],
        "status": "available"
    },
    {
        "id": 303984106,
        "category": {
            "id": 1132131,
            "name": "test_category"
        },
        "name": "test_pet_for_api_tool",
        "photoUrls": [
            "http://example.com/photo.jpg"
        ],
        "tags": [
            {
                "id": 0,
                "name": "test_tag"
            }
        ],
        "status": "available"
    },
    {
        "id": 309789,
        "name": "mouse",
        "photoUrls": [
            
        ],
        "tags": [
            
        ],
        "status": "available"
    },
    {
        "id": 42,
        "category": {
            "id": 1,
            "name": "Dogs"
        },
        "name": "Buddysik",
        "photoUrls": [
            "https://example.com/photos/buddy.jpg"
        ],
        "tags": [
            {
                "id": 7,
                "name": "Cute"
            }
        ],
        "status": "available"
    },
    {
        "id": 121173,
        "category": {
            "id": 0,
            "name": "string"
        },
        "name": "doggie",
        "photoUrls": [
            "string"
        ],
        "tags": [
            {
                "id": 0,
                "name": "string"
            }
        ],
        "status": "available"
    },
    {
        "id": 234567,
        "category": {
            "id": 0,
            "name": "string"
        },
        "name": "Puňťa",
        "photoUrls": [
            "string"
        ],
        "tags": [
            {
                "id": 0,
                "name": "string"
            }
        ],
        "status": "available"
    },
    {
        "id": 8536,
        "category": {
            "id": 6532,
            "name": "fish"
        },
        "name": "nemo",
        "photoUrls": [
            "string",
            "https://encrypted-tbn0.gstatic.com/images?q=tbn:ANd9GcToeIksYvNxk12gpwPHBAYAxV9q0IMlkYhWC_2NVHiAlNOPpyn4efUpx38&s=10"
        ],
        "tags": [
            {
                "id": 6572,
                "name": "string"
            },
            {
                "id": 6921,
                "name": "string"
            }
        ],
        "status": "available"
    },
    {
        "id": 853625,
        "category": {
            "id": 6532,
            "name": "fishs"
        },
        "name": "nemo fish",
        "photoUrls": [
            "string",
            "https://encrypted-tbn0.gstatic.com/images?q=tbn:ANd9GcToeIksYvNxk12gpwPHBAYAxV9q0IMlkYhWC_2NVHiAlNOPpyn4efUpx38&s=10"
        ],
        "tags": [
            {
                "id": 6572,
                "name": "string"
            },
            {
                "id": 6921,
                "name": "string"
            }
        ],
        "status": "available"
    },
    {
        "id": 1787321300400,
        "category": {
            "id": 0,
            "name": "categoria do pet"
        },
        "name": "pet-1787321300400",
        "photoUrls": [
            "https://example.com/pet.png"
        ],
        "tags": [
            {
                "id": 0,
                "name": "cypress"
            }
        ],
        "status": "available"
    },
    {
        "id": 1787321300824,
        "category": {
            "id": 0,
            "name": "categoria do pet"
        },
        "name": "pet-1787321300824",
        "photoUrls": [
            "https://example.com/pet.png"
        ],
        "tags": [
            {
                "id": 0,
                "name": "cypress"
            }
        ],
        "status": "available"
    },
    {
        "id": 6499954,
        "name": "pet-bmr4is",
        "photoUrls": [
            
        ],
        "tags": [
            
        ],
        "status": "available"
    },
    {
        "id": 7305834,
        "name": "pet-b4sk55",
        "photoUrls": [
            
        ],
        "tags": [
            
        ],
        "status": "available"
    },
    {
        "id": 987654321,
        "category": {
            "id": 0,
            "name": "xxe-test"
        },
        "name": "",
        "photoUrls": [
            
        ],
        "tags": [
            
        ],
        "status": "available"
    },
    {
        "id": 987654322,
        "category": {
            "id": 0,
            "name": "xxe-test"
        },
        "name": "",
        "photoUrls": [
            
        ],
        "tags": [
            
        ],
        "status": "available"
    },
    {
        "id": 12344,
        "category": {
            "id": 1,
            "name": "animals"
        },
        "name": "cn9m22wy",
        "photoUrls": [
            "https://w7.pngwing.com/pngs/279/812/png-transparent-cute-poodle-animal-puppy-pet.png"
        ],
        "tags": [
            {
                "id": 99,
                "name": "doggie"
            }
        ],
        "status": "available"
    },
    {
        "id": 123,
        "name": "GABBAR",
        "photoUrls": [
            
        ],
        "tags": [
            
        ],
        "status": "available"
    },
    {
        "id": 607178,
        "name": "dog",
        "photoUrls": [
            
        ],
        "tags": [
            
        ],
        "status": "available"
    },
    {
        "id": 873,
        "category": {
            "id": 3008,
            "name": "Aurora"
        },
        "name": "Bug",
        "photoUrls": [
            "string",
            "string"
        ],
        "tags": [
            {
                "id": 449,
                "name": "string"
            },
            {
                "id": 29,
                "name": "string"
            }
        ],
        "status": "available"
    },
    {
        "id": 2001,
        "name": "Rex",
        "photoUrls": [
            
        ],
        "tags": [
            
        ],
        "status": "available"
    },
    {
        "id": 566,
        "category": {
            "id": 3008,
            "name": "Aurora"
        },
        "name": "{{pet_name}}",
        "photoUrls": [
            "string",
            "string"
        ],
        "tags": [
            {
                "id": 449,
                "name": "string"
            },
            {
                "id": 29,
                "name": "string"
            }
        ],
        "status": "available"
    },
    {
        "id": 838,
        "category": {
            "id": 3008,
            "name": "Aurora"
        },
        "name": "Bug",
        "photoUrls": [
            "string",
            "string"
        ],
        "tags": [
            {
                "id": 449,
                "name": "string"
            },
            {
                "id": 29,
                "name": "string"
            }
        ],
        "status": "available"
    },
    {
        "id": 684,
        "category": {
            "id": 3008,
            "name": "Aurora"
        },
        "name": "Bug",
        "photoUrls": [
            "string",
            "string"
        ],
        "tags": [
            {
                "id": 449,
                "name": "string"
            },
            {
                "id": 29,
                "name": "string"
            }
        ],
        "status": "available"
    },
    {
        "id": 808912,
        "name": "leopard",
        "photoUrls": [
            
        ],
        "tags": [
            
        ],
        "status": "available"
    },
    {
        "id": 323076159,
        "category": {
            "id": 1132131,
            "name": "test_category"
        },
        "name": "test_pet_for_api_tool",
        "photoUrls": [
            "http://example.com/photo.jpg"
        ],
        "tags": [
            {
                "id": 0,
                "name": "test_tag"
            }
        ],
        "status": "available"
    },
    {
        "id": 99,
        "category": {
            "id": 101,
            "name": "dogz"
        },
        "name": "fido",
        "photoUrls": [
            "http://fido.jpg"
        ],
        "tags": [
            {
                "id": 102,
                "name": "friendly"
            }
        ],
        "status": "available"
    },
    {
        "id": 882843727,
        "category": {
            "id": 1132131,
            "name": "test_category"
        },
        "name": "test_pet_for_api_tool",
        "photoUrls": [
            "http://example.com/photo.jpg"
        ],
        "tags": [
            {
                "id": 0,
                "name": "test_tag"
            }
        ],
        "status": "available"
    },
    {
        "id": 481,
        "category": {
            "id": 3008,
            "name": "Aurora"
        },
        "name": "Bug",
        "photoUrls": [
            "string",
            "string"
        ],
        "tags": [
            {
                "id": 449,
                "name": "string"
            },
            {
                "id": 29,
                "name": "string"
            }
        ],
        "status": "available"
    },
    {
        "id": 418,
        "category": {
            "id": 3008,
            "name": "Aurora"
        },
        "name": "Bug",
        "photoUrls": [
            "string",
            "string"
        ],
        "tags": [
            {
                "id": 449,
                "name": "string"
            },
            {
                "id": 29,
                "name": "string"
            }
        ],
        "status": "available"
    },
    {
        "id": 800,
        "category": {
            "id": 3008,
            "name": "Aurora"
        },
        "name": "Bug",
        "photoUrls": [
            "string",
            "string"
        ],
        "tags": [
            {
                "id": 449,
                "name": "string"
            },
            {
                "id": 29,
                "name": "string"
            }
        ],
        "status": "available"
    },
    {
        "id": 859401822,
        "category": {
            "id": 1132131,
            "name": "test_category"
        },
        "name": "test_pet_for_api_tool",
        "photoUrls": [
            "http://example.com/photo.jpg"
        ],
        "tags": [
            {
                "id": 0,
                "name": "test_tag"
            }
        ],
        "status": "available"
    },
    {
        "id": 1787323610,
        "name": "",
        "photoUrls": [
            "Ûf²",
            "",
            "W\nç\"ªW",
            "(╯°□°）╯︵ ┻━┻)",
            "󚛦¸°",
            "º򻙩Z6Î",
            "𯽘",
            "񷦕û򘴞¶Ëa6ò4¾򴝌",
            "°y򁤧Óè¬z",
            "eq}𿭉񘒉",
            "É",
            "?󰠂R/",
            "पन्ह पन्ह त्र र्च कृकृ ड्ड न्हृे إلا بسم الله",
            "F)®&󑏩\n𜺯.ÏõòÙ",
            "񮟘e½IK<.",
            "]",
            "",
            "",
            "ö󭌸X~󡆯ú)󴓃¥",
            "mÛ",
            "eô¸",
            "👍🏻",
            "then",
            "",
            "𫪌<U􂍑Pi7F'C\"©r",
            "",
            ".Õ6",
            "",
            "",
            "",
            "Kèÿ;"
        ],
        "tags": [
            
        ],
        "status": "available"
    },
    {
        "id": 999,
        "category": {
            "id": 1,
            "name": "dogs"
        },
        "name": "bolt",
        "photoUrls": [
            "bolt.png"
        ],
        "tags": [
            {
                "id": 11,
                "name": "fast"
            }
        ],
        "status": "available"
    },
    {
        "id": 90,
        "category": {
            "id": 10,
            "name": "Dog"
        },
        "name": "Bruno",
        "photoUrls": [
            "www.google.com"
        ],
        "tags": [
            {
                "id": 3,
                "name": "Loyal"
            }
        ],
        "status": "available"
    },
    {
        "id": 121,
        "category": {
            "id": 1001,
            "name": "Parrot"
        },
        "name": "Blu",
        "photoUrls": [
            "www.google.com"
        ],
        "tags": [
            {
                "id": 4,
                "name": "Healthy"
            }
        ],
        "status": "available"
    },
    {
        "id": 6743,
        "category": {
            "id": 3737,
            "name": "string"
        },
        "name": "doggie",
        "photoUrls": [
            "string",
            "string"
        ],
        "tags": [
            {
                "id": 5471,
                "name": "string"
            },
            {
                "id": 2111,
                "name": "string"
            }
        ],
        "status": "available"
    },
    {
        "id": 121212,
        "category": {
            "id": 0,
            "name": "birdie"
        },
        "name": "cikcik",
        "photoUrls": [
            "string"
        ],
        "tags": [
            {
                "id": 0,
                "name": "cute"
            }
        ],
        "status": "available"
    },
    {
        "id": 1626576905,
        "name": "PetNameOFbSOsen",
        "photoUrls": [
            
        ],
        "tags": [
            
        ],
        "status": "available"
    },
    {
        "id": 316651,
        "category": {
            "id": 1,
            "name": "Cat"
        },
        "photoUrls": [
            
        ],
        "tags": [
            
        ],
        "status": "available"
    },
    {
        "id": 721757686,
        "name": "PetNamepBlQqAnB",
        "photoUrls": [
            
        ],
        "tags": [
            
        ],
        "status": "available"
    },
    {
        "id": 499278344,
        "name": "Fido6",
        "photoUrls": [
            "string"
        ],
        "tags": [
            
        ],
        "status": "available"
    },
    {
        "id": 8888885,
        "name": "MyLittlePet",
        "photoUrls": [
            
        ],
        "tags": [
            
        ],
        "status": "available"
    },
    {
        "id": 1258002319,
        "name": "PetNameuyhttsgb",
        "photoUrls": [
            
        ],
        "tags": [
            
        ],
        "status": "available"
    },
    {
        "id": 12121,
        "category": {
            "id": 0,
            "name": "string"
        },
        "name": "TestPetName",
        "photoUrls": [
            "string"
        ],
        "tags": [
            {
                "id": 0,
                "name": "string"
            }
        ],
        "status": "available"
    },
    {
        "id": 501,
        "category": {
            "id": 51,
            "name": "DOG"
        },
        "name": "Mobi",
        "photoUrls": [
            "string"
        ],
        "tags": [
            {
                "id": 21,
                "name": "my pet"
            }
        ],
        "status": "available"
    },
    {
        "id": 1787325011235,
        "category": {
            "id": 1,
            "name": "1"
        },
        "name": "dog-1787325011235",
        "photoUrls": [
            "photo-1787325011235"
        ],
        "tags": [
            {
                "id": 1,
                "name": "automation"
            }
        ],
        "status": "available"
    },
    {
        "id": 1787325013141,
        "category": {
            "id": 1,
            "name": "dogs"
        },
        "photoUrls": [
            "photo-1787325013141"
        ],
        "tags": [
            {
                "id": 1,
                "name": "automation"
            }
        ],
        "status": "available"
    },
    {
        "id": 1787325016112,
        "category": {
            "id": 1,
            "name": "dogs"
        },
        "name": "dog-1787325016112",
        "photoUrls": [
            
        ],
        "tags": [
            {
                "id": 1,
                "name": "automation"
            }
        ],
        "status": "available"
    },
    {
        "id": 1787325019933,
        "category": {
            "id": 1,
            "name": "dogs"
        },
        "name": "dog-1787325019933",
        "photoUrls": [
            "photo-1787325019933"
        ],
        "tags": [
            {
                "id": 1,
                "name": "123"
            }
        ],
        "status": "available"
    },
    {
        "id": 1787325021858,
        "category": {
            "id": 1,
            "name": "dogs"
        },
        "name": "dog-1787325021858",
        "photoUrls": [
            "photo-1787325021858"
        ],
        "tags": [
            {
                "id": 1,
                "name": "automation"
            }
        ],
        "status": "available"
    },
    {
        "id": 1787325022820,
        "category": {
            "id": 1,
            "name": "dogs"
        },
        "name": "dog-1787325022820",
        "photoUrls": [
            "photo-1787325022820"
        ],
        "tags": [
            {
                "id": 1,
                "name": "automation"
            }
        ],
        "status": "available"
    },
    {
        "id": 1787325023839,
        "category": {
            "id": 1,
            "name": "dogs"
        },
        "name": "dog-1787325023839",
        "photoUrls": [
            "photo-1787325023839"
        ],
        "tags": [
            {
                "id": 1,
                "name": "automation"
            }
        ],
        "status": "available"
    },
    {
        "id": 1787325024703,
        "category": {
            "id": 1,
            "name": "dogs"
        },
        "name": "dog-1787325024703",
        "photoUrls": [
            "photo-1787325024703"
        ],
        "tags": [
            {
                "id": 1,
                "name": "automation"
            }
        ],
        "status": "available"
    },
    {
        "id": 1787325025659,
        "category": {
            "id": 1,
            "name": "dogs"
        },
        "name": "dog-1787325025659",
        "photoUrls": [
            "photo-1787325025659"
        ],
        "tags": [
            {
                "id": 1,
                "name": "automation"
            }
        ],
        "status": "available"
    },
    {
        "id": 1787325026503,
        "category": {
            "id": 1,
            "name": "dogs"
        },
        "name": "dog-1787325026503",
        "photoUrls": [
            "photo-1787325026503"
        ],
        "tags": [
            {
                "id": 1,
                "name": "automation"
            }
        ],
        "status": "available"
    },
    {
        "id": 1787325027569,
        "category": {
            "id": 1,
            "name": "dogs"
        },
        "name": "dog-1787325027569",
        "photoUrls": [
            "photo-1787325027569"
        ],
        "tags": [
            {
                "id": 1,
                "name": "automation"
            }
        ],
        "status": "available"
    },
    {
        "id": 1787325028523,
        "category": {
            "id": 1,
            "name": "dogs"
        },
        "name": "dog-1787325028523",
        "photoUrls": [
            "photo-1787325028523"
        ],
        "tags": [
            {
                "id": 1,
                "name": "automation"
            }
        ],
        "status": "available"
    },
    {
        "id": 1787325030548,
        "category": {
            "id": 1,
            "name": "dogs"
        },
        "name": "dog-1787325030548",
        "photoUrls": [
            "photo-1787325030548"
        ],
        "tags": [
            {
                "id": 1,
                "name": "automation"
            }
        ],
        "status": "available"
    },
    {
        "id": 1787325031394,
        "category": {
            "id": 1,
            "name": "dogs"
        },
        "name": "dog-1787325031394",
        "photoUrls": [
            "photo-1787325031394"
        ],
        "tags": [
            {
                "id": 1,
                "name": "automation"
            }
        ],
        "status": "available"
    },
    {
        "id": 1787325032325,
        "category": {
            "id": 1,
            "name": "dogs"
        },
        "name": "dog-1787325032325",
        "photoUrls": [
            "photo-1787325032325"
        ],
        "tags": [
            {
                "id": 1,
                "name": "automation"
            }
        ],
        "status": "available"
    },
    {
        "id": 1787325033333,
        "category": {
            "id": 1,
            "name": "dogs"
        },
        "name": "dog-1787325033333",
        "photoUrls": [
            "photo-1787325033333"
        ],
        "tags": [
            {
                "id": 1,
                "name": "automation"
            }
        ],
        "status": "available"
    },
    {
        "id": 1787325034202,
        "category": {
            "id": 1,
            "name": "dogs"
        },
        "name": "dog-1787325034202",
        "photoUrls": [
            "photo-1787325034202"
        ],
        "tags": [
            {
                "id": 1,
                "name": "automation"
            }
        ],
        "status": "available"
    },
    {
        "id": 1787325035178,
        "category": {
            "id": 1,
            "name": "dogs"
        },
        "name": "dog-1787325035178",
        "photoUrls": [
            "photo-1787325035178"
        ],
        "tags": [
            {
                "id": 1,
                "name": "automation"
            }
        ],
        "status": "available"
    },
    {
        "id": 806971,
        "name": "weasel",
        "photoUrls": [
            
        ],
        "tags": [
            
        ],
        "status": "available"
    },
    {
        "id": 1245,
        "category": {
            "id": 1245,
            "name": "xyz"
        },
        "name": "xyz",
        "photoUrls": [
            "test"
        ],
        "tags": [
            
        ],
        "status": "available"
    },
    {
        "id": 12,
        "category": {
            "id": 1,
            "name": "string"
        },
        "name": "doggie",
        "photoUrls": [
            "string"
        ],
        "tags": [
            {
                "id": 1,
                "name": "string"
            }
        ],
        "status": "available"
    },
    {
        "id": 7739,
        "category": {
            "id": 3936,
            "name": "string"
        },
        "name": "doggie",
        "photoUrls": [
            "string",
            "string"
        ],
        "tags": [
            {
                "id": 9510,
                "name": "string"
            },
            {
                "id": 3589,
                "name": "string"
            }
        ],
        "status": "available"
    },
    {
        "id": 777,
        "category": {
            "id": 111,
            "name": "dogs"
        },
        "name": "Tuzik",
        "photoUrls": [
            "string"
        ],
        "tags": [
            {
                "id": 222,
                "name": "good dogs"
            }
        ],
        "status": "available"
    },
    {
        "id": 599,
        "category": {
            "id": 0,
            "name": "string"
        },
        "name": "Leland",
        "photoUrls": [
            "string"
        ],
        "tags": [
            {
                "id": 0,
                "name": "string"
            }
        ],
        "status": "available"
    },
    {
        "id": 437287,
        "category": {
            "id": 437287,
            "name": "kangs name"
        },
        "name": "doggie",
        "photoUrls": [
            "kangs url"
        ],
        "tags": [
            {
                "id": 437287,
                "name": "kangs tag 437287"
            }
        ],
        "status": "available"
    },
    {
        "id": 426602,
        "category": {
            "id": 426602,
            "name": "kangs name"
        },
        "name": "doggie",
        "photoUrls": [
            "kangs url"
        ],
        "tags": [
            {
                "id": 426602,
                "name": "kangs tag 426602"
            }
        ],
        "status": "available"
    },
    {
        "id": 276233,
        "category": {
            "id": 276233,
            "name": "kangs name"
        },
        "name": "doggie",
        "photoUrls": [
            "kangs url"
        ],
        "tags": [
            {
                "id": 276233,
                "name": "kangs tag 276233"
            }
        ],
        "status": "available"
    },
    {
        "id": 392153,
        "category": {
            "id": 392153,
            "name": "kangs name"
        },
        "name": "doggie",
        "photoUrls": [
            "kangs url"
        ],
        "tags": [
            {
                "id": 392153,
                "name": "kangs tag 392153"
            }
        ],
        "status": "available"
    },
    {
        "id": 726611,
        "category": {
            "id": 726611,
            "name": "kangs name"
        },
        "name": "doggie",
        "photoUrls": [
            "kangs url"
        ],
        "tags": [
            {
                "id": 726611,
                "name": "kangs tag 726611"
            }
        ],
        "status": "available"
    },
    {
        "id": 1232,
        "category": {
            "id": 1232,
            "name": "kangs name"
        },
        "name": "doggie",
        "photoUrls": [
            "kangs url"
        ],
        "tags": [
            {
                "id": 1232,
                "name": "kangs tag 1232"
            }
        ],
        "status": "available"
    },
    {
        "id": 131600,
        "category": {
            "id": 131600,
            "name": "kangs name"
        },
        "name": "doggie",
        "photoUrls": [
            "kangs url"
        ],
        "tags": [
            {
                "id": 131600,
                "name": "kangs tag 131600"
            }
        ],
        "status": "available"
    },
    {
        "id": 815821,
        "category": {
            "id": 815821,
            "name": "kangs name"
        },
        "name": "doggie",
        "photoUrls": [
            "kangs url"
        ],
        "tags": [
            {
                "id": 815821,
                "name": "kangs tag 815821"
            }
        ],
        "status": "available"
    },
    {
        "id": 539051,
        "category": {
            "id": 539051,
            "name": "kangs name"
        },
        "name": "doggie",
        "photoUrls": [
            "kangs url"
        ],
        "tags": [
            {
                "id": 539051,
                "name": "kangs tag 539051"
            }
        ],
        "status": "available"
    },
    {
        "id": 228086,
        "category": {
            "id": 228086,
            "name": "kangs name"
        },
        "name": "doggie",
        "photoUrls": [
            "kangs url"
        ],
        "tags": [
            {
                "id": 228086,
                "name": "kangs tag 228086"
            }
        ],
        "status": "available"
    },
    {
        "id": 688989,
        "category": {
            "id": 688989,
            "name": "kangs name"
        },
        "name": "doggie",
        "photoUrls": [
            "kangs url"
        ],
        "tags": [
            {
                "id": 688989,
                "name": "kangs tag 688989"
            }
        ],
        "status": "available"
    },
    {
        "id": 765641,
        "category": {
            "id": 765641,
            "name": "kangs name"
        },
        "name": "doggie",
        "photoUrls": [
            "kangs url"
        ],
        "tags": [
            {
                "id": 765641,
                "name": "kangs tag 765641"
            }
        ],
        "status": "available"
    },
    {
        "id": 640768,
        "category": {
            "id": 640768,
            "name": "kangs name"
        },
        "name": "doggie",
        "photoUrls": [
            "kangs url"
        ],
        "tags": [
            {
                "id": 640768,
                "name": "kangs tag 640768"
            }
        ],
        "status": "available"
    },
    {
        "id": 943160,
        "category": {
            "id": 943160,
            "name": "kangs name"
        },
        "name": "doggie",
        "photoUrls": [
            "kangs url"
        ],
        "tags": [
            {
                "id": 943160,
                "name": "kangs tag 943160"
            }
        ],
        "status": "available"
    },
    {
        "id": 515453,
        "category": {
            "id": 515453,
            "name": "kangs name"
        },
        "name": "doggie",
        "photoUrls": [
            "kangs url"
        ],
        "tags": [
            {
                "id": 515453,
                "name": "kangs tag 515453"
            }
        ],
        "status": "available"
    },
    {
        "id": 162277,
        "category": {
            "id": 162277,
            "name": "kangs name"
        },
        "name": "doggie",
        "photoUrls": [
            "kangs url"
        ],
        "tags": [
            {
                "id": 162277,
                "name": "kangs tag 162277"
            }
        ],
        "status": "available"
    },
    {
        "id": 726159,
        "category": {
            "id": 726159,
            "name": "kangs name"
        },
        "name": "doggie",
        "photoUrls": [
            "kangs url"
        ],
        "tags": [
            {
                "id": 726159,
                "name": "kangs tag 726159"
            }
        ],
        "status": "available"
    },
    {
        "id": 45624,
        "category": {
            "id": 1,
            "name": "Dogs"
        },
        "name": "TestDog-45624",
        "photoUrls": [
            "https://example.com/photo1.jpg"
        ],
        "tags": [
            {
                "id": 1,
                "name": "test-tag"
            }
        ],
        "status": "available"
    },
    {
        "id": 743355,
        "category": {
            "id": 743355,
            "name": "kangs name"
        },
        "name": "doggie",
        "photoUrls": [
            "kangs url"
        ],
        "tags": [
            {
                "id": 743355,
                "name": "kangs tag 743355"
            }
        ],
        "status": "available"
    },
    {
        "id": 468977,
        "category": {
            "id": 468977,
            "name": "kangs name"
        },
        "name": "doggie",
        "photoUrls": [
            "kangs url"
        ],
        "tags": [
            {
                "id": 468977,
                "name": "kangs tag 468977"
            }
        ],
        "status": "available"
    },
    {
        "id": 222650,
        "category": {
            "id": 222650,
            "name": "kangs name"
        },
        "name": "doggie",
        "photoUrls": [
            "kangs url"
        ],
        "tags": [
            {
                "id": 222650,
                "name": "kangs tag 222650"
            }
        ],
        "status": "available"
    },
    {
        "id": 28552,
        "category": {
            "id": 28552,
            "name": "kangs name"
        },
        "name": "doggie",
        "photoUrls": [
            "kangs url"
        ],
        "tags": [
            {
                "id": 28552,
                "name": "kangs tag 28552"
            }
        ],
        "status": "available"
    },
    {
        "id": 919155,
        "category": {
            "id": 919155,
            "name": "kangs name"
        },
        "name": "doggie",
        "photoUrls": [
            "kangs url"
        ],
        "tags": [
            {
                "id": 919155,
                "name": "kangs tag 919155"
            }
        ],
        "status": "available"
    },
    {
        "id": 406218,
        "category": {
            "id": 406218,
            "name": "kangs name"
        },
        "name": "doggie",
        "photoUrls": [
            "kangs url"
        ],
        "tags": [
            {
                "id": 406218,
                "name": "kangs tag 406218"
            }
        ],
        "status": "available"
    },
    {
        "id": 490945,
        "category": {
            "id": 490945,
            "name": "kangs name"
        },
        "name": "doggie",
        "photoUrls": [
            "kangs url"
        ],
        "tags": [
            {
                "id": 490945,
                "name": "kangs tag 490945"
            }
        ],
        "status": "available"
    },
    {
        "id": 834786,
        "category": {
            "id": 834786,
            "name": "kangs name"
        },
        "name": "doggie",
        "photoUrls": [
            "kangs url"
        ],
        "tags": [
            {
                "id": 834786,
                "name": "kangs tag 834786"
            }
        ],
        "status": "available"
    },
    {
        "id": 7349,
        "category": {
            "id": 1,
            "name": "Dogs"
        },
        "name": "TestPet_XML",
        "photoUrls": [
            "https://example.com/photo1.jpg"
        ],
        "tags": [
            {
                "id": 1,
                "name": "test-tag"
            }
        ],
        "status": "available"
    },
    {
        "id": 8291,
        "category": {
            "id": 1,
            "name": "Dogs"
        },
        "name": "TestPet_XML",
        "photoUrls": [
            "https://example.com/photo1.jpg"
        ],
        "tags": [
            {
                "id": 1,
                "name": "test-tag"
            }
        ],
        "status": "available"
    },
    {
        "id": 8474,
        "category": {
            "id": 1,
            "name": "Dogs"
        },
        "name": "TestPet_XML",
        "photoUrls": [
            "https://example.com/photo1.jpg"
        ],
        "tags": [
            {
                "id": 1,
                "name": "test-tag"
            }
        ],
        "status": "available"
    },
    {
        "id": 8655,
        "category": {
            "id": 1,
            "name": "Dogs"
        },
        "name": "TestPet_XML",
        "photoUrls": [
            "https://example.com/photo1.jpg"
        ],
        "tags": [
            {
                "id": 1,
                "name": "test-tag"
            }
        ],
        "status": "available"
    },
    {
        "id": 8840,
        "category": {
            "id": 1,
            "name": "Dogs"
        },
        "name": "TestPet_XML",
        "photoUrls": [
            "https://example.com/photo1.jpg"
        ],
        "tags": [
            {
                "id": 1,
                "name": "test-tag"
            }
        ],
        "status": "available"
    },
    {
        "id": 9014,
        "category": {
            "id": 1,
            "name": "Dogs"
        },
        "name": "TestPet_XML",
        "photoUrls": [
            "https://example.com/photo1.jpg"
        ],
        "tags": [
            {
                "id": 1,
                "name": "test-tag"
            }
        ],
        "status": "available"
    },
    {
        "id": 9194,
        "category": {
            "id": 1,
            "name": "Dogs"
        },
        "name": "TestPet_XML",
        "photoUrls": [
            "https://example.com/photo1.jpg"
        ],
        "tags": [
            {
                "id": 1,
                "name": "test-tag"
            }
        ],
        "status": "available"
    },
    {
        "id": 9566,
        "category": {
            "id": 1,
            "name": "Dogs"
        },
        "name": "TestPet_XML",
        "photoUrls": [
            "https://example.com/photo1.jpg"
        ],
        "tags": [
            {
                "id": 1,
                "name": "test-tag"
            }
        ],
        "status": "available"
    },
    {
        "id": 9378,
        "category": {
            "id": 1,
            "name": "Dogs"
        },
        "name": "TestPet_XML",
        "photoUrls": [
            "https://example.com/photo1.jpg"
        ],
        "tags": [
            {
                "id": 1,
                "name": "test-tag"
            }
        ],
        "status": "available"
    },
    {
        "id": 9765,
        "category": {
            "id": 1,
            "name": "Dogs"
        },
        "name": "TestPet_XML",
        "photoUrls": [
            "https://example.com/photo1.jpg"
        ],
        "tags": [
            {
                "id": 1,
                "name": "test-tag"
            }
        ],
        "status": "available"
    },
    {
        "id": 73943384,
        "category": {
            "id": 47311846,
            "name": "occaecat non fugiat"
        },
        "name": "doggie",
        "photoUrls": [
            "ullamco eu",
            "culpa magna"
        ],
        "tags": [
            {
                "id": 3871218,
                "name": "in eu non Duis"
            },
            {
                "id": 28531247,
                "name": "exercitation tempor commodo"
            }
        ],
        "status": "available"
    },
    {
        "id": 63578770,
        "category": {
            "id": 27474499,
            "name": "qui voluptate"
        },
        "name": "doggie",
        "photoUrls": [
            "",
            "Ut aliquip dolore"
        ],
        "tags": [
            {
                "id": -84252108,
                "name": "sint consequat "
            },
            {
                "id": 95446693,
                "name": "aute laborum ad"
            }
        ],
        "status": "available"
    },
    {
        "id": 849194,
        "category": {
            "id": 849194,
            "name": "kangs name"
[...]
        ],
        "status": "available"
    },
    {
        "id": 9223372016900013000,
        "category": {
            "id": 0,
            "name": "string"
        },
        "name": "doggie",
        "photoUrls": [
            "string"
        ],
        "tags": [
            {
                "id": 0,
                "name": "string"
            }
        ],
        "status": "available"
    },
    {
        "id": 99010,
        "name": "puppy",
        "photoUrls": [
            
        ],
        "tags": [
            
        ],
        "status": "available"
    },
    {
        "id": 171278864,
        "category": {
            "id": 1,
            "name": "dogs"
        },
        "name": "pet-for-create",
        "photoUrls": [
            "https://example.com/pets/171278864.jpg"
        ],
        "tags": [
            {
                "id": 1,
                "name": "automation"
            }
        ],
        "status": "available"
    },
    {
        "id": 420054681,
        "category": {
            "id": 1,
            "name": "dogs"
        },
        "name": "pet-for-find",
        "photoUrls": [
            "https://example.com/pets/420054681.jpg"
        ],
        "tags": [
            {
                "id": 1,
                "name": "automation"
            }
        ],
        "status": "available"
    },
    {
        "id": 69745597,
        "category": {
            "id": 81776001,
            "name": "anim incididunt"
        },
        "name": "doggie",
        "photoUrls": [
            "ut elit",
            "in"
        ],
        "tags": [
            {
                "id": -30941697,
                "name": "laborum"
            },
            {
                "id": -56138752,
                "name": "tempor incididunt"
            }
        ],
        "status": "available"
    },
    {
        "id": 764178,
        "category": {
            "id": 101,
            "name": "dog"
        },
        "name": "kesar",
        "photoUrls": [
            "https://www.nationalgeographic.com/animals/mammals/facts/domestic-dog"
        ],
        "tags": [
            {
                "id": 11,
                "name": "brown"
            }
        ],
        "status": "available"
    },
    {
        "id": 899315,
        "category": {
            "id": 101,
            "name": "dog"
        },
        "name": "kesar",
        "photoUrls": [
            "https://www.nationalgeographic.com/animals/mammals/facts/domestic-dog"
        ],
        "tags": [
            {
                "id": 11,
                "name": "brown"
            }
        ],
        "status": "available"
    },
    {
        "id": 297758,
        "category": {
            "id": 101,
            "name": "dog"
        },
        "name": "kesar",
        "photoUrls": [
            "https://www.nationalgeographic.com/animals/mammals/facts/domestic-dog"
        ],
        "tags": [
            {
                "id": 11,
                "name": "brown"
            }
        ],
        "status": "available"
    },
    {
        "id": 218922,
        "category": {
            "id": 101,
            "name": "dog"
        },
        "name": "kesar",
        "photoUrls": [
            "https://www.nationalgeographic.com/animals/mammals/facts/domestic-dog"
        ],
        "tags": [
            {
                "id": 11,
                "name": "brown"
            }
        ],
        "status": "available"
    },
    {
        "id": 271608,
        "category": {
            "id": 101,
            "name": "dog"
        },
        "name": "kesar",
        "photoUrls": [
            "https://www.nationalgeographic.com/animals/mammals/facts/domestic-dog"
        ],
        "tags": [
            {
                "id": 11,
                "name": "brown"
            }
        ],
        "status": "available"
    },
    {
        "id": 87477662495800,
        "category": {
            "id": 2,
            "name": "Gatos"
        },
        "name": "Luna",
        "photoUrls": [
            "https://example.com/luna.jpg"
        ],
        "tags": [
            
        ],
        "status": "available"
    },
    {
        "id": 361357383,
        "category": {
            "id": 1,
            "name": "dogs"
        },
        "name": "pet-for-create",
        "photoUrls": [
            "https://example.com/pets/361357383.jpg"
        ],
        "tags": [
            {
                "id": 1,
                "name": "automation"
            }
        ],
        "status": "available"
    },
    {
        "id": 274642995,
        "category": {
            "id": 1,
            "name": "dogs"
        },
        "name": "pet-for-find",
        "photoUrls": [
            "https://example.com/pets/274642995.jpg"
        ],
        "tags": [
            {
                "id": 1,
                "name": "automation"
            }
        ],
        "status": "available"
    },
    {
        "id": 6557540,
        "category": {
            "id": 18,
            "name": "flamingo"
        },
        "name": "Greater Swiss Mountain Dog",
        "photoUrls": [
            "https://picsum.photos/seed/BO9rb/3941/1167"
        ],
        "tags": [
            {
                "id": 96,
                "name": "department"
            }
        ],
        "status": "available"
    },
    {
        "id": 10,
        "category": {
            "id": 100,
            "name": "Dinosaur"
        },
        "name": "Tyrannosaurus",
        "photoUrls": [
            "http://en.wikipedia.org/wiki/Tyrannosaurus#/media/File:Tyrannosaurus_rex_mmartyniuk.png"
        ],
        "tags": [
            {
                "id": 100,
                "name": "reptile"
            },
            {
                "id": 101,
                "name": "dinosaur"
            }
        ],
        "status": "available"
    },
    {
        "id": 403,
        "category": {
            "id": 403,
            "name": "Rambo"
        },
        "name": "Rambo",
        "photoUrls": [
            "www.petstore.com/Rambo"
        ],
        "tags": [
            {
                "id": 403,
                "name": "Rambo"
            }
        ],
        "status": "available"
    },
    {
        "id": 40303748,
        "category": {
            "id": 38394334,
            "name": "fish"
        },
        "name": "Nemo",
        "photoUrls": [
            "non nulla culpa",
            "https://pbs.twimg.com/profile_images/786145766192648192/asPAQcOZ_400x400.jpg"
        ],
        "tags": [
            {
                "id": -41408652,
                "name": "ad ea ut"
            },
            {
                "id": -82715229,
                "name": "sint nostrud lab"
            }
        ],
        "status": "available"
    },
    {
        "id": 775,
        "category": {
            "id": 0,
            "name": "string"
        },
        "name": "Pet775",
        "photoUrls": [
            "string"
        ],
        "tags": [
            {
                "id": 0,
                "name": "string"
            }
        ],
        "status": "available"
    },
    {
        "id": 865,
        "category": {
            "id": 0,
            "name": "string"
        },
        "name": "Pet865",
        "photoUrls": [
            "string"
        ],
        "tags": [
            {
                "id": 0,
                "name": "string"
            }
        ],
        "status": "available"
    },
    {
        "id": 664,
        "category": {
            "id": 0,
            "name": "string"
        },
        "name": "Pet664",
        "photoUrls": [
            "string"
        ],
        "tags": [
            {
                "id": 0,
                "name": "string"
            }
        ],
        "status": "available"
    },
    {
        "id": 816,
        "category": {
            "id": 0,
            "name": "string"
        },
        "name": "Pet816",
        "photoUrls": [
            "string"
        ],
        "tags": [
            {
                "id": 0,
                "name": "string"
            }
        ],
        "status": "available"
    },
    {
        "id": 683,
        "category": {
            "id": 0,
            "name": "Devonte"
        },
        "name": "Updated name",
        "photoUrls": [
            "string"
        ],
        "tags": [
            {
                "id": 0,
                "name": "string"
            }
        ],
        "status": "available"
    },
    {
        "id": 304,
        "category": {
            "id": 304,
            "name": "shibaInu"
        },
        "name": "shibaInu",
        "photoUrls": [
            "www.petstore.com/shibaInu"
        ],
        "tags": [
            {
                "id": 304,
                "name": "shibaInu"
            }
        ],
        "status": "available"
    },
    {
        "id": 1787336095436,
        "name": "csrf-cross-origin-1787336095436",
        "photoUrls": [
            
        ],
        "tags": [
            
        ],
        "status": "available"
    },
    {
        "id": 58282736173200,
        "category": {
            "id": 2,
            "name": "Gatos"
        },
        "name": "Luna",
        "photoUrls": [
            "https://example.com/luna.jpg"
        ],
        "tags": [
            
        ],
        "status": "available"
    },
    {
        "id": 112,
        "category": {
            "id": 2,
            "name": "Tommy"
        },
        "name": "doggie",
        "photoUrls": [
            "string"
        ],
        "tags": [
            {
                "id": 0,
                "name": "Jacky"
            }
        ],
        "status": "available"
    },
    {
        "id": 112121212121,
        "category": {
            "id": 2,
            "name": "Tommy12"
        },
        "name": "doggie1",
        "photoUrls": [
            "string"
        ],
        "tags": [
            {
                "id": 0,
                "name": "Jack1y"
            }
        ],
        "status": "available"
    },
    {
        "id": 1787336185941,
        "name": "csrf-cross-origin-no-cookies-1787336185941",
        "photoUrls": [
            
        ],
        "tags": [
            
        ],
        "status": "available"
    },
    {
        "id": 58527712797500,
        "category": {
            "id": 2,
            "name": "Gatos"
        },
        "name": "Luna",
        "photoUrls": [
            "https://example.com/luna.jpg"
        ],
        "tags": [
            
        ],
        "status": "available"
    },
    {
        "id": 313,
        "category": {
            "id": 0,
            "name": "CAT"
        },
        "name": "ELMAS",
        "photoUrls": [
            "string"
        ],
        "tags": [
            {
                "id": 0,
                "name": "string"
            }
        ],
        "status": "available"
    },
    {
        "id": 101,
        "category": {
            "id": 1,
            "name": "Bull Dog"
        },
        "name": "Harley",
        "photoUrls": [
            "string"
        ],
        "tags": [
            {
                "id": 1010,
                "name": "john"
            }
        ],
        "status": "available"
    },
    {
        "id": 875,
        "category": {
            "id": 0,
            "name": "string"
        },
        "name": "Idella",
        "photoUrls": [
            "string"
        ],
        "tags": [
            {
                "id": 0,
                "name": "string"
            }
        ],
        "status": "available"
    },
    {
        "id": 549,
        "category": {
            "id": 0,
            "name": "string"
        },
        "photoUrls": [
            "link"
        ],
        "tags": [
            {
                "id": 0,
                "name": "string"
            }
        ],
        "status": "available"
    },
    {
        "id": 553,
        "category": {
            "id": 0,
            "name": "string"
        },
        "photoUrls": [
            
        ],
        "tags": [
            {
                "id": 0,
                "name": "string"
            }
        ],
        "status": "available"
    },
    {
        "id": 344,
        "category": {
            "id": 0,
            "name": "string"
        },
        "name": "Doggie",
        "photoUrls": [
            "string"
        ],
        "tags": [
            {
                "id": 0,
                "name": "string"
            }
        ],
        "status": "available"
    },
    {
        "id": 1234,
        "category": {
            "id": 0,
            "name": "rajju"
        },
        "name": "doggie",
        "photoUrls": [
            "string"
        ],
        "tags": [
            {
                "id": 0,
                "name": "string"
            }
        ],
        "status": "available"
    },
    {
        "id": 500,
        "category": {
            "id": 0,
            "name": "lab"
        },
        "name": "doggie",
        "photoUrls": [
            "string"
        ],
        "tags": [
            {
                "id": 2500,
                "name": "lab"
            }
        ],
        "status": "available"
    },
    {
        "id": 867,
        "category": {
            "id": 0,
            "name": "Samsung"
        },
        "name": "Tiger",
        "photoUrls": [
            "string"
        ],
        "tags": [
            {
                "id": 0,
                "name": "string"
            }
        ],
        "status": "available"
    },
    {
        "id": 14,
        "category": {
            "id": 1,
            "name": "lebrador"
        },
        "name": "tom",
        "photoUrls": [
            "string"
        ],
        "tags": [
            {
                "id": 1,
                "name": "simple"
            }
        ],
        "status": "available"
    },
    {
        "id": 9223372036854022425,
        "category": {
            "id": 0,
            "name": "Cute Lab Puppies"
        },
        "name": "Simba the lion",
        "photoUrls": [
            "https://images.app.goo.gl/TWFpB7qSfXDAzwkx9"
        ],
        "tags": [
            {
                "id": 0,
                "name": "Best friendly Breed"
            }
        ],
        "status": "available"
    },
    {
        "id": 1787337389679,
        "category": {
            "id": 1,
            "name": "Dogs"
        },
        "name": "Max",
        "photoUrls": [
            "https://example.com/max.png"
        ],
        "tags": [
            {
                "id": 12,
                "name": "Golden Retriever"
            },
            {
                "id": 15,
                "name": "Friendly"
            }
        ],
        "status": "available"
    },
    {
        "id": 1787337438013,
        "category": {
            "id": 1,
            "name": "Dogs"
        },
        "name": "Max",
        "photoUrls": [
            "https://example.com/max.png"
        ],
        "tags": [
            {
                "id": 12,
                "name": "Golden Retriever"
            },
            {
                "id": 15,
                "name": "Friendly"
            }
        ],
        "status": "available"
    },
    {
        "id": 1787337466700,
        "category": {
            "id": 1,
            "name": "Dogs"
        },
        "name": "Max",
        "photoUrls": [
            "https://example.com/max.png"
        ],
        "tags": [
            {
                "id": 12,
                "name": "Golden Retriever"
            },
            {
                "id": 15,
                "name": "Friendly"
            }
        ],
        "status": "available"
    },
    {
        "id": 1787338319232,
        "category": {
            "id": 1,
            "name": "Dogs"
        },
        "name": "Max",
        "photoUrls": [
            "https://example.com/max.png"
        ],
        "tags": [
            {
                "id": 12,
                "name": "Golden Retriever"
            },
            {
                "id": 15,
                "name": "Friendly"
            }
        ],
        "status": "available"
    },
    {
        "id": 1787338718135,
        "category": {
            "id": 1,
            "name": "Dogs"
        },
        "name": "Max",
        "photoUrls": [
            "https://example.com/max.png"
        ],
        "tags": [
            {
                "id": 12,
                "name": "Golden Retriever"
            },
            {
                "id": 15,
                "name": "Friendly"
            }
        ],
        "status": "available"
    },
    {
        "id": 102,
        "category": {
            "id": 0,
            "name": "Katze"
        },
        "name": "Tom",
        "photoUrls": [
            "string"
        ],
        "tags": [
            {
                "id": 0,
                "name": "string"
            }
        ],
        "status": "available"
    },
    {
        "id": 1787338841769,
        "category": {
            "id": 1,
            "name": "Dogs"
        },
        "name": "Max",
        "photoUrls": [
            "https://example.com/max.png"
        ],
        "tags": [
            {
                "id": 12,
                "name": "Golden Retriever"
            },
            {
                "id": 15,
                "name": "Friendly"
            }
        ],
        "status": "available"
    },
    {
        "id": 687,
        "category": {
            "id": 4444,
            "name": "dog"
        },
        "name": "Simba",
        "photoUrls": [
            "string"
        ],
        "tags": [
            {
                "id": 0,
                "name": "string"
            }
        ],
        "status": "available"
    },
    {
        "id": 9223372036854775001,
        "category": {
            "id": 0,
            "name": "string"
        },
        "name": "doggie",
        "photoUrls": [
            "string"
        ],
        "tags": [
            {
                "id": 0,
                "name": "string"
            }
        ],
        "status": "available"
    },
    {
        "id": 1,
        "name": "Firulais",
        "photoUrls": [
            
        ],
        "tags": [
            
        ],
        "status": "available"
    },
    {
        "id": 290722899,
        "category": {
            "id": 1,
            "name": "dogs"
        },
        "name": "pet-for-create",
        "photoUrls": [
            "https://example.com/pets/290722899.jpg"
        ],
        "tags": [
            {
                "id": 1,
                "name": "automation"
            }
        ],
        "status": "available"
    },
    {
        "id": 767687709,
        "category": {
            "id": 1,
            "name": "dogs"
        },
        "name": "pet-for-find",
        "photoUrls": [
            "https://example.com/pets/767687709.jpg"
        ],
        "tags": [
            {
                "id": 1,
                "name": "automation"
            }
        ],
        "status": "available"
    },
    {
        "id": 261246374,
        "category": {
            "id": 1,
            "name": "dogs"
        },
        "name": "pet-for-create",
        "photoUrls": [
            "https://example.com/pets/261246374.jpg"
        ],
        "tags": [
            {
                "id": 1,
                "name": "automation"
            }
        ],
        "status": "available"
    },
    {
        "id": 536461583,
        "category": {
            "id": 1,
            "name": "dogs"
        },
        "name": "pet-for-find",
        "photoUrls": [
            "https://example.com/pets/536461583.jpg"
        ],
        "tags": [
            {
                "id": 1,
                "name": "automation"
            }
        ],
        "status": "available"
    }
]
]]></system-out>
  </testcase>
</testsuite>