<?xml version="1.0" encoding="UTF-8"?>
<testsuite xmlns:xsi="http://www.w3.org/2001/XMLSchema-instance" xsi:noNamespaceSchemaLocation="https://maven.apache.org/surefire/maven-surefire-plugin/xsd/surefire-test-report-3.0.xsd" version="3.0" name="runners.CucumberTestRunner" time="8.464" tests="4" errors="0" skipped="0" failures="0">
  <properties>
[...]
</properties>
  <testcase name="Registrar una mascota exitosamente" classname="Gestión de mascotas" time="1.387">
    <system-out><![CDATA[
@severity=critical
Scenario: Registrar una mascota exitosamente       &amp#27;[90m# features/pet.feature:7&amp#27;[0m
  &amp#27;[32mGiven &amp#27;[0m&amp#27;[32mque tengo los datos válidos de una mascota&amp#27;[0m &amp#27;[90m# steps.PetSteps.queTengoLosDatosValidosDeUnaMascota()&amp#27;[0m
Request method:	POST
Request URI:	https://petstore.swagger.io:443/v2/pet
Proxy:			<none>
Request params:	<none>
Query params:	<none>
Form params:	<none>
Path params:	<none>
Headers:		Accept=*/*
				Content-Type=application/json
Cookies:		<none>
Multiparts:		<none>
Body:
{
    "id": 754457,
    "name": "deer",
    "status": "available"
}
Request method:	POST
Request URI:	https://petstore.swagger.io:443/v2/pet
Proxy:			<none>
Request params:	<none>
Query params:	<none>
Form params:	<none>
Path params:	<none>
Headers:		Accept=*/*
				Content-Type=application/json
Cookies:		<none>
Multiparts:		<none>
Body:
{
    "id": 754457,
    "name": "deer",
    "status": "available"
}
Request method:	POST
Request URI:	https://petstore.swagger.io:443/v2/pet
Proxy:			<none>
Request params:	<none>
Query params:	<none>
Form params:	<none>
Path params:	<none>
Headers:		Accept=*/*
				Content-Type=application/json
Cookies:		<none>
Multiparts:		<none>
Body:
{
    "id": 754457,
    "name": "deer",
    "status": "available"
}
Request method:	POST
Request URI:	https://petstore.swagger.io:443/v2/pet
Proxy:			<none>
Request params:	<none>
Query params:	<none>
Form params:	<none>
Path params:	<none>
Headers:		Accept=*/*
				Content-Type=application/json
Cookies:		<none>
Multiparts:		<none>
Body:
{
    "id": 754457,
    "name": "deer",
    "status": "available"
}
Request method:	POST
Request URI:	https://petstore.swagger.io:443/v2/pet
Proxy:			<none>
Request params:	<none>
Query params:	<none>
Form params:	<none>
Path params:	<none>
Headers:		Accept=*/*
				Content-Type=application/json
Cookies:		<none>
Multiparts:		<none>
Body:
{
    "id": 754457,
    "name": "deer",
    "status": "available"
}
Request method:	POST
Request URI:	https://petstore.swagger.io:443/v2/pet
Proxy:			<none>
Request params:	<none>
Query params:	<none>
Form params:	<none>
Path params:	<none>
Headers:		Accept=*/*
				Content-Type=application/json
Cookies:		<none>
Multiparts:		<none>
Body:
{
    "id": 754457,
    "name": "deer",
    "status": "available"
}
Request method:	POST
Request URI:	https://petstore.swagger.io:443/v2/pet
Proxy:			<none>
Request params:	<none>
Query params:	<none>
Form params:	<none>
Path params:	<none>
Headers:		Accept=*/*
				Content-Type=application/json
Cookies:		<none>
Multiparts:		<none>
Body:
{
    "id": 754457,
    "name": "deer",
    "status": "available"
}
Request method:	POST
Request URI:	https://petstore.swagger.io:443/v2/pet
Proxy:			<none>
Request params:	<none>
Query params:	<none>
Form params:	<none>
Path params:	<none>
Headers:		Accept=*/*
				Content-Type=application/json
Cookies:		<none>
Multiparts:		<none>
Body:
{
    "id": 754457,
    "name": "deer",
    "status": "available"
}
HTTP/1.1 200 OK
Date: Mon, 07 Sep 2026 02:36:53 GMT
Content-Type: application/json
Transfer-Encoding: chunked
Connection: keep-alive
Access-Control-Allow-Origin: *
Access-Control-Allow-Methods: GET, POST, DELETE, PUT
Access-Control-Allow-Headers: Content-Type, api_key, Authorization
Server: Jetty(9.2.9.v20150224)

{
    "id": 754457,
    "name": "deer",
    "photoUrls": [
        
    ],
    "tags": [
        
    ],
    "status": "available"
}
HTTP/1.1 200 OK
Date: Mon, 07 Sep 2026 02:36:53 GMT
Content-Type: application/json
Transfer-Encoding: chunked
Connection: keep-alive
Access-Control-Allow-Origin: *
Access-Control-Allow-Methods: GET, POST, DELETE, PUT
Access-Control-Allow-Headers: Content-Type, api_key, Authorization
Server: Jetty(9.2.9.v20150224)

{
    "id": 754457,
    "name": "deer",
    "photoUrls": [
        
    ],
    "tags": [
        
    ],
    "status": "available"
}
HTTP/1.1 200 OK
Date: Mon, 07 Sep 2026 02:36:53 GMT
Content-Type: application/json
Transfer-Encoding: chunked
Connection: keep-alive
Access-Control-Allow-Origin: *
Access-Control-Allow-Methods: GET, POST, DELETE, PUT
Access-Control-Allow-Headers: Content-Type, api_key, Authorization
Server: Jetty(9.2.9.v20150224)

{
    "id": 754457,
    "name": "deer",
    "photoUrls": [
        
    ],
    "tags": [
        
    ],
    "status": "available"
}
HTTP/1.1 200 OK
Date: Mon, 07 Sep 2026 02:36:53 GMT
Content-Type: application/json
Transfer-Encoding: chunked
Connection: keep-alive
Access-Control-Allow-Origin: *
Access-Control-Allow-Methods: GET, POST, DELETE, PUT
Access-Control-Allow-Headers: Content-Type, api_key, Authorization
Server: Jetty(9.2.9.v20150224)

{
    "id": 754457,
    "name": "deer",
    "photoUrls": [
        
    ],
    "tags": [
        
    ],
    "status": "available"
}
HTTP/1.1 200 OK
Date: Mon, 07 Sep 2026 02:36:53 GMT
Content-Type: application/json
Transfer-Encoding: chunked
Connection: keep-alive
Access-Control-Allow-Origin: *
Access-Control-Allow-Methods: GET, POST, DELETE, PUT
Access-Control-Allow-Headers: Content-Type, api_key, Authorization
Server: Jetty(9.2.9.v20150224)

{
    "id": 754457,
    "name": "deer",
    "photoUrls": [
        
    ],
    "tags": [
        
    ],
    "status": "available"
}
HTTP/1.1 200 OK
Date: Mon, 07 Sep 2026 02:36:53 GMT
Content-Type: application/json
Transfer-Encoding: chunked
Connection: keep-alive
Access-Control-Allow-Origin: *
Access-Control-Allow-Methods: GET, POST, DELETE, PUT
Access-Control-Allow-Headers: Content-Type, api_key, Authorization
Server: Jetty(9.2.9.v20150224)

{
    "id": 754457,
    "name": "deer",
    "photoUrls": [
        
    ],
    "tags": [
        
    ],
    "status": "available"
}
HTTP/1.1 200 OK
Date: Mon, 07 Sep 2026 02:36:53 GMT
Content-Type: application/json
Transfer-Encoding: chunked
Connection: keep-alive
Access-Control-Allow-Origin: *
Access-Control-Allow-Methods: GET, POST, DELETE, PUT
Access-Control-Allow-Headers: Content-Type, api_key, Authorization
Server: Jetty(9.2.9.v20150224)

{
    "id": 754457,
    "name": "deer",
    "photoUrls": [
        
    ],
    "tags": [
        
    ],
    "status": "available"
}
HTTP/1.1 200 OK
Date: Mon, 07 Sep 2026 02:36:53 GMT
Content-Type: application/json
Transfer-Encoding: chunked
Connection: keep-alive
Access-Control-Allow-Origin: *
Access-Control-Allow-Methods: GET, POST, DELETE, PUT
Access-Control-Allow-Headers: Content-Type, api_key, Authorization
Server: Jetty(9.2.9.v20150224)

{
    "id": 754457,
    "name": "deer",
    "photoUrls": [
        
    ],
    "tags": [
        
    ],
    "status": "available"
}
  &amp#27;[32mWhen &amp#27;[0m&amp#27;[32menvío una solicitud para crear la mascota&amp#27;[0m   &amp#27;[90m# steps.PetSteps.envioUnaSolicitudParaCrearLaMascota()&amp#27;[0m
  &amp#27;[32mThen &amp#27;[0m&amp#27;[32mla API responde con código &amp#27;[0m&amp#27;[32m&amp#27;[1m200&amp#27;[0m              &amp#27;[90m# steps.PetSteps.laApiRespondeConCodigo(java.lang.Integer)&amp#27;[0m
  &amp#27;[32mAnd &amp#27;[0m&amp#27;[32mla mascota queda registrada correctamente&amp#27;[0m    &amp#27;[90m# steps.PetSteps.laMascotaQuedaRegistradaCorrectamente()&amp#27;[0m
]]></system-out>
  </testcase>
  <testcase name="Consultar una mascota" classname="Gestión de mascotas existentes" time="1.769">
    <system-out><![CDATA[
Scenario: Consultar una mascota             &amp#27;[90m# features/pet_management.feature:9&amp#27;[0m
Request method:	POST
Request URI:	https://petstore.swagger.io:443/v2/pet
Proxy:			<none>
Request params:	<none>
Query params:	<none>
Form params:	<none>
Path params:	<none>
Headers:		Accept=*/*
				Content-Type=application/json
Cookies:		<none>
Multiparts:		<none>
Body:
{
    "id": 95778,
    "name": "hippopotamus",
    "status": "available"
}
Request method:	POST
Request URI:	https://petstore.swagger.io:443/v2/pet
Proxy:			<none>
Request params:	<none>
Query params:	<none>
Form params:	<none>
Path params:	<none>
Headers:		Accept=*/*
				Content-Type=application/json
Cookies:		<none>
Multiparts:		<none>
Body:
{
    "id": 95778,
    "name": "hippopotamus",
    "status": "available"
}
Request method:	POST
Request URI:	https://petstore.swagger.io:443/v2/pet
Proxy:			<none>
Request params:	<none>
Query params:	<none>
Form params:	<none>
Path params:	<none>
Headers:		Accept=*/*
				Content-Type=application/json
Cookies:		<none>
Multiparts:		<none>
Body:
{
    "id": 95778,
    "name": "hippopotamus",
    "status": "available"
}
Request method:	POST
Request URI:	https://petstore.swagger.io:443/v2/pet
Proxy:			<none>
Request params:	<none>
Query params:	<none>
Form params:	<none>
Path params:	<none>
Headers:		Accept=*/*
				Content-Type=application/json
Cookies:		<none>
Multiparts:		<none>
Body:
{
    "id": 95778,
    "name": "hippopotamus",
    "status": "available"
}
Request method:	POST
Request URI:	https://petstore.swagger.io:443/v2/pet
Proxy:			<none>
Request params:	<none>
Query params:	<none>
Form params:	<none>
Path params:	<none>
Headers:		Accept=*/*
				Content-Type=application/json
Cookies:		<none>
Multiparts:		<none>
Body:
{
    "id": 95778,
    "name": "hippopotamus",
    "status": "available"
}
Request method:	POST
Request URI:	https://petstore.swagger.io:443/v2/pet
Proxy:			<none>
Request params:	<none>
Query params:	<none>
Form params:	<none>
Path params:	<none>
Headers:		Accept=*/*
				Content-Type=application/json
Cookies:		<none>
Multiparts:		<none>
Body:
{
    "id": 95778,
    "name": "hippopotamus",
    "status": "available"
}
Request method:	POST
Request URI:	https://petstore.swagger.io:443/v2/pet
Proxy:			<none>
Request params:	<none>
Query params:	<none>
Form params:	<none>
Path params:	<none>
Headers:		Accept=*/*
				Content-Type=application/json
Cookies:		<none>
Multiparts:		<none>
Body:
{
    "id": 95778,
    "name": "hippopotamus",
    "status": "available"
}
Request method:	POST
Request URI:	https://petstore.swagger.io:443/v2/pet
Proxy:			<none>
Request params:	<none>
Query params:	<none>
Form params:	<none>
Path params:	<none>
Headers:		Accept=*/*
				Content-Type=application/json
Cookies:		<none>
Multiparts:		<none>
Body:
{
    "id": 95778,
    "name": "hippopotamus",
    "status": "available"
}
HTTP/1.1 200 OK
Date: Mon, 07 Sep 2026 02:36:54 GMT
Content-Type: application/json
Transfer-Encoding: chunked
Connection: keep-alive
Access-Control-Allow-Origin: *
Access-Control-Allow-Methods: GET, POST, DELETE, PUT
Access-Control-Allow-Headers: Content-Type, api_key, Authorization
Server: Jetty(9.2.9.v20150224)

{
    "id": 95778,
    "name": "hippopotamus",
    "photoUrls": [
        
    ],
    "tags": [
        
    ],
    "status": "available"
}
HTTP/1.1 200 OK
Date: Mon, 07 Sep 2026 02:36:54 GMT
Content-Type: application/json
Transfer-Encoding: chunked
Connection: keep-alive
Access-Control-Allow-Origin: *
Access-Control-Allow-Methods: GET, POST, DELETE, PUT
Access-Control-Allow-Headers: Content-Type, api_key, Authorization
Server: Jetty(9.2.9.v20150224)

{
    "id": 95778,
    "name": "hippopotamus",
    "photoUrls": [
        
    ],
    "tags": [
        
    ],
    "status": "available"
}
HTTP/1.1 200 OK
Date: Mon, 07 Sep 2026 02:36:54 GMT
Content-Type: application/json
Transfer-Encoding: chunked
Connection: keep-alive
Access-Control-Allow-Origin: *
Access-Control-Allow-Methods: GET, POST, DELETE, PUT
Access-Control-Allow-Headers: Content-Type, api_key, Authorization
Server: Jetty(9.2.9.v20150224)

{
    "id": 95778,
    "name": "hippopotamus",
    "photoUrls": [
        
    ],
    "tags": [
        
    ],
    "status": "available"
}
HTTP/1.1 200 OK
Date: Mon, 07 Sep 2026 02:36:54 GMT
Content-Type: application/json
Transfer-Encoding: chunked
Connection: keep-alive
Access-Control-Allow-Origin: *
Access-Control-Allow-Methods: GET, POST, DELETE, PUT
Access-Control-Allow-Headers: Content-Type, api_key, Authorization
Server: Jetty(9.2.9.v20150224)

{
    "id": 95778,
    "name": "hippopotamus",
    "photoUrls": [
        
    ],
    "tags": [
        
    ],
    "status": "available"
}
HTTP/1.1 200 OK
Date: Mon, 07 Sep 2026 02:36:54 GMT
Content-Type: application/json
Transfer-Encoding: chunked
Connection: keep-alive
Access-Control-Allow-Origin: *
Access-Control-Allow-Methods: GET, POST, DELETE, PUT
Access-Control-Allow-Headers: Content-Type, api_key, Authorization
Server: Jetty(9.2.9.v20150224)

{
    "id": 95778,
    "name": "hippopotamus",
    "photoUrls": [
        
    ],
    "tags": [
        
    ],
    "status": "available"
}
HTTP/1.1 200 OK
Date: Mon, 07 Sep 2026 02:36:54 GMT
Content-Type: application/json
Transfer-Encoding: chunked
Connection: keep-alive
Access-Control-Allow-Origin: *
Access-Control-Allow-Methods: GET, POST, DELETE, PUT
Access-Control-Allow-Headers: Content-Type, api_key, Authorization
Server: Jetty(9.2.9.v20150224)

{
    "id": 95778,
    "name": "hippopotamus",
    "photoUrls": [
        
    ],
    "tags": [
        
    ],
    "status": "available"
}
HTTP/1.1 200 OK
Date: Mon, 07 Sep 2026 02:36:54 GMT
Content-Type: application/json
Transfer-Encoding: chunked
Connection: keep-alive
Access-Control-Allow-Origin: *
Access-Control-Allow-Methods: GET, POST, DELETE, PUT
Access-Control-Allow-Headers: Content-Type, api_key, Authorization
Server: Jetty(9.2.9.v20150224)

{
    "id": 95778,
    "name": "hippopotamus",
    "photoUrls": [
        
    ],
    "tags": [
        
    ],
    "status": "available"
}
HTTP/1.1 200 OK
Date: Mon, 07 Sep 2026 02:36:54 GMT
Content-Type: application/json
Transfer-Encoding: chunked
Connection: keep-alive
Access-Control-Allow-Origin: *
Access-Control-Allow-Methods: GET, POST, DELETE, PUT
Access-Control-Allow-Headers: Content-Type, api_key, Authorization
Server: Jetty(9.2.9.v20150224)

{
    "id": 95778,
    "name": "hippopotamus",
    "photoUrls": [
        
    ],
    "tags": [
        
    ],
    "status": "available"
}
  &amp#27;[32mGiven &amp#27;[0m&amp#27;[32mque existe una mascota registrada&amp#27;[0m   &amp#27;[90m# steps.PetSteps.queExisteUnaMascotaRegistrada()&amp#27;[0m
Request method:	GET
Request URI:	https://petstore.swagger.io:443/v2/pet/95778
Proxy:			<none>
Request params:	<none>
Query params:	<none>
Form params:	<none>
Path params:	petId=95778
Headers:		Accept=*/*
Cookies:		<none>
Multiparts:		<none>
Body:			<none>
Request method:	GET
Request URI:	https://petstore.swagger.io:443/v2/pet/95778
Proxy:			<none>
Request params:	<none>
Query params:	<none>
Form params:	<none>
Path params:	petId=95778
Headers:		Accept=*/*
Cookies:		<none>
Multiparts:		<none>
Body:			<none>
Request method:	GET
Request URI:	https://petstore.swagger.io:443/v2/pet/95778
Proxy:			<none>
Request params:	<none>
Query params:	<none>
Form params:	<none>
Path params:	petId=95778
Headers:		Accept=*/*
Cookies:		<none>
Multiparts:		<none>
Body:			<none>
Request method:	GET
Request URI:	https://petstore.swagger.io:443/v2/pet/95778
Proxy:			<none>
Request params:	<none>
Query params:	<none>
Form params:	<none>
Path params:	petId=95778
Headers:		Accept=*/*
Cookies:		<none>
Multiparts:		<none>
Body:			<none>
Request method:	GET
Request URI:	https://petstore.swagger.io:443/v2/pet/95778
Proxy:			<none>
Request params:	<none>
Query params:	<none>
Form params:	<none>
Path params:	petId=95778
Headers:		Accept=*/*
Cookies:		<none>
Multiparts:		<none>
Body:			<none>
Request method:	GET
Request URI:	https://petstore.swagger.io:443/v2/pet/95778
Proxy:			<none>
Request params:	<none>
Query params:	<none>
Form params:	<none>
Path params:	petId=95778
Headers:		Accept=*/*
Cookies:		<none>
Multiparts:		<none>
Body:			<none>
Request method:	GET
Request URI:	https://petstore.swagger.io:443/v2/pet/95778
Proxy:			<none>
Request params:	<none>
Query params:	<none>
Form params:	<none>
Path params:	petId=95778
Headers:		Accept=*/*
Cookies:		<none>
Multiparts:		<none>
Body:			<none>
Request method:	GET
Request URI:	https://petstore.swagger.io:443/v2/pet/95778
Proxy:			<none>
Request params:	<none>
Query params:	<none>
Form params:	<none>
Path params:	petId=95778
Headers:		Accept=*/*
Cookies:		<none>
Multiparts:		<none>
Body:			<none>
HTTP/1.1 200 OK
Date: Mon, 07 Sep 2026 02:36:55 GMT
Content-Type: application/json
Transfer-Encoding: chunked
Connection: keep-alive
Access-Control-Allow-Origin: *
Access-Control-Allow-Methods: GET, POST, DELETE, PUT
Access-Control-Allow-Headers: Content-Type, api_key, Authorization
Server: Jetty(9.2.9.v20150224)

{
    "id": 95778,
    "name": "hippopotamus",
    "photoUrls": [
        
    ],
    "tags": [
        
    ],
    "status": "available"
}
HTTP/1.1 200 OK
Date: Mon, 07 Sep 2026 02:36:55 GMT
Content-Type: application/json
Transfer-Encoding: chunked
Connection: keep-alive
Access-Control-Allow-Origin: *
Access-Control-Allow-Methods: GET, POST, DELETE, PUT
Access-Control-Allow-Headers: Content-Type, api_key, Authorization
Server: Jetty(9.2.9.v20150224)

{
    "id": 95778,
    "name": "hippopotamus",
    "photoUrls": [
        
    ],
    "tags": [
        
    ],
    "status": "available"
}
HTTP/1.1 200 OK
Date: Mon, 07 Sep 2026 02:36:55 GMT
Content-Type: application/json
Transfer-Encoding: chunked
Connection: keep-alive
Access-Control-Allow-Origin: *
Access-Control-Allow-Methods: GET, POST, DELETE, PUT
Access-Control-Allow-Headers: Content-Type, api_key, Authorization
Server: Jetty(9.2.9.v20150224)

{
    "id": 95778,
    "name": "hippopotamus",
    "photoUrls": [
        
    ],
    "tags": [
        
    ],
    "status": "available"
}
HTTP/1.1 200 OK
Date: Mon, 07 Sep 2026 02:36:55 GMT
Content-Type: application/json
Transfer-Encoding: chunked
Connection: keep-alive
Access-Control-Allow-Origin: *
Access-Control-Allow-Methods: GET, POST, DELETE, PUT
Access-Control-Allow-Headers: Content-Type, api_key, Authorization
Server: Jetty(9.2.9.v20150224)

{
    "id": 95778,
    "name": "hippopotamus",
    "photoUrls": [
        
    ],
    "tags": [
        
    ],
    "status": "available"
}
HTTP/1.1 200 OK
Date: Mon, 07 Sep 2026 02:36:55 GMT
Content-Type: application/json
Transfer-Encoding: chunked
Connection: keep-alive
Access-Control-Allow-Origin: *
Access-Control-Allow-Methods: GET, POST, DELETE, PUT
Access-Control-Allow-Headers: Content-Type, api_key, Authorization
Server: Jetty(9.2.9.v20150224)

{
    "id": 95778,
    "name": "hippopotamus",
    "photoUrls": [
        
    ],
    "tags": [
        
    ],
    "status": "available"
}
HTTP/1.1 200 OK
Date: Mon, 07 Sep 2026 02:36:55 GMT
Content-Type: application/json
Transfer-Encoding: chunked
Connection: keep-alive
Access-Control-Allow-Origin: *
Access-Control-Allow-Methods: GET, POST, DELETE, PUT
Access-Control-Allow-Headers: Content-Type, api_key, Authorization
Server: Jetty(9.2.9.v20150224)

{
    "id": 95778,
    "name": "hippopotamus",
    "photoUrls": [
        
    ],
    "tags": [
        
    ],
    "status": "available"
}
HTTP/1.1 200 OK
Date: Mon, 07 Sep 2026 02:36:55 GMT
Content-Type: application/json
Transfer-Encoding: chunked
Connection: keep-alive
Access-Control-Allow-Origin: *
Access-Control-Allow-Methods: GET, POST, DELETE, PUT
Access-Control-Allow-Headers: Content-Type, api_key, Authorization
Server: Jetty(9.2.9.v20150224)

{
    "id": 95778,
    "name": "hippopotamus",
    "photoUrls": [
        
    ],
    "tags": [
        
    ],
    "status": "available"
}
HTTP/1.1 200 OK
Date: Mon, 07 Sep 2026 02:36:55 GMT
Content-Type: application/json
Transfer-Encoding: chunked
Connection: keep-alive
Access-Control-Allow-Origin: *
Access-Control-Allow-Methods: GET, POST, DELETE, PUT
Access-Control-Allow-Headers: Content-Type, api_key, Authorization
Server: Jetty(9.2.9.v20150224)

{
    "id": 95778,
    "name": "hippopotamus",
    "photoUrls": [
        
    ],
    "tags": [
        
    ],
    "status": "available"
}
  &amp#27;[32mWhen &amp#27;[0m&amp#27;[32mconsulto la mascota por su ID&amp#27;[0m        &amp#27;[90m# steps.PetSteps.consultoLaMascotaPorSuId()&amp#27;[0m
  &amp#27;[32mThen &amp#27;[0m&amp#27;[32mobtengo la información correctamente&amp#27;[0m &amp#27;[90m# steps.PetSteps.obtengoLaInformacionCorrectamente()&amp#27;[0m
]]></system-out>
  </testcase>
  <testcase name="Actualizar una mascota" classname="Gestión de mascotas existentes" time="2.585">
    <system-out><![CDATA[
Scenario: Actualizar una mascota                      &amp#27;[90m# features/pet_management.feature:13&amp#27;[0m
Request method:	POST
Request URI:	https://petstore.swagger.io:443/v2/pet
Proxy:			<none>
Request params:	<none>
Query params:	<none>
Form params:	<none>
Path params:	<none>
Headers:		Accept=*/*
				Content-Type=application/json
Cookies:		<none>
Multiparts:		<none>
Body:
{
    "id": 131606,
    "name": "porcupine",
    "status": "available"
}
Request method:	POST
Request URI:	https://petstore.swagger.io:443/v2/pet
Proxy:			<none>
Request params:	<none>
Query params:	<none>
Form params:	<none>
Path params:	<none>
Headers:		Accept=*/*
				Content-Type=application/json
Cookies:		<none>
Multiparts:		<none>
Body:
{
    "id": 131606,
    "name": "porcupine",
    "status": "available"
}
Request method:	POST
Request URI:	https://petstore.swagger.io:443/v2/pet
Proxy:			<none>
Request params:	<none>
Query params:	<none>
Form params:	<none>
Path params:	<none>
Headers:		Accept=*/*
				Content-Type=application/json
Cookies:		<none>
Multiparts:		<none>
Body:
{
    "id": 131606,
    "name": "porcupine",
    "status": "available"
}
Request method:	POST
Request URI:	https://petstore.swagger.io:443/v2/pet
Proxy:			<none>
Request params:	<none>
Query params:	<none>
Form params:	<none>
Path params:	<none>
Headers:		Accept=*/*
				Content-Type=application/json
Cookies:		<none>
Multiparts:		<none>
Body:
{
    "id": 131606,
    "name": "porcupine",
    "status": "available"
}
Request method:	POST
Request URI:	https://petstore.swagger.io:443/v2/pet
Proxy:			<none>
Request params:	<none>
Query params:	<none>
Form params:	<none>
Path params:	<none>
Headers:		Accept=*/*
				Content-Type=application/json
Cookies:		<none>
Multiparts:		<none>
Body:
{
    "id": 131606,
    "name": "porcupine",
    "status": "available"
}
Request method:	POST
Request URI:	https://petstore.swagger.io:443/v2/pet
Proxy:			<none>
Request params:	<none>
Query params:	<none>
Form params:	<none>
Path params:	<none>
Headers:		Accept=*/*
				Content-Type=application/json
Cookies:		<none>
Multiparts:		<none>
Body:
{
    "id": 131606,
    "name": "porcupine",
    "status": "available"
}
Request method:	POST
Request URI:	https://petstore.swagger.io:443/v2/pet
Proxy:			<none>
Request params:	<none>
Query params:	<none>
Form params:	<none>
Path params:	<none>
Headers:		Accept=*/*
				Content-Type=application/json
Cookies:		<none>
Multiparts:		<none>
Body:
{
    "id": 131606,
    "name": "porcupine",
    "status": "available"
}
Request method:	POST
Request URI:	https://petstore.swagger.io:443/v2/pet
Proxy:			<none>
Request params:	<none>
Query params:	<none>
Form params:	<none>
Path params:	<none>
Headers:		Accept=*/*
				Content-Type=application/json
Cookies:		<none>
Multiparts:		<none>
Body:
{
    "id": 131606,
    "name": "porcupine",
    "status": "available"
}
HTTP/1.1 200 OK
Date: Mon, 07 Sep 2026 02:36:56 GMT
Content-Type: application/json
Transfer-Encoding: chunked
Connection: keep-alive
Access-Control-Allow-Origin: *
Access-Control-Allow-Methods: GET, POST, DELETE, PUT
Access-Control-Allow-Headers: Content-Type, api_key, Authorization
Server: Jetty(9.2.9.v20150224)

{
    "id": 131606,
    "name": "porcupine",
    "photoUrls": [
        
    ],
    "tags": [
        
    ],
    "status": "available"
}
HTTP/1.1 200 OK
Date: Mon, 07 Sep 2026 02:36:56 GMT
Content-Type: application/json
Transfer-Encoding: chunked
Connection: keep-alive
Access-Control-Allow-Origin: *
Access-Control-Allow-Methods: GET, POST, DELETE, PUT
Access-Control-Allow-Headers: Content-Type, api_key, Authorization
Server: Jetty(9.2.9.v20150224)

{
    "id": 131606,
    "name": "porcupine",
    "photoUrls": [
        
    ],
    "tags": [
        
    ],
    "status": "available"
}
HTTP/1.1 200 OK
Date: Mon, 07 Sep 2026 02:36:56 GMT
Content-Type: application/json
Transfer-Encoding: chunked
Connection: keep-alive
Access-Control-Allow-Origin: *
Access-Control-Allow-Methods: GET, POST, DELETE, PUT
Access-Control-Allow-Headers: Content-Type, api_key, Authorization
Server: Jetty(9.2.9.v20150224)

{
    "id": 131606,
    "name": "porcupine",
    "photoUrls": [
        
    ],
    "tags": [
        
    ],
    "status": "available"
}
HTTP/1.1 200 OK
Date: Mon, 07 Sep 2026 02:36:56 GMT
Content-Type: application/json
Transfer-Encoding: chunked
Connection: keep-alive
Access-Control-Allow-Origin: *
Access-Control-Allow-Methods: GET, POST, DELETE, PUT
Access-Control-Allow-Headers: Content-Type, api_key, Authorization
Server: Jetty(9.2.9.v20150224)

{
    "id": 131606,
    "name": "porcupine",
    "photoUrls": [
        
    ],
    "tags": [
        
    ],
    "status": "available"
}
HTTP/1.1 200 OK
Date: Mon, 07 Sep 2026 02:36:56 GMT
Content-Type: application/json
Transfer-Encoding: chunked
Connection: keep-alive
Access-Control-Allow-Origin: *
Access-Control-Allow-Methods: GET, POST, DELETE, PUT
Access-Control-Allow-Headers: Content-Type, api_key, Authorization
Server: Jetty(9.2.9.v20150224)

{
    "id": 131606,
    "name": "porcupine",
    "photoUrls": [
        
    ],
    "tags": [
        
    ],
    "status": "available"
}
HTTP/1.1 200 OK
Date: Mon, 07 Sep 2026 02:36:56 GMT
Content-Type: application/json
Transfer-Encoding: chunked
Connection: keep-alive
Access-Control-Allow-Origin: *
Access-Control-Allow-Methods: GET, POST, DELETE, PUT
Access-Control-Allow-Headers: Content-Type, api_key, Authorization
Server: Jetty(9.2.9.v20150224)

{
    "id": 131606,
    "name": "porcupine",
    "photoUrls": [
        
    ],
    "tags": [
        
    ],
    "status": "available"
}
HTTP/1.1 200 OK
Date: Mon, 07 Sep 2026 02:36:56 GMT
Content-Type: application/json
Transfer-Encoding: chunked
Connection: keep-alive
Access-Control-Allow-Origin: *
Access-Control-Allow-Methods: GET, POST, DELETE, PUT
Access-Control-Allow-Headers: Content-Type, api_key, Authorization
Server: Jetty(9.2.9.v20150224)

{
    "id": 131606,
    "name": "porcupine",
    "photoUrls": [
        
    ],
    "tags": [
        
    ],
    "status": "available"
}
HTTP/1.1 200 OK
Date: Mon, 07 Sep 2026 02:36:56 GMT
Content-Type: application/json
Transfer-Encoding: chunked
Connection: keep-alive
Access-Control-Allow-Origin: *
Access-Control-Allow-Methods: GET, POST, DELETE, PUT
Access-Control-Allow-Headers: Content-Type, api_key, Authorization
Server: Jetty(9.2.9.v20150224)

{
    "id": 131606,
    "name": "porcupine",
    "photoUrls": [
        
    ],
    "tags": [
        
    ],
    "status": "available"
}
  &amp#27;[32mGiven &amp#27;[0m&amp#27;[32mque existe una mascota registrada&amp#27;[0m             &amp#27;[90m# steps.PetSteps.queExisteUnaMascotaRegistrada()&amp#27;[0m
Request method:	PUT
Request URI:	https://petstore.swagger.io:443/v2/pet
Proxy:			<none>
Request params:	<none>
Query params:	<none>
Form params:	<none>
Path params:	<none>
Headers:		Accept=*/*
				Content-Type=application/json
Cookies:		<none>
Multiparts:		<none>
Body:
{
    "id": 131606,
    "name": "dinosaur",
    "status": "sold"
}
Request method:	PUT
Request URI:	https://petstore.swagger.io:443/v2/pet
Proxy:			<none>
Request params:	<none>
Query params:	<none>
Form params:	<none>
Path params:	<none>
Headers:		Accept=*/*
				Content-Type=application/json
Cookies:		<none>
Multiparts:		<none>
Body:
{
    "id": 131606,
    "name": "dinosaur",
    "status": "sold"
}
Request method:	PUT
Request URI:	https://petstore.swagger.io:443/v2/pet
Proxy:			<none>
Request params:	<none>
Query params:	<none>
Form params:	<none>
Path params:	<none>
Headers:		Accept=*/*
				Content-Type=application/json
Cookies:		<none>
Multiparts:		<none>
Body:
{
    "id": 131606,
    "name": "dinosaur",
    "status": "sold"
}
Request method:	PUT
Request URI:	https://petstore.swagger.io:443/v2/pet
Proxy:			<none>
Request params:	<none>
Query params:	<none>
Form params:	<none>
Path params:	<none>
Headers:		Accept=*/*
				Content-Type=application/json
Cookies:		<none>
Multiparts:		<none>
Body:
{
    "id": 131606,
    "name": "dinosaur",
    "status": "sold"
}
Request method:	PUT
Request URI:	https://petstore.swagger.io:443/v2/pet
Proxy:			<none>
Request params:	<none>
Query params:	<none>
Form params:	<none>
Path params:	<none>
Headers:		Accept=*/*
				Content-Type=application/json
Cookies:		<none>
Multiparts:		<none>
Body:
{
    "id": 131606,
    "name": "dinosaur",
    "status": "sold"
}
Request method:	PUT
Request URI:	https://petstore.swagger.io:443/v2/pet
Proxy:			<none>
Request params:	<none>
Query params:	<none>
Form params:	<none>
Path params:	<none>
Headers:		Accept=*/*
				Content-Type=application/json
Cookies:		<none>
Multiparts:		<none>
Body:
{
    "id": 131606,
    "name": "dinosaur",
    "status": "sold"
}
Request method:	PUT
Request URI:	https://petstore.swagger.io:443/v2/pet
Proxy:			<none>
Request params:	<none>
Query params:	<none>
Form params:	<none>
Path params:	<none>
Headers:		Accept=*/*
				Content-Type=application/json
Cookies:		<none>
Multiparts:		<none>
Body:
{
    "id": 131606,
    "name": "dinosaur",
    "status": "sold"
}
Request method:	PUT
Request URI:	https://petstore.swagger.io:443/v2/pet
Proxy:			<none>
Request params:	<none>
Query params:	<none>
Form params:	<none>
Path params:	<none>
Headers:		Accept=*/*
				Content-Type=application/json
Cookies:		<none>
Multiparts:		<none>
Body:
{
    "id": 131606,
    "name": "dinosaur",
    "status": "sold"
}
HTTP/1.1 200 OK
Date: Mon, 07 Sep 2026 02:36:57 GMT
Content-Type: application/json
Transfer-Encoding: chunked
Connection: keep-alive
Access-Control-Allow-Origin: *
Access-Control-Allow-Methods: GET, POST, DELETE, PUT
Access-Control-Allow-Headers: Content-Type, api_key, Authorization
Server: Jetty(9.2.9.v20150224)

{
    "id": 131606,
    "name": "dinosaur",
    "photoUrls": [
        
    ],
    "tags": [
        
    ],
    "status": "sold"
}
HTTP/1.1 200 OK
Date: Mon, 07 Sep 2026 02:36:57 GMT
Content-Type: application/json
Transfer-Encoding: chunked
Connection: keep-alive
Access-Control-Allow-Origin: *
Access-Control-Allow-Methods: GET, POST, DELETE, PUT
Access-Control-Allow-Headers: Content-Type, api_key, Authorization
Server: Jetty(9.2.9.v20150224)

{
    "id": 131606,
    "name": "dinosaur",
    "photoUrls": [
        
    ],
    "tags": [
        
    ],
    "status": "sold"
}
HTTP/1.1 200 OK
Date: Mon, 07 Sep 2026 02:36:57 GMT
Content-Type: application/json
Transfer-Encoding: chunked
Connection: keep-alive
Access-Control-Allow-Origin: *
Access-Control-Allow-Methods: GET, POST, DELETE, PUT
Access-Control-Allow-Headers: Content-Type, api_key, Authorization
Server: Jetty(9.2.9.v20150224)

{
    "id": 131606,
    "name": "dinosaur",
    "photoUrls": [
        
    ],
    "tags": [
        
    ],
    "status": "sold"
}
HTTP/1.1 200 OK
Date: Mon, 07 Sep 2026 02:36:57 GMT
Content-Type: application/json
Transfer-Encoding: chunked
Connection: keep-alive
Access-Control-Allow-Origin: *
Access-Control-Allow-Methods: GET, POST, DELETE, PUT
Access-Control-Allow-Headers: Content-Type, api_key, Authorization
Server: Jetty(9.2.9.v20150224)

{
    "id": 131606,
    "name": "dinosaur",
    "photoUrls": [
        
    ],
    "tags": [
        
    ],
    "status": "sold"
}
HTTP/1.1 200 OK
Date: Mon, 07 Sep 2026 02:36:57 GMT
Content-Type: application/json
Transfer-Encoding: chunked
Connection: keep-alive
Access-Control-Allow-Origin: *
Access-Control-Allow-Methods: GET, POST, DELETE, PUT
Access-Control-Allow-Headers: Content-Type, api_key, Authorization
Server: Jetty(9.2.9.v20150224)

{
    "id": 131606,
    "name": "dinosaur",
    "photoUrls": [
        
    ],
    "tags": [
        
    ],
    "status": "sold"
}
HTTP/1.1 200 OK
Date: Mon, 07 Sep 2026 02:36:57 GMT
Content-Type: application/json
Transfer-Encoding: chunked
Connection: keep-alive
Access-Control-Allow-Origin: *
Access-Control-Allow-Methods: GET, POST, DELETE, PUT
Access-Control-Allow-Headers: Content-Type, api_key, Authorization
Server: Jetty(9.2.9.v20150224)

{
    "id": 131606,
    "name": "dinosaur",
    "photoUrls": [
        
    ],
    "tags": [
        
    ],
    "status": "sold"
}
HTTP/1.1 200 OK
Date: Mon, 07 Sep 2026 02:36:57 GMT
Content-Type: application/json
Transfer-Encoding: chunked
Connection: keep-alive
Access-Control-Allow-Origin: *
Access-Control-Allow-Methods: GET, POST, DELETE, PUT
Access-Control-Allow-Headers: Content-Type, api_key, Authorization
Server: Jetty(9.2.9.v20150224)

{
    "id": 131606,
    "name": "dinosaur",
    "photoUrls": [
        
    ],
    "tags": [
        
    ],
    "status": "sold"
}
HTTP/1.1 200 OK
Date: Mon, 07 Sep 2026 02:36:57 GMT
Content-Type: application/json
Transfer-Encoding: chunked
Connection: keep-alive
Access-Control-Allow-Origin: *
Access-Control-Allow-Methods: GET, POST, DELETE, PUT
Access-Control-Allow-Headers: Content-Type, api_key, Authorization
Server: Jetty(9.2.9.v20150224)

{
    "id": 131606,
    "name": "dinosaur",
    "photoUrls": [
        
    ],
    "tags": [
        
    ],
    "status": "sold"
}
  &amp#27;[32mWhen &amp#27;[0m&amp#27;[32mmodifico los datos de la mascota&amp#27;[0m               &amp#27;[90m# steps.PetSteps.modificoLosDatosDeLaMascota()&amp#27;[0m
Request method:	GET
Request URI:	https://petstore.swagger.io:443/v2/pet/131606
Proxy:			<none>
Request params:	<none>
Query params:	<none>
Form params:	<none>
Path params:	petId=131606
Headers:		Accept=*/*
Cookies:		<none>
Multiparts:		<none>
Body:			<none>
Request method:	GET
Request URI:	https://petstore.swagger.io:443/v2/pet/131606
Proxy:			<none>
Request params:	<none>
Query params:	<none>
Form params:	<none>
Path params:	petId=131606
Headers:		Accept=*/*
Cookies:		<none>
Multiparts:		<none>
Body:			<none>
Request method:	GET
Request URI:	https://petstore.swagger.io:443/v2/pet/131606
Proxy:			<none>
Request params:	<none>
Query params:	<none>
Form params:	<none>
Path params:	petId=131606
Headers:		Accept=*/*
Cookies:		<none>
Multiparts:		<none>
Body:			<none>
Request method:	GET
Request URI:	https://petstore.swagger.io:443/v2/pet/131606
Proxy:			<none>
Request params:	<none>
Query params:	<none>
Form params:	<none>
Path params:	petId=131606
Headers:		Accept=*/*
Cookies:		<none>
Multiparts:		<none>
Body:			<none>
Request method:	GET
Request URI:	https://petstore.swagger.io:443/v2/pet/131606
Proxy:			<none>
Request params:	<none>
Query params:	<none>
Form params:	<none>
Path params:	petId=131606
Headers:		Accept=*/*
Cookies:		<none>
Multiparts:		<none>
Body:			<none>
Request method:	GET
Request URI:	https://petstore.swagger.io:443/v2/pet/131606
Proxy:			<none>
Request params:	<none>
Query params:	<none>
Form params:	<none>
Path params:	petId=131606
Headers:		Accept=*/*
Cookies:		<none>
Multiparts:		<none>
Body:			<none>
Request method:	GET
Request URI:	https://petstore.swagger.io:443/v2/pet/131606
Proxy:			<none>
Request params:	<none>
Query params:	<none>
Form params:	<none>
Path params:	petId=131606
Headers:		Accept=*/*
Cookies:		<none>
Multiparts:		<none>
Body:			<none>
Request method:	GET
Request URI:	https://petstore.swagger.io:443/v2/pet/131606
Proxy:			<none>
Request params:	<none>
Query params:	<none>
Form params:	<none>
Path params:	petId=131606
Headers:		Accept=*/*
Cookies:		<none>
Multiparts:		<none>
Body:			<none>
HTTP/1.1 200 OK
Date: Mon, 07 Sep 2026 02:36:58 GMT
Content-Type: application/json
Transfer-Encoding: chunked
Connection: keep-alive
Access-Control-Allow-Origin: *
Access-Control-Allow-Methods: GET, POST, DELETE, PUT
Access-Control-Allow-Headers: Content-Type, api_key, Authorization
Server: Jetty(9.2.9.v20150224)

{
    "id": 131606,
    "name": "dinosaur",
    "photoUrls": [
        
    ],
    "tags": [
        
    ],
    "status": "sold"
}
HTTP/1.1 200 OK
Date: Mon, 07 Sep 2026 02:36:58 GMT
Content-Type: application/json
Transfer-Encoding: chunked
Connection: keep-alive
Access-Control-Allow-Origin: *
Access-Control-Allow-Methods: GET, POST, DELETE, PUT
Access-Control-Allow-Headers: Content-Type, api_key, Authorization
Server: Jetty(9.2.9.v20150224)

{
    "id": 131606,
    "name": "dinosaur",
    "photoUrls": [
        
    ],
    "tags": [
        
    ],
    "status": "sold"
}
HTTP/1.1 200 OK
Date: Mon, 07 Sep 2026 02:36:58 GMT
Content-Type: application/json
Transfer-Encoding: chunked
Connection: keep-alive
Access-Control-Allow-Origin: *
Access-Control-Allow-Methods: GET, POST, DELETE, PUT
Access-Control-Allow-Headers: Content-Type, api_key, Authorization
Server: Jetty(9.2.9.v20150224)

{
    "id": 131606,
    "name": "dinosaur",
    "photoUrls": [
        
    ],
    "tags": [
        
    ],
    "status": "sold"
}
HTTP/1.1 200 OK
Date: Mon, 07 Sep 2026 02:36:58 GMT
Content-Type: application/json
Transfer-Encoding: chunked
Connection: keep-alive
Access-Control-Allow-Origin: *
Access-Control-Allow-Methods: GET, POST, DELETE, PUT
Access-Control-Allow-Headers: Content-Type, api_key, Authorization
Server: Jetty(9.2.9.v20150224)

{
    "id": 131606,
    "name": "dinosaur",
    "photoUrls": [
        
    ],
    "tags": [
        
    ],
    "status": "sold"
}
HTTP/1.1 200 OK
Date: Mon, 07 Sep 2026 02:36:58 GMT
Content-Type: application/json
Transfer-Encoding: chunked
Connection: keep-alive
Access-Control-Allow-Origin: *
Access-Control-Allow-Methods: GET, POST, DELETE, PUT
Access-Control-Allow-Headers: Content-Type, api_key, Authorization
Server: Jetty(9.2.9.v20150224)

{
    "id": 131606,
    "name": "dinosaur",
    "photoUrls": [
        
    ],
    "tags": [
        
    ],
    "status": "sold"
}
HTTP/1.1 200 OK
Date: Mon, 07 Sep 2026 02:36:58 GMT
Content-Type: application/json
Transfer-Encoding: chunked
Connection: keep-alive
Access-Control-Allow-Origin: *
Access-Control-Allow-Methods: GET, POST, DELETE, PUT
Access-Control-Allow-Headers: Content-Type, api_key, Authorization
Server: Jetty(9.2.9.v20150224)

{
    "id": 131606,
    "name": "dinosaur",
    "photoUrls": [
        
    ],
    "tags": [
        
    ],
    "status": "sold"
}
HTTP/1.1 200 OK
Date: Mon, 07 Sep 2026 02:36:58 GMT
Content-Type: application/json
Transfer-Encoding: chunked
Connection: keep-alive
Access-Control-Allow-Origin: *
Access-Control-Allow-Methods: GET, POST, DELETE, PUT
Access-Control-Allow-Headers: Content-Type, api_key, Authorization
Server: Jetty(9.2.9.v20150224)

{
    "id": 131606,
    "name": "dinosaur",
    "photoUrls": [
        
    ],
    "tags": [
        
    ],
    "status": "sold"
}
HTTP/1.1 200 OK
Date: Mon, 07 Sep 2026 02:36:58 GMT
Content-Type: application/json
Transfer-Encoding: chunked
Connection: keep-alive
Access-Control-Allow-Origin: *
Access-Control-Allow-Methods: GET, POST, DELETE, PUT
Access-Control-Allow-Headers: Content-Type, api_key, Authorization
Server: Jetty(9.2.9.v20150224)

{
    "id": 131606,
    "name": "dinosaur",
    "photoUrls": [
        
    ],
    "tags": [
        
    ],
    "status": "sold"
}
  &amp#27;[32mThen &amp#27;[0m&amp#27;[32mla información queda actualizada correctamente&amp#27;[0m &amp#27;[90m# steps.PetSteps.laInformacionQuedaActualizadaCorrectamente()&amp#27;[0m
]]></system-out>
  </testcase>
  <testcase name="Eliminar una mascota" classname="Gestión de mascotas existentes" time="2.643">
    <system-out><![CDATA[
Scenario: Eliminar una mascota            &amp#27;[90m# features/pet_management.feature:17&amp#27;[0m
Request method:	POST
Request URI:	https://petstore.swagger.io:443/v2/pet
Proxy:			<none>
Request params:	<none>
Query params:	<none>
Form params:	<none>
Path params:	<none>
Headers:		Accept=*/*
				Content-Type=application/json
Cookies:		<none>
Multiparts:		<none>
Body:
{
    "id": 638937,
    "name": "wasp",
    "status": "available"
}
Request method:	POST
Request URI:	https://petstore.swagger.io:443/v2/pet
Proxy:			<none>
Request params:	<none>
Query params:	<none>
Form params:	<none>
Path params:	<none>
Headers:		Accept=*/*
				Content-Type=application/json
Cookies:		<none>
Multiparts:		<none>
Body:
{
    "id": 638937,
    "name": "wasp",
    "status": "available"
}
Request method:	POST
Request URI:	https://petstore.swagger.io:443/v2/pet
Proxy:			<none>
Request params:	<none>
Query params:	<none>
Form params:	<none>
Path params:	<none>
Headers:		Accept=*/*
				Content-Type=application/json
Cookies:		<none>
Multiparts:		<none>
Body:
{
    "id": 638937,
    "name": "wasp",
    "status": "available"
}
Request method:	POST
Request URI:	https://petstore.swagger.io:443/v2/pet
Proxy:			<none>
Request params:	<none>
Query params:	<none>
Form params:	<none>
Path params:	<none>
Headers:		Accept=*/*
				Content-Type=application/json
Cookies:		<none>
Multiparts:		<none>
Body:
{
    "id": 638937,
    "name": "wasp",
    "status": "available"
}
Request method:	POST
Request URI:	https://petstore.swagger.io:443/v2/pet
Proxy:			<none>
Request params:	<none>
Query params:	<none>
Form params:	<none>
Path params:	<none>
Headers:		Accept=*/*
				Content-Type=application/json
Cookies:		<none>
Multiparts:		<none>
Body:
{
    "id": 638937,
    "name": "wasp",
    "status": "available"
}
Request method:	POST
Request URI:	https://petstore.swagger.io:443/v2/pet
Proxy:			<none>
Request params:	<none>
Query params:	<none>
Form params:	<none>
Path params:	<none>
Headers:		Accept=*/*
				Content-Type=application/json
Cookies:		<none>
Multiparts:		<none>
Body:
{
    "id": 638937,
    "name": "wasp",
    "status": "available"
}
Request method:	POST
Request URI:	https://petstore.swagger.io:443/v2/pet
Proxy:			<none>
Request params:	<none>
Query params:	<none>
Form params:	<none>
Path params:	<none>
Headers:		Accept=*/*
				Content-Type=application/json
Cookies:		<none>
Multiparts:		<none>
Body:
{
    "id": 638937,
    "name": "wasp",
    "status": "available"
}
Request method:	POST
Request URI:	https://petstore.swagger.io:443/v2/pet
Proxy:			<none>
Request params:	<none>
Query params:	<none>
Form params:	<none>
Path params:	<none>
Headers:		Accept=*/*
				Content-Type=application/json
Cookies:		<none>
Multiparts:		<none>
Body:
{
    "id": 638937,
    "name": "wasp",
    "status": "available"
}
HTTP/1.1 200 OK
Date: Mon, 07 Sep 2026 02:36:59 GMT
Content-Type: application/json
Transfer-Encoding: chunked
Connection: keep-alive
Access-Control-Allow-Origin: *
Access-Control-Allow-Methods: GET, POST, DELETE, PUT
Access-Control-Allow-Headers: Content-Type, api_key, Authorization
Server: Jetty(9.2.9.v20150224)

{
    "id": 638937,
    "name": "wasp",
    "photoUrls": [
        
    ],
    "tags": [
        
    ],
    "status": "available"
}
HTTP/1.1 200 OK
Date: Mon, 07 Sep 2026 02:36:59 GMT
Content-Type: application/json
Transfer-Encoding: chunked
Connection: keep-alive
Access-Control-Allow-Origin: *
Access-Control-Allow-Methods: GET, POST, DELETE, PUT
Access-Control-Allow-Headers: Content-Type, api_key, Authorization
Server: Jetty(9.2.9.v20150224)

{
    "id": 638937,
    "name": "wasp",
    "photoUrls": [
        
    ],
    "tags": [
        
    ],
    "status": "available"
}
HTTP/1.1 200 OK
Date: Mon, 07 Sep 2026 02:36:59 GMT
Content-Type: application/json
Transfer-Encoding: chunked
Connection: keep-alive
Access-Control-Allow-Origin: *
Access-Control-Allow-Methods: GET, POST, DELETE, PUT
Access-Control-Allow-Headers: Content-Type, api_key, Authorization
Server: Jetty(9.2.9.v20150224)

{
    "id": 638937,
    "name": "wasp",
    "photoUrls": [
        
    ],
    "tags": [
        
    ],
    "status": "available"
}
HTTP/1.1 200 OK
Date: Mon, 07 Sep 2026 02:36:59 GMT
Content-Type: application/json
Transfer-Encoding: chunked
Connection: keep-alive
Access-Control-Allow-Origin: *
Access-Control-Allow-Methods: GET, POST, DELETE, PUT
Access-Control-Allow-Headers: Content-Type, api_key, Authorization
Server: Jetty(9.2.9.v20150224)

{
    "id": 638937,
    "name": "wasp",
    "photoUrls": [
        
    ],
    "tags": [
        
    ],
    "status": "available"
}
HTTP/1.1 200 OK
Date: Mon, 07 Sep 2026 02:36:59 GMT
Content-Type: application/json
Transfer-Encoding: chunked
Connection: keep-alive
Access-Control-Allow-Origin: *
Access-Control-Allow-Methods: GET, POST, DELETE, PUT
Access-Control-Allow-Headers: Content-Type, api_key, Authorization
Server: Jetty(9.2.9.v20150224)

{
    "id": 638937,
    "name": "wasp",
    "photoUrls": [
        
    ],
    "tags": [
        
    ],
    "status": "available"
}
HTTP/1.1 200 OK
Date: Mon, 07 Sep 2026 02:36:59 GMT
Content-Type: application/json
Transfer-Encoding: chunked
Connection: keep-alive
Access-Control-Allow-Origin: *
Access-Control-Allow-Methods: GET, POST, DELETE, PUT
Access-Control-Allow-Headers: Content-Type, api_key, Authorization
Server: Jetty(9.2.9.v20150224)

{
    "id": 638937,
    "name": "wasp",
    "photoUrls": [
        
    ],
    "tags": [
        
    ],
    "status": "available"
}
HTTP/1.1 200 OK
Date: Mon, 07 Sep 2026 02:36:59 GMT
Content-Type: application/json
Transfer-Encoding: chunked
Connection: keep-alive
Access-Control-Allow-Origin: *
Access-Control-Allow-Methods: GET, POST, DELETE, PUT
Access-Control-Allow-Headers: Content-Type, api_key, Authorization
Server: Jetty(9.2.9.v20150224)

{
    "id": 638937,
    "name": "wasp",
    "photoUrls": [
        
    ],
    "tags": [
        
    ],
    "status": "available"
}
HTTP/1.1 200 OK
Date: Mon, 07 Sep 2026 02:36:59 GMT
Content-Type: application/json
Transfer-Encoding: chunked
Connection: keep-alive
Access-Control-Allow-Origin: *
Access-Control-Allow-Methods: GET, POST, DELETE, PUT
Access-Control-Allow-Headers: Content-Type, api_key, Authorization
Server: Jetty(9.2.9.v20150224)

{
    "id": 638937,
    "name": "wasp",
    "photoUrls": [
        
    ],
    "tags": [
        
    ],
    "status": "available"
}
  &amp#27;[32mGiven &amp#27;[0m&amp#27;[32mque existe una mascota registrada&amp#27;[0m &amp#27;[90m# steps.PetSteps.queExisteUnaMascotaRegistrada()&amp#27;[0m
Request method:	DELETE
Request URI:	https://petstore.swagger.io:443/v2/pet/638937
Proxy:			<none>
Request params:	<none>
Query params:	<none>
Form params:	<none>
Path params:	petId=638937
Headers:		Accept=*/*
Cookies:		<none>
Multiparts:		<none>
Body:			<none>
Request method:	DELETE
Request URI:	https://petstore.swagger.io:443/v2/pet/638937
Proxy:			<none>
Request params:	<none>
Query params:	<none>
Form params:	<none>
Path params:	petId=638937
Headers:		Accept=*/*
Cookies:		<none>
Multiparts:		<none>
Body:			<none>
Request method:	DELETE
Request URI:	https://petstore.swagger.io:443/v2/pet/638937
Proxy:			<none>
Request params:	<none>
Query params:	<none>
Form params:	<none>
Path params:	petId=638937
Headers:		Accept=*/*
Cookies:		<none>
Multiparts:		<none>
Body:			<none>
Request method:	DELETE
Request URI:	https://petstore.swagger.io:443/v2/pet/638937
Proxy:			<none>
Request params:	<none>
Query params:	<none>
Form params:	<none>
Path params:	petId=638937
Headers:		Accept=*/*
Cookies:		<none>
Multiparts:		<none>
Body:			<none>
Request method:	DELETE
Request URI:	https://petstore.swagger.io:443/v2/pet/638937
Proxy:			<none>
Request params:	<none>
Query params:	<none>
Form params:	<none>
Path params:	petId=638937
Headers:		Accept=*/*
Cookies:		<none>
Multiparts:		<none>
Body:			<none>
Request method:	DELETE
Request URI:	https://petstore.swagger.io:443/v2/pet/638937
Proxy:			<none>
Request params:	<none>
Query params:	<none>
Form params:	<none>
Path params:	petId=638937
Headers:		Accept=*/*
Cookies:		<none>
Multiparts:		<none>
Body:			<none>
Request method:	DELETE
Request URI:	https://petstore.swagger.io:443/v2/pet/638937
Proxy:			<none>
Request params:	<none>
Query params:	<none>
Form params:	<none>
Path params:	petId=638937
Headers:		Accept=*/*
Cookies:		<none>
Multiparts:		<none>
Body:			<none>
Request method:	DELETE
Request URI:	https://petstore.swagger.io:443/v2/pet/638937
Proxy:			<none>
Request params:	<none>
Query params:	<none>
Form params:	<none>
Path params:	petId=638937
Headers:		Accept=*/*
Cookies:		<none>
Multiparts:		<none>
Body:			<none>
HTTP/1.1 200 OK
Date: Mon, 07 Sep 2026 02:36:59 GMT
Content-Type: application/json
Transfer-Encoding: chunked
Connection: keep-alive
Access-Control-Allow-Origin: *
Access-Control-Allow-Methods: GET, POST, DELETE, PUT
Access-Control-Allow-Headers: Content-Type, api_key, Authorization
Server: Jetty(9.2.9.v20150224)

{
    "code": 200,
    "type": "unknown",
    "message": "638937"
}
HTTP/1.1 200 OK
Date: Mon, 07 Sep 2026 02:36:59 GMT
Content-Type: application/json
Transfer-Encoding: chunked
Connection: keep-alive
Access-Control-Allow-Origin: *
Access-Control-Allow-Methods: GET, POST, DELETE, PUT
Access-Control-Allow-Headers: Content-Type, api_key, Authorization
Server: Jetty(9.2.9.v20150224)

{
    "code": 200,
    "type": "unknown",
    "message": "638937"
}
HTTP/1.1 200 OK
Date: Mon, 07 Sep 2026 02:36:59 GMT
Content-Type: application/json
Transfer-Encoding: chunked
Connection: keep-alive
Access-Control-Allow-Origin: *
Access-Control-Allow-Methods: GET, POST, DELETE, PUT
Access-Control-Allow-Headers: Content-Type, api_key, Authorization
Server: Jetty(9.2.9.v20150224)

{
    "code": 200,
    "type": "unknown",
    "message": "638937"
}
HTTP/1.1 200 OK
Date: Mon, 07 Sep 2026 02:36:59 GMT
Content-Type: application/json
Transfer-Encoding: chunked
Connection: keep-alive
Access-Control-Allow-Origin: *
Access-Control-Allow-Methods: GET, POST, DELETE, PUT
Access-Control-Allow-Headers: Content-Type, api_key, Authorization
Server: Jetty(9.2.9.v20150224)

{
    "code": 200,
    "type": "unknown",
    "message": "638937"
}
HTTP/1.1 200 OK
Date: Mon, 07 Sep 2026 02:36:59 GMT
Content-Type: application/json
Transfer-Encoding: chunked
Connection: keep-alive
Access-Control-Allow-Origin: *
Access-Control-Allow-Methods: GET, POST, DELETE, PUT
Access-Control-Allow-Headers: Content-Type, api_key, Authorization
Server: Jetty(9.2.9.v20150224)

{
    "code": 200,
    "type": "unknown",
    "message": "638937"
}
HTTP/1.1 200 OK
Date: Mon, 07 Sep 2026 02:36:59 GMT
Content-Type: application/json
Transfer-Encoding: chunked
Connection: keep-alive
Access-Control-Allow-Origin: *
Access-Control-Allow-Methods: GET, POST, DELETE, PUT
Access-Control-Allow-Headers: Content-Type, api_key, Authorization
Server: Jetty(9.2.9.v20150224)

{
    "code": 200,
    "type": "unknown",
    "message": "638937"
}
HTTP/1.1 200 OK
Date: Mon, 07 Sep 2026 02:36:59 GMT
Content-Type: application/json
Transfer-Encoding: chunked
Connection: keep-alive
Access-Control-Allow-Origin: *
Access-Control-Allow-Methods: GET, POST, DELETE, PUT
Access-Control-Allow-Headers: Content-Type, api_key, Authorization
Server: Jetty(9.2.9.v20150224)

{
    "code": 200,
    "type": "unknown",
    "message": "638937"
}
HTTP/1.1 200 OK
Date: Mon, 07 Sep 2026 02:36:59 GMT
Content-Type: application/json
Transfer-Encoding: chunked
Connection: keep-alive
Access-Control-Allow-Origin: *
Access-Control-Allow-Methods: GET, POST, DELETE, PUT
Access-Control-Allow-Headers: Content-Type, api_key, Authorization
Server: Jetty(9.2.9.v20150224)

{
    "code": 200,
    "type": "unknown",
    "message": "638937"
}
  &amp#27;[32mWhen &amp#27;[0m&amp#27;[32melimino la mascota&amp#27;[0m                 &amp#27;[90m# steps.PetSteps.eliminoLaMascota()&amp#27;[0m
Request method:	GET
Request URI:	https://petstore.swagger.io:443/v2/pet/638937
Proxy:			<none>
Request params:	<none>
Query params:	<none>
Form params:	<none>
Path params:	petId=638937
Headers:		Accept=*/*
Cookies:		<none>
Multiparts:		<none>
Body:			<none>
Request method:	GET
Request URI:	https://petstore.swagger.io:443/v2/pet/638937
Proxy:			<none>
Request params:	<none>
Query params:	<none>
Form params:	<none>
Path params:	petId=638937
Headers:		Accept=*/*
Cookies:		<none>
Multiparts:		<none>
Body:			<none>
Request method:	GET
Request URI:	https://petstore.swagger.io:443/v2/pet/638937
Proxy:			<none>
Request params:	<none>
Query params:	<none>
Form params:	<none>
Path params:	petId=638937
Headers:		Accept=*/*
Cookies:		<none>
Multiparts:		<none>
Body:			<none>
Request method:	GET
Request URI:	https://petstore.swagger.io:443/v2/pet/638937
Proxy:			<none>
Request params:	<none>
Query params:	<none>
Form params:	<none>
Path params:	petId=638937
Headers:		Accept=*/*
Cookies:		<none>
Multiparts:		<none>
Body:			<none>
Request method:	GET
Request URI:	https://petstore.swagger.io:443/v2/pet/638937
Proxy:			<none>
Request params:	<none>
Query params:	<none>
Form params:	<none>
Path params:	petId=638937
Headers:		Accept=*/*
Cookies:		<none>
Multiparts:		<none>
Body:			<none>
Request method:	GET
Request URI:	https://petstore.swagger.io:443/v2/pet/638937
Proxy:			<none>
Request params:	<none>
Query params:	<none>
Form params:	<none>
Path params:	petId=638937
Headers:		Accept=*/*
Cookies:		<none>
Multiparts:		<none>
Body:			<none>
Request method:	GET
Request URI:	https://petstore.swagger.io:443/v2/pet/638937
Proxy:			<none>
Request params:	<none>
Query params:	<none>
Form params:	<none>
Path params:	petId=638937
Headers:		Accept=*/*
Cookies:		<none>
Multiparts:		<none>
Body:			<none>
Request method:	GET
Request URI:	https://petstore.swagger.io:443/v2/pet/638937
Proxy:			<none>
Request params:	<none>
Query params:	<none>
Form params:	<none>
Path params:	petId=638937
Headers:		Accept=*/*
Cookies:		<none>
Multiparts:		<none>
Body:			<none>
HTTP/1.1 404 Not Found
Date: Mon, 07 Sep 2026 02:37:00 GMT
Content-Type: application/json
Transfer-Encoding: chunked
Connection: keep-alive
Access-Control-Allow-Origin: *
Access-Control-Allow-Methods: GET, POST, DELETE, PUT
Access-Control-Allow-Headers: Content-Type, api_key, Authorization
Server: Jetty(9.2.9.v20150224)

{
    "code": 1,
    "type": "error",
    "message": "Pet not found"
}
HTTP/1.1 404 Not Found
Date: Mon, 07 Sep 2026 02:37:00 GMT
Content-Type: application/json
Transfer-Encoding: chunked
Connection: keep-alive
Access-Control-Allow-Origin: *
Access-Control-Allow-Methods: GET, POST, DELETE, PUT
Access-Control-Allow-Headers: Content-Type, api_key, Authorization
Server: Jetty(9.2.9.v20150224)

{
    "code": 1,
    "type": "error",
    "message": "Pet not found"
}
HTTP/1.1 404 Not Found
Date: Mon, 07 Sep 2026 02:37:00 GMT
Content-Type: application/json
Transfer-Encoding: chunked
Connection: keep-alive
Access-Control-Allow-Origin: *
Access-Control-Allow-Methods: GET, POST, DELETE, PUT
Access-Control-Allow-Headers: Content-Type, api_key, Authorization
Server: Jetty(9.2.9.v20150224)

{
    "code": 1,
    "type": "error",
    "message": "Pet not found"
}
HTTP/1.1 404 Not Found
Date: Mon, 07 Sep 2026 02:37:00 GMT
Content-Type: application/json
Transfer-Encoding: chunked
Connection: keep-alive
Access-Control-Allow-Origin: *
Access-Control-Allow-Methods: GET, POST, DELETE, PUT
Access-Control-Allow-Headers: Content-Type, api_key, Authorization
Server: Jetty(9.2.9.v20150224)

{
    "code": 1,
    "type": "error",
    "message": "Pet not found"
}
HTTP/1.1 404 Not Found
Date: Mon, 07 Sep 2026 02:37:00 GMT
Content-Type: application/json
Transfer-Encoding: chunked
Connection: keep-alive
Access-Control-Allow-Origin: *
Access-Control-Allow-Methods: GET, POST, DELETE, PUT
Access-Control-Allow-Headers: Content-Type, api_key, Authorization
Server: Jetty(9.2.9.v20150224)

{
    "code": 1,
    "type": "error",
    "message": "Pet not found"
}
HTTP/1.1 404 Not Found
Date: Mon, 07 Sep 2026 02:37:00 GMT
Content-Type: application/json
Transfer-Encoding: chunked
Connection: keep-alive
Access-Control-Allow-Origin: *
Access-Control-Allow-Methods: GET, POST, DELETE, PUT
Access-Control-Allow-Headers: Content-Type, api_key, Authorization
Server: Jetty(9.2.9.v20150224)

{
    "code": 1,
    "type": "error",
    "message": "Pet not found"
}
HTTP/1.1 404 Not Found
Date: Mon, 07 Sep 2026 02:37:00 GMT
Content-Type: application/json
Transfer-Encoding: chunked
Connection: keep-alive
Access-Control-Allow-Origin: *
Access-Control-Allow-Methods: GET, POST, DELETE, PUT
Access-Control-Allow-Headers: Content-Type, api_key, Authorization
Server: Jetty(9.2.9.v20150224)

{
    "code": 1,
    "type": "error",
    "message": "Pet not found"
}
HTTP/1.1 404 Not Found
Date: Mon, 07 Sep 2026 02:37:00 GMT
Content-Type: application/json
Transfer-Encoding: chunked
Connection: keep-alive
Access-Control-Allow-Origin: *
Access-Control-Allow-Methods: GET, POST, DELETE, PUT
Access-Control-Allow-Headers: Content-Type, api_key, Authorization
Server: Jetty(9.2.9.v20150224)

{
    "code": 1,
    "type": "error",
    "message": "Pet not found"
}
  &amp#27;[32mThen &amp#27;[0m&amp#27;[32mla mascota deja de existir&amp#27;[0m         &amp#27;[90m# steps.PetSteps.laMascotaDejaDeExistir()&amp#27;[0m
]]></system-out>
  </testcase>
</testsuite>